[DEBUG] 2020-07-30 13:38:34 [http-nio-10001-exec-7] o.s.web.servlet.DispatcherServlet - GET "/addr-service/timezone?provider=Baidu&addrOrLocation=25.100692142290903,105.44491476761924", parameters={masked}
[DEBUG] 2020-07-30 13:38:34 [http-nio-10001-exec-7] o.s.w.s.m.m.a.RequestMappingHandlerMapping - Mapped to public com.kingdee.inte.teamwork.common.ViewResult<java.lang.String> com.kingdee.inte.teamwork.web.controller.AddrServiceController.getTimezone(java.lang.String,java.lang.String)
[DEBUG] 2020-07-30 13:38:34 [http-nio-10001-exec-7] o.a.h.c.protocol.RequestAddCookies - CookieSpec selected: default
[DEBUG] 2020-07-30 13:38:34 [http-nio-10001-exec-7] o.a.h.c.protocol.RequestAuthCache - Auth cache not set in the context
[DEBUG] 2020-07-30 13:38:34 [http-nio-10001-exec-7] o.a.h.i.c.PoolingHttpClientConnectionManager - Connection request: [route: {}->http://api.map.baidu.com:80][total kept alive: 1; route allocated: 1 of 10; total allocated: 1 of 100]
[DEBUG] 2020-07-30 13:38:34 [http-nio-10001-exec-7] org.apache.http.wire - http-outgoing-20 << "end of stream"
[DEBUG] 2020-07-30 13:38:34 [http-nio-10001-exec-7] o.a.h.i.c.DefaultManagedHttpClientConnection - http-outgoing-20: Close connection
[DEBUG] 2020-07-30 13:38:34 [http-nio-10001-exec-7] o.a.h.i.c.PoolingHttpClientConnectionManager - Connection leased: [id: 21][route: {}->http://api.map.baidu.com:80][total kept alive: 0; route allocated: 1 of 10; total allocated: 1 of 100]
[DEBUG] 2020-07-30 13:38:34 [http-nio-10001-exec-7] o.a.h.impl.execchain.MainClientExec - Opening connection {}->http://api.map.baidu.com:80
[DEBUG] 2020-07-30 13:38:34 [http-nio-10001-exec-7] o.a.h.i.c.DefaultHttpClientConnectionOperator - Connecting to api.map.baidu.com/220.181.43.101:80
[DEBUG] 2020-07-30 13:38:34 [http-nio-10001-exec-7] o.a.h.i.c.DefaultHttpClientConnectionOperator - Connection established 172.27.160.167:57659<->220.181.43.101:80
[DEBUG] 2020-07-30 13:38:34 [http-nio-10001-exec-7] o.a.h.impl.execchain.MainClientExec - Executing request GET /timezone/v1?output=json&location=25.100692142290903,105.44491476761924&ak=ZgFLu2sUXZjEZHQkViRN8Exu7vjzqI03&timestamp=1596176514 HTTP/1.1
[DEBUG] 2020-07-30 13:38:34 [http-nio-10001-exec-7] o.a.h.impl.execchain.MainClientExec - Target auth state: UNCHALLENGED
[DEBUG] 2020-07-30 13:38:34 [http-nio-10001-exec-7] o.a.h.impl.execchain.MainClientExec - Proxy auth state: UNCHALLENGED
[DEBUG] 2020-07-30 13:38:34 [http-nio-10001-exec-7] org.apache.http.headers - http-outgoing-21 >> GET /timezone/v1?output=json&location=25.100692142290903,105.44491476761924&ak=ZgFLu2sUXZjEZHQkViRN8Exu7vjzqI03&timestamp=1596176514 HTTP/1.1
[DEBUG] 2020-07-30 13:38:34 [http-nio-10001-exec-7] org.apache.http.headers - http-outgoing-21 >> Host: api.map.baidu.com
[DEBUG] 2020-07-30 13:38:34 [http-nio-10001-exec-7] org.apache.http.headers - http-outgoing-21 >> Connection: Keep-Alive
[DEBUG] 2020-07-30 13:38:34 [http-nio-10001-exec-7] org.apache.http.headers - http-outgoing-21 >> User-Agent: Apache-HttpClient/4.5.7 (Java/1.8.0_241)
[DEBUG] 2020-07-30 13:38:34 [http-nio-10001-exec-7] org.apache.http.headers - http-outgoing-21 >> Accept-Encoding: gzip,deflate
[DEBUG] 2020-07-30 13:38:34 [http-nio-10001-exec-7] org.apache.http.wire - http-outgoing-21 >> "GET /timezone/v1?output=json&location=25.100692142290903,105.44491476761924&ak=ZgFLu2sUXZjEZHQkViRN8Exu7vjzqI03&timestamp=1596176514 HTTP/1.1[\r][\n]"
[DEBUG] 2020-07-30 13:38:34 [http-nio-10001-exec-7] org.apache.http.wire - http-outgoing-21 >> "Host: api.map.baidu.com[\r][\n]"
[DEBUG] 2020-07-30 13:38:34 [http-nio-10001-exec-7] org.apache.http.wire - http-outgoing-21 >> "Connection: Keep-Alive[\r][\n]"
[DEBUG] 2020-07-30 13:38:34 [http-nio-10001-exec-7] org.apache.http.wire - http-outgoing-21 >> "User-Agent: Apache-HttpClient/4.5.7 (Java/1.8.0_241)[\r][\n]"
[DEBUG] 2020-07-30 13:38:34 [http-nio-10001-exec-7] org.apache.http.wire - http-outgoing-21 >> "Accept-Encoding: gzip,deflate[\r][\n]"
[DEBUG] 2020-07-30 13:38:34 [http-nio-10001-exec-7] org.apache.http.wire - http-outgoing-21 >> "[\r][\n]"
[DEBUG] 2020-07-30 13:38:34 [http-nio-10001-exec-7] org.apache.http.wire - http-outgoing-21 << "HTTP/1.1 200 OK[\r][\n]"
[DEBUG] 2020-07-30 13:38:34 [http-nio-10001-exec-7] org.apache.http.wire - http-outgoing-21 << "Cache-Control: max-age=86400[\r][\n]"
[DEBUG] 2020-07-30 13:38:34 [http-nio-10001-exec-7] org.apache.http.wire - http-outgoing-21 << "Connection: keep-alive[\r][\n]"
[DEBUG] 2020-07-30 13:38:34 [http-nio-10001-exec-7] org.apache.http.wire - http-outgoing-21 << "Content-Encoding: gzip[\r][\n]"
[DEBUG] 2020-07-30 13:38:34 [http-nio-10001-exec-7] org.apache.http.wire - http-outgoing-21 << "Content-Length: 85[\r][\n]"
[DEBUG] 2020-07-30 13:38:34 [http-nio-10001-exec-7] org.apache.http.wire - http-outgoing-21 << "Content-Type: application/json;charset=utf-8[\r][\n]"
[DEBUG] 2020-07-30 13:38:34 [http-nio-10001-exec-7] org.apache.http.wire - http-outgoing-21 << "Date: Fri, 31 Jul 2020 06:21:55 GMT[\r][\n]"
[DEBUG] 2020-07-30 13:38:34 [http-nio-10001-exec-7] org.apache.http.wire - http-outgoing-21 << "Expires: Sat, 01 Aug 2020 06:21:55 GMT[\r][\n]"
[DEBUG] 2020-07-30 13:38:34 [http-nio-10001-exec-7] org.apache.http.wire - http-outgoing-21 << "Http_x_bd_logid: 1315421894[\r][\n]"
[DEBUG] 2020-07-30 13:38:34 [http-nio-10001-exec-7] org.apache.http.wire - http-outgoing-21 << "Http_x_bd_logid64: 1315421330583636490[\r][\n]"
[DEBUG] 2020-07-30 13:38:34 [http-nio-10001-exec-7] org.apache.http.wire - http-outgoing-21 << "Http_x_bd_product: map[\r][\n]"
[DEBUG] 2020-07-30 13:38:34 [http-nio-10001-exec-7] org.apache.http.wire - http-outgoing-21 << "Http_x_bd_subsys: apimap[\r][\n]"
[DEBUG] 2020-07-30 13:38:34 [http-nio-10001-exec-7] org.apache.http.wire - http-outgoing-21 << "Remote_addr: 10.229.102.149[\r][\n]"
[DEBUG] 2020-07-30 13:38:34 [http-nio-10001-exec-7] org.apache.http.wire - http-outgoing-21 << "Server: apache[\r][\n]"
[DEBUG] 2020-07-30 13:38:34 [http-nio-10001-exec-7] org.apache.http.wire - http-outgoing-21 << "[\r][\n]"
[DEBUG] 2020-07-30 13:38:34 [http-nio-10001-exec-7] org.apache.http.wire - http-outgoing-21 << "[0x1f][0x8b][0x8][0x0][0x0][0x0][0x0][0x0][0x0][0x3][0xab]V*.I,)-V[0xb2]2[0xd0]Q*[0xc9][0xcc]M[0xad][0xca][0xcf]K[0x8d][0xcf]LQ[0xb2]Rr,[0xce]L[0xd4][0xf][0xce]H[0xcc]K[0xcf]H[0xcc]T[0xd2]QJ).[0x89][0xcf]OK+N-[0x1]+.J,[0x87]s[0x8d],,[0xc][0xc]j[0x1][0x95][0x9c][0xe8]mL[0x0][0x0][0x0]"
[DEBUG] 2020-07-30 13:38:34 [http-nio-10001-exec-7] org.apache.http.headers - http-outgoing-21 << HTTP/1.1 200 OK
[DEBUG] 2020-07-30 13:38:34 [http-nio-10001-exec-7] org.apache.http.headers - http-outgoing-21 << Cache-Control: max-age=86400
[DEBUG] 2020-07-30 13:38:34 [http-nio-10001-exec-7] org.apache.http.headers - http-outgoing-21 << Connection: keep-alive
[DEBUG] 2020-07-30 13:38:34 [http-nio-10001-exec-7] org.apache.http.headers - http-outgoing-21 << Content-Encoding: gzip
[DEBUG] 2020-07-30 13:38:34 [http-nio-10001-exec-7] org.apache.http.headers - http-outgoing-21 << Content-Length: 85
[DEBUG] 2020-07-30 13:38:34 [http-nio-10001-exec-7] org.apache.http.headers - http-outgoing-21 << Content-Type: application/json;charset=utf-8
[DEBUG] 2020-07-30 13:38:34 [http-nio-10001-exec-7] org.apache.http.headers - http-outgoing-21 << Date: Fri, 31 Jul 2020 06:21:55 GMT
[DEBUG] 2020-07-30 13:38:34 [http-nio-10001-exec-7] org.apache.http.headers - http-outgoing-21 << Expires: Sat, 01 Aug 2020 06:21:55 GMT
[DEBUG] 2020-07-30 13:38:34 [http-nio-10001-exec-7] org.apache.http.headers - http-outgoing-21 << Http_x_bd_logid: 1315421894
[DEBUG] 2020-07-30 13:38:34 [http-nio-10001-exec-7] org.apache.http.headers - http-outgoing-21 << Http_x_bd_logid64: 1315421330583636490
[DEBUG] 2020-07-30 13:38:34 [http-nio-10001-exec-7] org.apache.http.headers - http-outgoing-21 << Http_x_bd_product: map
[DEBUG] 2020-07-30 13:38:34 [http-nio-10001-exec-7] org.apache.http.headers - http-outgoing-21 << Http_x_bd_subsys: apimap
[DEBUG] 2020-07-30 13:38:34 [http-nio-10001-exec-7] org.apache.http.headers - http-outgoing-21 << Remote_addr: 10.229.102.149
[DEBUG] 2020-07-30 13:38:34 [http-nio-10001-exec-7] org.apache.http.headers - http-outgoing-21 << Server: apache
[DEBUG] 2020-07-30 13:38:34 [http-nio-10001-exec-7] o.a.h.impl.execchain.MainClientExec - Connection can be kept alive indefinitely
[DEBUG] 2020-07-30 13:38:34 [http-nio-10001-exec-7] o.a.h.i.c.PoolingHttpClientConnectionManager - Connection [id: 21][route: {}->http://api.map.baidu.com:80] can be kept alive indefinitely
[DEBUG] 2020-07-30 13:38:34 [http-nio-10001-exec-7] o.a.h.i.c.DefaultManagedHttpClientConnection - http-outgoing-21: set socket timeout to 0
[DEBUG] 2020-07-30 13:38:34 [http-nio-10001-exec-7] o.a.h.i.c.PoolingHttpClientConnectionManager - Connection released: [id: 21][route: {}->http://api.map.baidu.com:80][total kept alive: 1; route allocated: 1 of 10; total allocated: 1 of 100]
[DEBUG] 2020-07-30 13:38:34 [http-nio-10001-exec-7] o.s.w.s.m.m.a.RequestResponseBodyMethodProcessor - Using 'application/json;charset=UTF-8', given [application/json, text/plain, */*] and supported [application/json, application/json;charset=UTF-8, application/atom+xml, application/x-www-form-urlencoded, application/octet-stream, application/pdf, application/rss+xml, application/xhtml+xml, application/xml, image/gif, image/jpeg, image/png, text/event-stream, text/html, text/markdown, text/plain, text/xml]
[DEBUG] 2020-07-30 13:38:34 [http-nio-10001-exec-7] o.s.w.s.m.m.a.RequestResponseBodyMethodProcessor - Writing [com.kingdee.inte.teamwork.common.ViewResult@58b729cf]
[DEBUG] 2020-07-30 13:38:34 [http-nio-10001-exec-7] o.s.web.servlet.DispatcherServlet - Completed 200 OK
[DEBUG] 2020-07-30 13:38:34 [http-nio-10001-exec-1] o.s.web.servlet.DispatcherServlet - GET "/addr-service/position?provider=Baidu&ip=", parameters={masked}
[DEBUG] 2020-07-30 13:38:34 [http-nio-10001-exec-1] o.s.w.s.m.m.a.RequestMappingHandlerMapping - Mapped to public com.kingdee.inte.teamwork.common.ViewResult<java.lang.String> com.kingdee.inte.teamwork.web.controller.AddrServiceController.getPosition(java.lang.String,java.lang.String)
[DEBUG] 2020-07-30 13:38:34 [http-nio-10001-exec-1] o.a.h.c.protocol.RequestAddCookies - CookieSpec selected: default
[DEBUG] 2020-07-30 13:38:34 [http-nio-10001-exec-1] o.a.h.c.protocol.RequestAuthCache - Auth cache not set in the context
[DEBUG] 2020-07-30 13:38:34 [http-nio-10001-exec-1] o.a.h.i.c.PoolingHttpClientConnectionManager - Connection request: [route: {}->http://api.map.baidu.com:80][total kept alive: 1; route allocated: 1 of 10; total allocated: 1 of 100]
[DEBUG] 2020-07-30 13:38:34 [http-nio-10001-exec-1] org.apache.http.wire - http-outgoing-21 << "[read] I/O error: Read timed out"
[DEBUG] 2020-07-30 13:38:34 [http-nio-10001-exec-1] o.a.h.i.c.PoolingHttpClientConnectionManager - Connection leased: [id: 21][route: {}->http://api.map.baidu.com:80][total kept alive: 0; route allocated: 1 of 10; total allocated: 1 of 100]
[DEBUG] 2020-07-30 13:38:34 [http-nio-10001-exec-1] o.a.h.i.c.DefaultManagedHttpClientConnection - http-outgoing-21: set socket timeout to 0
[DEBUG] 2020-07-30 13:38:34 [http-nio-10001-exec-1] o.a.h.impl.execchain.MainClientExec - Executing request GET /location/ip?ip=&ak=ZgFLu2sUXZjEZHQkViRN8Exu7vjzqI03 HTTP/1.1
[DEBUG] 2020-07-30 13:38:34 [http-nio-10001-exec-1] o.a.h.impl.execchain.MainClientExec - Target auth state: UNCHALLENGED
[DEBUG] 2020-07-30 13:38:34 [http-nio-10001-exec-1] o.a.h.impl.execchain.MainClientExec - Proxy auth state: UNCHALLENGED
[DEBUG] 2020-07-30 13:38:34 [http-nio-10001-exec-1] org.apache.http.headers - http-outgoing-21 >> GET /location/ip?ip=&ak=ZgFLu2sUXZjEZHQkViRN8Exu7vjzqI03 HTTP/1.1
[DEBUG] 2020-07-30 13:38:34 [http-nio-10001-exec-1] org.apache.http.headers - http-outgoing-21 >> Host: api.map.baidu.com
[DEBUG] 2020-07-30 13:38:34 [http-nio-10001-exec-1] org.apache.http.headers - http-outgoing-21 >> Connection: Keep-Alive
[DEBUG] 2020-07-30 13:38:34 [http-nio-10001-exec-1] org.apache.http.headers - http-outgoing-21 >> User-Agent: Apache-HttpClient/4.5.7 (Java/1.8.0_241)
[DEBUG] 2020-07-30 13:38:34 [http-nio-10001-exec-1] org.apache.http.headers - http-outgoing-21 >> Accept-Encoding: gzip,deflate
[DEBUG] 2020-07-30 13:38:34 [http-nio-10001-exec-1] org.apache.http.wire - http-outgoing-21 >> "GET /location/ip?ip=&ak=ZgFLu2sUXZjEZHQkViRN8Exu7vjzqI03 HTTP/1.1[\r][\n]"
[DEBUG] 2020-07-30 13:38:34 [http-nio-10001-exec-1] org.apache.http.wire - http-outgoing-21 >> "Host: api.map.baidu.com[\r][\n]"
[DEBUG] 2020-07-30 13:38:34 [http-nio-10001-exec-1] org.apache.http.wire - http-outgoing-21 >> "Connection: Keep-Alive[\r][\n]"
[DEBUG] 2020-07-30 13:38:34 [http-nio-10001-exec-1] org.apache.http.wire - http-outgoing-21 >> "User-Agent: Apache-HttpClient/4.5.7 (Java/1.8.0_241)[\r][\n]"
[DEBUG] 2020-07-30 13:38:34 [http-nio-10001-exec-1] org.apache.http.wire - http-outgoing-21 >> "Accept-Encoding: gzip,deflate[\r][\n]"
[DEBUG] 2020-07-30 13:38:34 [http-nio-10001-exec-1] org.apache.http.wire - http-outgoing-21 >> "[\r][\n]"
[DEBUG] 2020-07-30 13:38:34 [http-nio-10001-exec-1] org.apache.http.wire - http-outgoing-21 << "HTTP/1.1 200 OK[\r][\n]"
[DEBUG] 2020-07-30 13:38:34 [http-nio-10001-exec-1] org.apache.http.wire - http-outgoing-21 << "Cache-Control: max-age=86400[\r][\n]"
[DEBUG] 2020-07-30 13:38:34 [http-nio-10001-exec-1] org.apache.http.wire - http-outgoing-21 << "Connection: keep-alive[\r][\n]"
[DEBUG] 2020-07-30 13:38:34 [http-nio-10001-exec-1] org.apache.http.wire - http-outgoing-21 << "Content-Encoding: gzip[\r][\n]"
[DEBUG] 2020-07-30 13:38:34 [http-nio-10001-exec-1] org.apache.http.wire - http-outgoing-21 << "Content-Length: 193[\r][\n]"
[DEBUG] 2020-07-30 13:38:34 [http-nio-10001-exec-1] org.apache.http.wire - http-outgoing-21 << "Content-Type: application/json;charset=utf-8[\r][\n]"
[DEBUG] 2020-07-30 13:38:34 [http-nio-10001-exec-1] org.apache.http.wire - http-outgoing-21 << "Date: Fri, 31 Jul 2020 06:22:00 GMT[\r][\n]"
[DEBUG] 2020-07-30 13:38:34 [http-nio-10001-exec-1] org.apache.http.wire - http-outgoing-21 << "Expires: Sat, 01 Aug 2020 06:22:00 GMT[\r][\n]"
[DEBUG] 2020-07-30 13:38:34 [http-nio-10001-exec-1] org.apache.http.wire - http-outgoing-21 << "Http_x_bd_logid: 1320235405[\r][\n]"
[DEBUG] 2020-07-30 13:38:34 [http-nio-10001-exec-1] org.apache.http.wire - http-outgoing-21 << "Http_x_bd_logid64: 1320235940337416202[\r][\n]"
[DEBUG] 2020-07-30 13:38:34 [http-nio-10001-exec-1] org.apache.http.wire - http-outgoing-21 << "Http_x_bd_product: map[\r][\n]"
[DEBUG] 2020-07-30 13:38:34 [http-nio-10001-exec-1] org.apache.http.wire - http-outgoing-21 << "Http_x_bd_subsys: apimap[\r][\n]"
[DEBUG] 2020-07-30 13:38:34 [http-nio-10001-exec-1] org.apache.http.wire - http-outgoing-21 << "P3p: CP=" OTI DSP COR IVA OUR IND COM "[\r][\n]"
[DEBUG] 2020-07-30 13:38:34 [http-nio-10001-exec-1] org.apache.http.wire - http-outgoing-21 << "Remote_addr: 10.229.102.149[\r][\n]"
[DEBUG] 2020-07-30 13:38:34 [http-nio-10001-exec-1] org.apache.http.wire - http-outgoing-21 << "Server: apache[\r][\n]"
[DEBUG] 2020-07-30 13:38:34 [http-nio-10001-exec-1] org.apache.http.wire - http-outgoing-21 << "Set-Cookie: BAIDUID=0F1F6D6E2E44F3E68CDD70D23F7B7406:FG=1; expires=Sat, 31-Jul-21 06:22:00 GMT; max-age=31536000; path=/; domain=.baidu.com; version=1[\r][\n]"
[DEBUG] 2020-07-30 13:38:34 [http-nio-10001-exec-1] org.apache.http.wire - http-outgoing-21 << "Tracecode: 13202354052353586954073114[\r][\n]"
[DEBUG] 2020-07-30 13:38:34 [http-nio-10001-exec-1] org.apache.http.wire - http-outgoing-21 << "[\r][\n]"
[DEBUG] 2020-07-30 13:38:34 [http-nio-10001-exec-1] org.apache.http.wire - http-outgoing-21 << "[0x1f][0x8b][0x8][0x0][0x0][0x0][0x0][0x0][0x0][0x3]u[0x8f]K[0xb][0x83]0[0x10][0x84][0xff][0xcb][0x9e]E[0x12][0x1f][0xf5]q+Rh/9[0xf5]([0x88]M[0xf6][0x10]h[0x13][0xd1][0xa4][0xb4]h[0xfe]{[0x13][0xa4][0xa0][0xd0][0xde]fg[0xd8]ovg[0xe8][0x85][0x18]q[0x9a][0xa0][0x86][0x86]-[0xad][0xcd]SZ[0xb4]6[0xc3][0x9e][0xef][0x7][0xa6][0x15].[0xcd][0xf9][0xc2][0x8e][0xec]t][0xc8]B [0x2][0xae][0x95]Ae[0xa0][0x9e][0xbf][0x94]N[0xa0][0xe9][0xe5]=8[0xc3][0xa8][0x9f]Rq[0xf4][0xe0]-[0xc8]k$IX[0x96][0xe6][0xfd]/[0x13]r2[0xa3][0xe4][0x9e][0xc]~[0xf2][0x1a]q[0xa7];e[0x1f]7[0x1c]W+[0x80]:[0xae][0x85]o[0xa2])u[0xd1][0xe6][0xa3][0x9f][0xf0]A[0xcb][0xf5][0xe6]P[0x9f][0x95]I^[0x91]".B[0xf2][0xf2][0x6]M[0xaa][0xbc][0xa4][0x7][0x12]W[0x5]8[0x17][\n]"
[DEBUG] 2020-07-30 13:38:34 [http-nio-10001-exec-1] org.apache.http.wire - http-outgoing-21 << "{c=[0x8b][0xb8][0xf]7[0xd3][0xef]<+[0x1][0x0][0x0]"
[DEBUG] 2020-07-30 13:38:34 [http-nio-10001-exec-1] org.apache.http.headers - http-outgoing-21 << HTTP/1.1 200 OK
[DEBUG] 2020-07-30 13:38:34 [http-nio-10001-exec-1] org.apache.http.headers - http-outgoing-21 << Cache-Control: max-age=86400
[DEBUG] 2020-07-30 13:38:34 [http-nio-10001-exec-1] org.apache.http.headers - http-outgoing-21 << Connection: keep-alive
[DEBUG] 2020-07-30 13:38:34 [http-nio-10001-exec-1] org.apache.http.headers - http-outgoing-21 << Content-Encoding: gzip
[DEBUG] 2020-07-30 13:38:34 [http-nio-10001-exec-1] org.apache.http.headers - http-outgoing-21 << Content-Length: 193
[DEBUG] 2020-07-30 13:38:34 [http-nio-10001-exec-1] org.apache.http.headers - http-outgoing-21 << Content-Type: application/json;charset=utf-8
[DEBUG] 2020-07-30 13:38:34 [http-nio-10001-exec-1] org.apache.http.headers - http-outgoing-21 << Date: Fri, 31 Jul 2020 06:22:00 GMT
[DEBUG] 2020-07-30 13:38:34 [http-nio-10001-exec-1] org.apache.http.headers - http-outgoing-21 << Expires: Sat, 01 Aug 2020 06:22:00 GMT
[DEBUG] 2020-07-30 13:38:34 [http-nio-10001-exec-1] org.apache.http.headers - http-outgoing-21 << Http_x_bd_logid: 1320235405
[DEBUG] 2020-07-30 13:38:34 [http-nio-10001-exec-1] org.apache.http.headers - http-outgoing-21 << Http_x_bd_logid64: 1320235940337416202
[DEBUG] 2020-07-30 13:38:34 [http-nio-10001-exec-1] org.apache.http.headers - http-outgoing-21 << Http_x_bd_product: map
[DEBUG] 2020-07-30 13:38:34 [http-nio-10001-exec-1] org.apache.http.headers - http-outgoing-21 << Http_x_bd_subsys: apimap
[DEBUG] 2020-07-30 13:38:34 [http-nio-10001-exec-1] org.apache.http.headers - http-outgoing-21 << P3p: CP=" OTI DSP COR IVA OUR IND COM "
[DEBUG] 2020-07-30 13:38:34 [http-nio-10001-exec-1] org.apache.http.headers - http-outgoing-21 << Remote_addr: 10.229.102.149
[DEBUG] 2020-07-30 13:38:34 [http-nio-10001-exec-1] org.apache.http.headers - http-outgoing-21 << Server: apache
[DEBUG] 2020-07-30 13:38:34 [http-nio-10001-exec-1] org.apache.http.headers - http-outgoing-21 << Set-Cookie: BAIDUID=0F1F6D6E2E44F3E68CDD70D23F7B7406:FG=1; expires=Sat, 31-Jul-21 06:22:00 GMT; max-age=31536000; path=/; domain=.baidu.com; version=1
[DEBUG] 2020-07-30 13:38:34 [http-nio-10001-exec-1] org.apache.http.headers - http-outgoing-21 << Tracecode: 13202354052353586954073114
[DEBUG] 2020-07-30 13:38:34 [http-nio-10001-exec-1] o.a.h.impl.execchain.MainClientExec - Connection can be kept alive indefinitely
[DEBUG] 2020-07-30 13:38:34 [http-nio-10001-exec-1] o.a.h.c.p.ResponseProcessCookies - Cookie accepted [BAIDUID="0F1F6D6E2E44F3E68CDD70D23F7B7406:FG=1", version:0, domain:baidu.com, path:/, expiry:Sat Jul 31 14:22:00 CST 2021]
[DEBUG] 2020-07-30 13:38:34 [http-nio-10001-exec-1] o.a.h.i.c.PoolingHttpClientConnectionManager - Connection [id: 21][route: {}->http://api.map.baidu.com:80] can be kept alive indefinitely
[DEBUG] 2020-07-30 13:38:34 [http-nio-10001-exec-1] o.a.h.i.c.DefaultManagedHttpClientConnection - http-outgoing-21: set socket timeout to 0
[DEBUG] 2020-07-30 13:38:34 [http-nio-10001-exec-1] o.a.h.i.c.PoolingHttpClientConnectionManager - Connection released: [id: 21][route: {}->http://api.map.baidu.com:80][total kept alive: 1; route allocated: 1 of 10; total allocated: 1 of 100]
[DEBUG] 2020-07-30 13:38:34 [http-nio-10001-exec-1] o.s.w.s.m.m.a.RequestResponseBodyMethodProcessor - Using 'application/json;charset=UTF-8', given [application/json, text/plain, */*] and supported [application/json, application/json;charset=UTF-8, application/atom+xml, application/x-www-form-urlencoded, application/octet-stream, application/pdf, application/rss+xml, application/xhtml+xml, application/xml, image/gif, image/jpeg, image/png, text/event-stream, text/html, text/markdown, text/plain, text/xml]
[DEBUG] 2020-07-30 13:38:34 [http-nio-10001-exec-1] o.s.w.s.m.m.a.RequestResponseBodyMethodProcessor - Writing [com.kingdee.inte.teamwork.common.ViewResult@6884af70]
[DEBUG] 2020-07-30 13:38:34 [http-nio-10001-exec-1] o.s.web.servlet.DispatcherServlet - Completed 200 OK
[DEBUG] 2020-07-30 13:38:34 [Thread-45] o.s.b.w.s.c.AnnotationConfigServletWebServerApplicationContext - Closing org.springframework.boot.web.servlet.context.AnnotationConfigServletWebServerApplicationContext@654c1a54, started on Thu Jul 30 13:38:35 CST 2020
[DEBUG] 2020-07-30 13:38:34 [Thread-45] o.s.c.e.PropertySourcesPropertyResolver - Found key 'spring.liveBeansView.mbeanDomain' in PropertySource 'systemProperties' with value of type String
[DEBUG] 2020-07-30 13:38:34 [Thread-45] o.s.j.e.a.AnnotationMBeanExporter - Unregistering JMX-exposed beans on shutdown
[DEBUG] 2020-07-30 13:38:34 [Thread-45] o.s.j.e.a.AnnotationMBeanExporter - Unregistering JMX-exposed beans
