[DEBUG] 2020-07-13 09:25:45 [main] o.s.b.c.l.ClasspathLoggingApplicationListener - Application started with classpath: [file:/C:/Users/Administrator/AppData/Local/Temp/surefire8588779771544924417/surefirebooter1890942361462438778.jar]
[DEBUG] 2020-07-13 09:25:45 [main] c.k.inte.teamwork.ApplicationTests - Running with Spring Boot v2.1.3.RELEASE, Spring v5.1.5.RELEASE
[DEBUG] 2020-07-13 09:25:45 [main] o.s.boot.SpringApplication - Loading source class com.kingdee.inte.teamwork.Application
[DEBUG] 2020-07-13 09:25:45 [main] o.s.b.c.c.ConfigFileApplicationListener - Activated activeProfiles dev
[DEBUG] 2020-07-13 09:25:45 [main] o.s.b.c.c.ConfigFileApplicationListener - Loaded config file 'file:/E:/ideaWorkspace/teamwork/target/classes/application.yml' (classpath:/application.yml)
[DEBUG] 2020-07-13 09:25:45 [main] o.s.b.c.c.ConfigFileApplicationListener - Loaded config file 'file:/E:/ideaWorkspace/teamwork/target/classes/application-dev.yml' (classpath:/application-dev.yml) for profile dev
[DEBUG] 2020-07-13 09:25:45 [main] o.s.w.c.s.GenericWebApplicationContext - Refreshing org.springframework.web.context.support.GenericWebApplicationContext@26df6e3a
[DEBUG] 2020-07-13 09:25:45 [main] o.s.b.f.s.DefaultListableBeanFactory - Creating shared instance of singleton bean 'org.springframework.context.annotation.internalConfigurationAnnotationProcessor'
[DEBUG] 2020-07-13 09:25:45 [main] o.s.b.f.s.DefaultListableBeanFactory - Creating shared instance of singleton bean 'org.springframework.boot.autoconfigure.internalCachingMetadataReaderFactory'
[DEBUG] 2020-07-13 09:25:45 [main] o.s.c.a.ClassPathBeanDefinitionScanner - Identified candidate component class: file [E:\ideaWorkspace\teamwork\target\classes\com\kingdee\inte\teamwork\config\MasterDataSourceConfig.class]
[DEBUG] 2020-07-13 09:25:45 [main] o.s.c.a.ClassPathBeanDefinitionScanner - Identified candidate component class: file [E:\ideaWorkspace\teamwork\target\classes\com\kingdee\inte\teamwork\config\WebConfig.class]
[DEBUG] 2020-07-13 09:25:45 [main] o.s.c.a.ClassPathBeanDefinitionScanner - Identified candidate component class: file [E:\ideaWorkspace\teamwork\target\classes\com\kingdee\inte\teamwork\service\impl\CodeSubmitListServiceImpl.class]
[DEBUG] 2020-07-13 09:25:45 [main] o.s.c.a.ClassPathBeanDefinitionScanner - Identified candidate component class: file [E:\ideaWorkspace\teamwork\target\classes\com\kingdee\inte\teamwork\service\impl\DemoServiceImpl.class]
[DEBUG] 2020-07-13 09:25:45 [main] o.s.c.a.ClassPathBeanDefinitionScanner - Identified candidate component class: file [E:\ideaWorkspace\teamwork\target\classes\com\kingdee\inte\teamwork\web\controller\CodeSubmitListController.class]
[DEBUG] 2020-07-13 09:25:45 [main] o.s.c.a.ClassPathBeanDefinitionScanner - Identified candidate component class: file [E:\ideaWorkspace\teamwork\target\classes\com\kingdee\inte\teamwork\web\controller\DemoController.class]
[DEBUG] 2020-07-13 09:25:45 [main] o.s.c.a.ClassPathBeanDefinitionScanner - Identified candidate component class: file [E:\ideaWorkspace\teamwork\target\classes\com\kingdee\inte\teamwork\web\controller\IndexController.class]
[DEBUG] 2020-07-13 09:25:45 [main] o.s.c.e.PropertySourcesPropertyResolver - Found key 'spring.jmx.enabled' in PropertySource 'configurationProperties' with value of type String
[DEBUG] 2020-07-13 09:25:45 [main] o.s.c.e.PropertySourcesPropertyResolver - Found key 'spring.jmx.enabled' in PropertySource 'configurationProperties' with value of type String
[DEBUG] 2020-07-13 09:25:45 [main] o.s.b.f.s.DefaultListableBeanFactory - Creating shared instance of singleton bean 'org.springframework.boot.autoconfigure.condition.BeanTypeRegistry'
[DEBUG] 2020-07-13 09:25:45 [main] t.m.m.a.MapperAutoConfiguration - Searching for mappers annotated with @Mapper
[DEBUG] 2020-07-13 09:25:45 [main] o.s.b.f.s.DefaultListableBeanFactory - Creating shared instance of singleton bean 'org.springframework.boot.autoconfigure.AutoConfigurationPackages'
[DEBUG] 2020-07-13 09:25:45 [main] t.m.m.a.MapperAutoConfiguration - Using auto-configuration base package 'com.kingdee.inte.teamwork'
[DEBUG] 2020-07-13 09:25:45 [main] t.m.s.mapper.ClassPathMapperScanner - Identified candidate component class: file [E:\ideaWorkspace\teamwork\target\classes\com\kingdee\inte\teamwork\mapper\CodeSubmitListMapper.class]
[DEBUG] 2020-07-13 09:25:45 [main] t.m.s.mapper.ClassPathMapperScanner - Identified candidate component class: file [E:\ideaWorkspace\teamwork\target\classes\com\kingdee\inte\teamwork\mapper\DemoMapper.class]
[DEBUG] 2020-07-13 09:25:45 [main] t.m.s.mapper.ClassPathMapperScanner - Creating MapperFactoryBean with name 'codeSubmitListMapper' and 'com.kingdee.inte.teamwork.mapper.CodeSubmitListMapper' mapperInterface
[DEBUG] 2020-07-13 09:25:45 [main] t.m.s.mapper.ClassPathMapperScanner - Enabling autowire by type for MapperFactoryBean with name 'codeSubmitListMapper'.
[DEBUG] 2020-07-13 09:25:45 [main] t.m.s.mapper.ClassPathMapperScanner - Creating MapperFactoryBean with name 'demoMapper' and 'com.kingdee.inte.teamwork.mapper.DemoMapper' mapperInterface
[DEBUG] 2020-07-13 09:25:45 [main] t.m.s.mapper.ClassPathMapperScanner - Enabling autowire by type for MapperFactoryBean with name 'demoMapper'.
[DEBUG] 2020-07-13 09:25:45 [main] o.s.b.f.s.DefaultListableBeanFactory - Creating shared instance of singleton bean 'propertySourcesPlaceholderConfigurer'
[DEBUG] 2020-07-13 09:25:45 [main] o.s.b.f.s.DefaultListableBeanFactory - Creating shared instance of singleton bean 'org.springframework.boot.test.mock.mockito.MockitoPostProcessor'
[DEBUG] 2020-07-13 09:25:45 [main] o.s.b.f.s.DefaultListableBeanFactory - Creating shared instance of singleton bean 'org.springframework.context.event.internalEventListenerProcessor'
[DEBUG] 2020-07-13 09:25:45 [main] o.s.b.f.s.DefaultListableBeanFactory - Creating shared instance of singleton bean 'org.springframework.boot.context.properties.ConfigurationBeanFactoryMetadata'
[DEBUG] 2020-07-13 09:25:45 [main] o.s.b.f.s.DefaultListableBeanFactory - Creating shared instance of singleton bean 'preserveErrorControllerTargetClassPostProcessor'
[DEBUG] 2020-07-13 09:25:45 [main] o.s.b.f.s.DefaultListableBeanFactory - Creating shared instance of singleton bean 'org.springframework.context.event.internalEventListenerFactory'
[DEBUG] 2020-07-13 09:25:45 [main] o.s.b.f.s.DefaultListableBeanFactory - Creating shared instance of singleton bean 'org.springframework.transaction.config.internalTransactionalEventListenerFactory'
[DEBUG] 2020-07-13 09:25:45 [main] o.s.b.f.s.DefaultListableBeanFactory - Creating shared instance of singleton bean 'org.springframework.boot.test.mock.mockito.MockitoPostProcessor$SpyPostProcessor'
[DEBUG] 2020-07-13 09:25:45 [main] o.s.b.f.s.DefaultListableBeanFactory - Creating shared instance of singleton bean 'org.springframework.context.annotation.internalAutowiredAnnotationProcessor'
[DEBUG] 2020-07-13 09:25:45 [main] o.s.b.f.s.DefaultListableBeanFactory - Creating shared instance of singleton bean 'org.springframework.context.annotation.internalCommonAnnotationProcessor'
[DEBUG] 2020-07-13 09:25:45 [main] o.s.b.f.s.DefaultListableBeanFactory - Creating shared instance of singleton bean 'org.springframework.boot.context.properties.ConfigurationPropertiesBindingPostProcessor'
[DEBUG] 2020-07-13 09:25:45 [main] o.s.b.f.s.DefaultListableBeanFactory - Creating shared instance of singleton bean 'org.springframework.aop.config.internalAutoProxyCreator'
[DEBUG] 2020-07-13 09:25:45 [main] o.s.b.f.s.DefaultListableBeanFactory - Creating shared instance of singleton bean 'methodValidationPostProcessor'
[DEBUG] 2020-07-13 09:25:45 [main] o.s.b.f.s.DefaultListableBeanFactory - Autowiring by type from bean name 'methodValidationPostProcessor' via factory method to bean named 'environment'
[DEBUG] 2020-07-13 09:25:45 [main] o.s.b.f.s.DefaultListableBeanFactory - Creating shared instance of singleton bean 'dataSourceInitializerPostProcessor'
[DEBUG] 2020-07-13 09:25:45 [main] o.s.b.f.s.DefaultListableBeanFactory - Creating shared instance of singleton bean 'persistenceExceptionTranslationPostProcessor'
[DEBUG] 2020-07-13 09:25:45 [main] o.s.b.f.s.DefaultListableBeanFactory - Autowiring by type from bean name 'persistenceExceptionTranslationPostProcessor' via factory method to bean named 'environment'
[DEBUG] 2020-07-13 09:25:45 [main] o.s.b.f.s.DefaultListableBeanFactory - Creating shared instance of singleton bean 'webServerFactoryCustomizerBeanPostProcessor'
[DEBUG] 2020-07-13 09:25:45 [main] o.s.b.f.s.DefaultListableBeanFactory - Creating shared instance of singleton bean 'errorPageRegistrarBeanPostProcessor'
[DEBUG] 2020-07-13 09:25:45 [main] o.s.u.c.s.UiApplicationContextUtils - Unable to locate ThemeSource with name 'themeSource': using default [org.springframework.ui.context.support.ResourceBundleThemeSource@6ce90bc5]
[DEBUG] 2020-07-13 09:25:45 [main] o.s.b.f.s.DefaultListableBeanFactory - Creating shared instance of singleton bean 'application'
[DEBUG] 2020-07-13 09:25:45 [main] o.s.b.f.s.DefaultListableBeanFactory - Creating shared instance of singleton bean 'org.springframework.transaction.config.internalTransactionAdvisor'
[DEBUG] 2020-07-13 09:25:45 [main] o.s.b.f.s.DefaultListableBeanFactory - Creating shared instance of singleton bean 'org.springframework.transaction.annotation.ProxyTransactionManagementConfiguration'
[DEBUG] 2020-07-13 09:25:45 [main] o.s.b.f.s.DefaultListableBeanFactory - Creating shared instance of singleton bean 'transactionAttributeSource'
[DEBUG] 2020-07-13 09:25:45 [main] o.s.b.f.s.DefaultListableBeanFactory - Creating shared instance of singleton bean 'transactionInterceptor'
[DEBUG] 2020-07-13 09:25:45 [main] o.s.b.f.s.DefaultListableBeanFactory - Creating shared instance of singleton bean 'masterDataSourceConfig'
[DEBUG] 2020-07-13 09:25:45 [main] o.s.b.f.s.DefaultListableBeanFactory - Creating shared instance of singleton bean 'webConfig'
[DEBUG] 2020-07-13 09:25:45 [main] o.s.b.f.s.DefaultListableBeanFactory - Creating shared instance of singleton bean 'codeSubmitListServiceImpl'
[DEBUG] 2020-07-13 09:25:45 [main] o.s.b.f.s.DefaultListableBeanFactory - Creating shared instance of singleton bean 'codeSubmitListMapper'
[DEBUG] 2020-07-13 09:25:45 [main] o.s.b.f.s.DefaultListableBeanFactory - Creating shared instance of singleton bean 'masterSqlSessionFactory'
[DEBUG] 2020-07-13 09:25:45 [main] o.s.b.f.s.DefaultListableBeanFactory - Creating shared instance of singleton bean 'masterDatasource'
[DEBUG] 2020-07-13 09:25:45 [main] o.s.b.f.s.DefaultListableBeanFactory - Creating shared instance of singleton bean 'spring.datasource-org.springframework.boot.autoconfigure.jdbc.DataSourceProperties'
[DEBUG] 2020-07-13 09:25:45 [main] o.s.b.f.s.DefaultListableBeanFactory - Creating shared instance of singleton bean 'statFilter'
[DEBUG] 2020-07-13 09:25:45 [main] o.s.b.f.s.DefaultListableBeanFactory - Creating shared instance of singleton bean 'com.alibaba.druid.spring.boot.autoconfigure.stat.DruidFilterConfiguration'
[DEBUG] 2020-07-13 09:25:45 [main] o.s.b.f.s.DefaultListableBeanFactory - Creating shared instance of singleton bean 'org.springframework.boot.autoconfigure.jdbc.DataSourceInitializerInvoker'
[DEBUG] 2020-07-13 09:25:45 [main] o.s.b.f.s.DefaultListableBeanFactory - Autowiring by type from bean name 'org.springframework.boot.autoconfigure.jdbc.DataSourceInitializerInvoker' via constructor to bean named 'spring.datasource-org.springframework.boot.autoconfigure.jdbc.DataSourceProperties'
[DEBUG] 2020-07-13 09:25:45 [main] o.s.b.f.s.DefaultListableBeanFactory - Autowiring by type from bean name 'org.springframework.boot.autoconfigure.jdbc.DataSourceInitializerInvoker' via constructor to bean named 'org.springframework.web.context.support.GenericWebApplicationContext@26df6e3a'
[DEBUG] 2020-07-13 09:25:45 [main] o.s.b.f.s.DefaultListableBeanFactory - Creating shared instance of singleton bean 'masterSqlSessionTemplate'
[DEBUG] 2020-07-13 09:25:45 [main] o.s.b.f.s.DefaultListableBeanFactory - Autowiring by type from bean name 'masterSqlSessionTemplate' via factory method to bean named 'masterSqlSessionFactory'
[DEBUG] 2020-07-13 09:25:45 [main] o.s.b.f.s.DefaultListableBeanFactory - Creating shared instance of singleton bean 'demoServiceImpl'
[DEBUG] 2020-07-13 09:25:45 [main] o.s.b.f.s.DefaultListableBeanFactory - Creating shared instance of singleton bean 'demoMapper'
[DEBUG] 2020-07-13 09:25:45 [main] o.s.b.f.s.DefaultListableBeanFactory - Creating shared instance of singleton bean 'codeSubmitListController'
[DEBUG] 2020-07-13 09:25:45 [main] o.s.b.f.s.DefaultListableBeanFactory - Creating shared instance of singleton bean 'demoController'
[DEBUG] 2020-07-13 09:25:45 [main] o.s.b.f.s.DefaultListableBeanFactory - Creating shared instance of singleton bean 'indexController'
[DEBUG] 2020-07-13 09:25:45 [main] o.s.b.f.s.DefaultListableBeanFactory - Creating shared instance of singleton bean 'statViewServlet'
[DEBUG] 2020-07-13 09:25:45 [main] o.s.b.f.s.DefaultListableBeanFactory - Creating shared instance of singleton bean 'filterRegistrationBean'
[DEBUG] 2020-07-13 09:25:45 [main] o.s.b.f.s.DefaultListableBeanFactory - Creating shared instance of singleton bean 'masterDataSourceTransactionManager'
[DEBUG] 2020-07-13 09:25:45 [main] o.s.b.f.s.DefaultListableBeanFactory - Creating shared instance of singleton bean 'org.springframework.web.servlet.config.annotation.DelegatingWebMvcConfiguration'
[DEBUG] 2020-07-13 09:25:45 [main] o.s.b.f.s.DefaultListableBeanFactory - Creating shared instance of singleton bean 'requestMappingHandlerMapping'
[DEBUG] 2020-07-13 09:25:45 [main] o.s.b.f.s.DefaultListableBeanFactory - Creating shared instance of singleton bean 'mvcConversionService'
[DEBUG] 2020-07-13 09:25:45 [main] o.s.b.f.s.DefaultListableBeanFactory - Creating shared instance of singleton bean 'mvcResourceUrlProvider'
[DEBUG] 2020-07-13 09:25:45 [main] o.s.b.f.s.DefaultListableBeanFactory - Creating shared instance of singleton bean 'mvcContentNegotiationManager'
[DEBUG] 2020-07-13 09:25:45 [main] o.s.w.s.m.m.a.RequestMappingHandlerMapping - 19 mappings in 'requestMappingHandlerMapping'
[DEBUG] 2020-07-13 09:25:45 [main] o.s.b.f.s.DefaultListableBeanFactory - Creating shared instance of singleton bean 'mvcPathMatcher'
[DEBUG] 2020-07-13 09:25:45 [main] o.s.b.f.s.DefaultListableBeanFactory - Creating shared instance of singleton bean 'mvcUrlPathHelper'
[DEBUG] 2020-07-13 09:25:45 [main] o.s.b.f.s.DefaultListableBeanFactory - Creating shared instance of singleton bean 'viewControllerHandlerMapping'
[DEBUG] 2020-07-13 09:25:45 [main] o.s.w.s.h.SimpleUrlHandlerMapping - Patterns [/, /index] in 'viewControllerHandlerMapping'
[DEBUG] 2020-07-13 09:25:45 [main] o.s.b.f.s.DefaultListableBeanFactory - Creating shared instance of singleton bean 'beanNameHandlerMapping'
[DEBUG] 2020-07-13 09:25:45 [main] o.s.b.f.s.DefaultListableBeanFactory - Creating shared instance of singleton bean 'resourceHandlerMapping'
[DEBUG] 2020-07-13 09:25:45 [main] o.s.w.s.h.SimpleUrlHandlerMapping - Patterns [/**] in 'resourceHandlerMapping'
[DEBUG] 2020-07-13 09:25:45 [main] o.s.b.f.s.DefaultListableBeanFactory - Creating shared instance of singleton bean 'defaultServletHandlerMapping'
[DEBUG] 2020-07-13 09:25:45 [main] o.s.b.f.s.DefaultListableBeanFactory - Creating shared instance of singleton bean 'requestMappingHandlerAdapter'
[DEBUG] 2020-07-13 09:25:45 [main] o.s.b.f.s.DefaultListableBeanFactory - Creating shared instance of singleton bean 'mvcValidator'
[DEBUG] 2020-07-13 09:25:45 [main] o.h.v.i.e.r.TraversableResolvers - Found javax.persistence.Persistence on classpath, but no method 'getPersistenceUtil'. Assuming JPA 1 environment. All properties will per default be traversable.
[DEBUG] 2020-07-13 09:25:45 [main] o.h.v.m.ResourceBundleMessageInterpolator - Loaded expression factory via original TCCL
[DEBUG] 2020-07-13 09:25:45 [main] o.h.v.i.engine.ConfigurationImpl - Setting custom MessageInterpolator of type org.springframework.validation.beanvalidation.LocaleContextMessageInterpolator
[DEBUG] 2020-07-13 09:25:45 [main] o.h.v.i.engine.ConfigurationImpl - Setting custom ConstraintValidatorFactory of type org.springframework.validation.beanvalidation.SpringConstraintValidatorFactory
[DEBUG] 2020-07-13 09:25:45 [main] o.h.v.i.engine.ConfigurationImpl - Setting custom ParameterNameProvider of type org.springframework.validation.beanvalidation.LocalValidatorFactoryBean$1
[DEBUG] 2020-07-13 09:25:45 [main] o.h.v.i.x.config.ValidationXmlParser - Trying to load META-INF/validation.xml for XML based Validator configuration.
[DEBUG] 2020-07-13 09:25:45 [main] o.h.v.i.x.c.ResourceLoaderHelper - Trying to load META-INF/validation.xml via user class loader
[DEBUG] 2020-07-13 09:25:45 [main] o.h.v.i.x.c.ResourceLoaderHelper - Trying to load META-INF/validation.xml via TCCL
[DEBUG] 2020-07-13 09:25:45 [main] o.h.v.i.x.c.ResourceLoaderHelper - Trying to load META-INF/validation.xml via Hibernate Validator's class loader
[DEBUG] 2020-07-13 09:25:45 [main] o.h.v.i.x.config.ValidationXmlParser - No META-INF/validation.xml found. Using annotation based configuration only.
[DEBUG] 2020-07-13 09:25:45 [main] o.h.v.i.engine.ValidatorFactoryImpl - HV000234: Using org.springframework.validation.beanvalidation.LocaleContextMessageInterpolator as ValidatorFactory-scoped message interpolator.
[DEBUG] 2020-07-13 09:25:45 [main] o.h.v.i.engine.ValidatorFactoryImpl - HV000234: Using org.hibernate.validator.internal.engine.resolver.TraverseAllTraversableResolver as ValidatorFactory-scoped traversable resolver.
[DEBUG] 2020-07-13 09:25:45 [main] o.h.v.i.engine.ValidatorFactoryImpl - HV000234: Using org.hibernate.validator.internal.util.ExecutableParameterNameProvider as ValidatorFactory-scoped parameter name provider.
[DEBUG] 2020-07-13 09:25:45 [main] o.h.v.i.engine.ValidatorFactoryImpl - HV000234: Using org.hibernate.validator.internal.engine.DefaultClockProvider as ValidatorFactory-scoped clock provider.
[DEBUG] 2020-07-13 09:25:45 [main] o.h.v.i.engine.ValidatorFactoryImpl - HV000234: Using org.hibernate.validator.internal.engine.scripting.DefaultScriptEvaluatorFactory as ValidatorFactory-scoped script evaluator factory.
[DEBUG] 2020-07-13 09:25:45 [main] o.s.w.s.m.m.a.RequestMappingHandlerAdapter - ControllerAdvice beans: 0 @ModelAttribute, 0 @InitBinder, 1 RequestBodyAdvice, 1 ResponseBodyAdvice
[DEBUG] 2020-07-13 09:25:45 [main] o.s.b.f.s.DefaultListableBeanFactory - Creating shared instance of singleton bean 'mvcUriComponentsContributor'
[DEBUG] 2020-07-13 09:25:45 [main] o.s.b.f.s.DefaultListableBeanFactory - Creating shared instance of singleton bean 'httpRequestHandlerAdapter'
[DEBUG] 2020-07-13 09:25:45 [main] o.s.b.f.s.DefaultListableBeanFactory - Creating shared instance of singleton bean 'simpleControllerHandlerAdapter'
[DEBUG] 2020-07-13 09:25:45 [main] o.s.b.f.s.DefaultListableBeanFactory - Creating shared instance of singleton bean 'handlerExceptionResolver'
[DEBUG] 2020-07-13 09:25:45 [main] o.s.w.s.m.m.a.ExceptionHandlerExceptionResolver - ControllerAdvice beans: 0 @ExceptionHandler, 1 ResponseBodyAdvice
[DEBUG] 2020-07-13 09:25:45 [main] o.s.b.f.s.DefaultListableBeanFactory - Creating shared instance of singleton bean 'mvcViewResolver'
[DEBUG] 2020-07-13 09:25:45 [main] o.s.b.f.s.DefaultListableBeanFactory - Creating shared instance of singleton bean 'viewResolver'
[DEBUG] 2020-07-13 09:25:45 [main] o.s.b.f.s.DefaultListableBeanFactory - Creating shared instance of singleton bean 'freeMarkerConfigurer'
[DEBUG] 2020-07-13 09:25:45 [main] o.s.w.s.v.f.FreeMarkerConfigurer - Template loader path [class path resource [template/freemarker]] resolved to file path [E:\ideaWorkspace\teamwork\target\classes\template\freemarker]
[DEBUG] 2020-07-13 09:25:45 [main] o.s.b.f.s.DefaultListableBeanFactory - Creating shared instance of singleton bean 'responseBodyConverter'
[DEBUG] 2020-07-13 09:25:45 [main] o.s.b.f.s.DefaultListableBeanFactory - Creating shared instance of singleton bean 'corsFilter'
[DEBUG] 2020-07-13 09:25:45 [main] o.s.b.f.s.DefaultListableBeanFactory - Creating shared instance of singleton bean 'org.springframework.boot.autoconfigure.context.PropertyPlaceholderAutoConfiguration'
[DEBUG] 2020-07-13 09:25:45 [main] o.s.b.f.s.DefaultListableBeanFactory - Creating shared instance of singleton bean 'org.springframework.boot.autoconfigure.websocket.servlet.WebSocketServletAutoConfiguration$TomcatWebSocketConfiguration'
[DEBUG] 2020-07-13 09:25:45 [main] o.s.b.f.s.DefaultListableBeanFactory - Creating shared instance of singleton bean 'websocketServletWebServerCustomizer'
[DEBUG] 2020-07-13 09:25:45 [main] o.s.b.f.s.DefaultListableBeanFactory - Creating shared instance of singleton bean 'org.springframework.boot.autoconfigure.websocket.servlet.WebSocketServletAutoConfiguration'
[DEBUG] 2020-07-13 09:25:45 [main] o.s.b.f.s.DefaultListableBeanFactory - Creating shared instance of singleton bean 'org.springframework.boot.autoconfigure.web.servlet.ServletWebServerFactoryConfiguration$EmbeddedTomcat'
[DEBUG] 2020-07-13 09:25:45 [main] o.s.b.f.s.DefaultListableBeanFactory - Creating shared instance of singleton bean 'tomcatServletWebServerFactory'
[DEBUG] 2020-07-13 09:25:45 [main] o.s.b.f.s.DefaultListableBeanFactory - Creating shared instance of singleton bean 'servletWebServerFactoryCustomizer'
[DEBUG] 2020-07-13 09:25:45 [main] o.s.b.f.s.DefaultListableBeanFactory - Creating shared instance of singleton bean 'org.springframework.boot.autoconfigure.web.servlet.ServletWebServerFactoryAutoConfiguration'
[DEBUG] 2020-07-13 09:25:45 [main] o.s.b.f.s.DefaultListableBeanFactory - Creating shared instance of singleton bean 'server-org.springframework.boot.autoconfigure.web.ServerProperties'
[DEBUG] 2020-07-13 09:25:45 [main] o.s.b.f.s.DefaultListableBeanFactory - Autowiring by type from bean name 'servletWebServerFactoryCustomizer' via factory method to bean named 'server-org.springframework.boot.autoconfigure.web.ServerProperties'
[DEBUG] 2020-07-13 09:25:45 [main] o.s.b.f.s.DefaultListableBeanFactory - Creating shared instance of singleton bean 'tomcatServletWebServerFactoryCustomizer'
[DEBUG] 2020-07-13 09:25:45 [main] o.s.b.f.s.DefaultListableBeanFactory - Autowiring by type from bean name 'tomcatServletWebServerFactoryCustomizer' via factory method to bean named 'server-org.springframework.boot.autoconfigure.web.ServerProperties'
[DEBUG] 2020-07-13 09:25:45 [main] o.s.b.f.s.DefaultListableBeanFactory - Creating shared instance of singleton bean 'tomcatWebServerFactoryCustomizer'
[DEBUG] 2020-07-13 09:25:45 [main] o.s.b.f.s.DefaultListableBeanFactory - Creating shared instance of singleton bean 'org.springframework.boot.autoconfigure.web.embedded.EmbeddedWebServerFactoryCustomizerAutoConfiguration$TomcatWebServerFactoryCustomizerConfiguration'
[DEBUG] 2020-07-13 09:25:45 [main] o.s.b.f.s.DefaultListableBeanFactory - Autowiring by type from bean name 'tomcatWebServerFactoryCustomizer' via factory method to bean named 'environment'
[DEBUG] 2020-07-13 09:25:45 [main] o.s.b.f.s.DefaultListableBeanFactory - Autowiring by type from bean name 'tomcatWebServerFactoryCustomizer' via factory method to bean named 'server-org.springframework.boot.autoconfigure.web.ServerProperties'
[DEBUG] 2020-07-13 09:25:45 [main] o.s.b.f.s.DefaultListableBeanFactory - Creating shared instance of singleton bean 'localeCharsetMappingsCustomizer'
[DEBUG] 2020-07-13 09:25:45 [main] o.s.b.f.s.DefaultListableBeanFactory - Creating shared instance of singleton bean 'org.springframework.boot.autoconfigure.web.servlet.HttpEncodingAutoConfiguration'
[DEBUG] 2020-07-13 09:25:45 [main] o.s.c.LocalVariableTableParameterNameDiscoverer - Cannot find '.class' file for class [class org.springframework.boot.autoconfigure.web.servlet.HttpEncodingAutoConfiguration$$EnhancerBySpringCGLIB$$345f5395] - unable to determine constructor/method parameter names
[DEBUG] 2020-07-13 09:25:45 [main] o.s.b.f.s.DefaultListableBeanFactory - Creating shared instance of singleton bean 'spring.http-org.springframework.boot.autoconfigure.http.HttpProperties'
[DEBUG] 2020-07-13 09:25:45 [main] o.s.b.f.s.DefaultListableBeanFactory - Autowiring by type from bean name 'org.springframework.boot.autoconfigure.web.servlet.HttpEncodingAutoConfiguration' via constructor to bean named 'spring.http-org.springframework.boot.autoconfigure.http.HttpProperties'
[DEBUG] 2020-07-13 09:25:45 [main] o.s.b.f.s.DefaultListableBeanFactory - Creating shared instance of singleton bean 'errorPageCustomizer'
[DEBUG] 2020-07-13 09:25:45 [main] o.s.b.f.s.DefaultListableBeanFactory - Creating shared instance of singleton bean 'org.springframework.boot.autoconfigure.web.servlet.error.ErrorMvcAutoConfiguration'
[DEBUG] 2020-07-13 09:25:45 [main] o.s.c.LocalVariableTableParameterNameDiscoverer - Cannot find '.class' file for class [class org.springframework.boot.autoconfigure.web.servlet.error.ErrorMvcAutoConfiguration$$EnhancerBySpringCGLIB$$8cb6a278] - unable to determine constructor/method parameter names
[DEBUG] 2020-07-13 09:25:45 [main] o.s.b.f.s.DefaultListableBeanFactory - Creating shared instance of singleton bean 'dispatcherServletRegistration'
[DEBUG] 2020-07-13 09:25:45 [main] o.s.b.f.s.DefaultListableBeanFactory - Creating shared instance of singleton bean 'org.springframework.boot.autoconfigure.web.servlet.DispatcherServletAutoConfiguration$DispatcherServletRegistrationConfiguration'
[DEBUG] 2020-07-13 09:25:45 [main] o.s.c.LocalVariableTableParameterNameDiscoverer - Cannot find '.class' file for class [class org.springframework.boot.autoconfigure.web.servlet.DispatcherServletAutoConfiguration$DispatcherServletRegistrationConfiguration$$EnhancerBySpringCGLIB$$1311c163] - unable to determine constructor/method parameter names
[DEBUG] 2020-07-13 09:25:45 [main] o.s.b.f.s.DefaultListableBeanFactory - Creating shared instance of singleton bean 'spring.mvc-org.springframework.boot.autoconfigure.web.servlet.WebMvcProperties'
[DEBUG] 2020-07-13 09:25:45 [main] o.s.b.f.s.DefaultListableBeanFactory - Autowiring by type from bean name 'org.springframework.boot.autoconfigure.web.servlet.DispatcherServletAutoConfiguration$DispatcherServletRegistrationConfiguration' via constructor to bean named 'spring.mvc-org.springframework.boot.autoconfigure.web.servlet.WebMvcProperties'
[DEBUG] 2020-07-13 09:25:45 [main] o.s.b.f.s.DefaultListableBeanFactory - Creating shared instance of singleton bean 'multipartConfigElement'
[DEBUG] 2020-07-13 09:25:45 [main] o.s.b.f.s.DefaultListableBeanFactory - Creating shared instance of singleton bean 'org.springframework.boot.autoconfigure.web.servlet.MultipartAutoConfiguration'
[DEBUG] 2020-07-13 09:25:45 [main] o.s.c.LocalVariableTableParameterNameDiscoverer - Cannot find '.class' file for class [class org.springframework.boot.autoconfigure.web.servlet.MultipartAutoConfiguration$$EnhancerBySpringCGLIB$$a34fdba2] - unable to determine constructor/method parameter names
[DEBUG] 2020-07-13 09:25:45 [main] o.s.b.f.s.DefaultListableBeanFactory - Creating shared instance of singleton bean 'spring.servlet.multipart-org.springframework.boot.autoconfigure.web.servlet.MultipartProperties'
[DEBUG] 2020-07-13 09:25:45 [main] o.s.b.f.s.DefaultListableBeanFactory - Autowiring by type from bean name 'org.springframework.boot.autoconfigure.web.servlet.MultipartAutoConfiguration' via constructor to bean named 'spring.servlet.multipart-org.springframework.boot.autoconfigure.web.servlet.MultipartProperties'
[DEBUG] 2020-07-13 09:25:45 [main] o.s.b.f.s.DefaultListableBeanFactory - Creating shared instance of singleton bean 'dispatcherServlet'
[DEBUG] 2020-07-13 09:25:45 [main] o.s.b.f.s.DefaultListableBeanFactory - Creating shared instance of singleton bean 'org.springframework.boot.autoconfigure.web.servlet.DispatcherServletAutoConfiguration$DispatcherServletConfiguration'
[DEBUG] 2020-07-13 09:25:45 [main] o.s.c.LocalVariableTableParameterNameDiscoverer - Cannot find '.class' file for class [class org.springframework.boot.autoconfigure.web.servlet.DispatcherServletAutoConfiguration$DispatcherServletConfiguration$$EnhancerBySpringCGLIB$$b10a2cbc] - unable to determine constructor/method parameter names
[DEBUG] 2020-07-13 09:25:45 [main] o.s.b.f.s.DefaultListableBeanFactory - Autowiring by type from bean name 'org.springframework.boot.autoconfigure.web.servlet.DispatcherServletAutoConfiguration$DispatcherServletConfiguration' via constructor to bean named 'spring.http-org.springframework.boot.autoconfigure.http.HttpProperties'
[DEBUG] 2020-07-13 09:25:45 [main] o.s.b.f.s.DefaultListableBeanFactory - Autowiring by type from bean name 'org.springframework.boot.autoconfigure.web.servlet.DispatcherServletAutoConfiguration$DispatcherServletConfiguration' via constructor to bean named 'spring.mvc-org.springframework.boot.autoconfigure.web.servlet.WebMvcProperties'
[DEBUG] 2020-07-13 09:25:45 [main] o.s.b.f.s.DefaultListableBeanFactory - Autowiring by type from bean name 'dispatcherServletRegistration' via factory method to bean named 'dispatcherServlet'
[DEBUG] 2020-07-13 09:25:45 [main] o.s.b.f.s.DefaultListableBeanFactory - Autowiring by type from bean name 'org.springframework.boot.autoconfigure.web.servlet.error.ErrorMvcAutoConfiguration' via constructor to bean named 'server-org.springframework.boot.autoconfigure.web.ServerProperties'
[DEBUG] 2020-07-13 09:25:45 [main] o.s.b.f.s.DefaultListableBeanFactory - Autowiring by type from bean name 'org.springframework.boot.autoconfigure.web.servlet.error.ErrorMvcAutoConfiguration' via constructor to bean named 'dispatcherServletRegistration'
[DEBUG] 2020-07-13 09:25:45 [main] o.s.b.f.s.DefaultListableBeanFactory - Creating shared instance of singleton bean 'conventionErrorViewResolver'
[DEBUG] 2020-07-13 09:25:45 [main] o.s.b.f.s.DefaultListableBeanFactory - Creating shared instance of singleton bean 'org.springframework.boot.autoconfigure.web.servlet.error.ErrorMvcAutoConfiguration$DefaultErrorViewResolverConfiguration'
[DEBUG] 2020-07-13 09:25:45 [main] o.s.c.LocalVariableTableParameterNameDiscoverer - Cannot find '.class' file for class [class org.springframework.boot.autoconfigure.web.servlet.error.ErrorMvcAutoConfiguration$DefaultErrorViewResolverConfiguration$$EnhancerBySpringCGLIB$$a14b7718] - unable to determine constructor/method parameter names
[DEBUG] 2020-07-13 09:25:45 [main] o.s.b.f.s.DefaultListableBeanFactory - Creating shared instance of singleton bean 'spring.resources-org.springframework.boot.autoconfigure.web.ResourceProperties'
[DEBUG] 2020-07-13 09:25:45 [main] o.s.b.f.s.DefaultListableBeanFactory - Autowiring by type from bean name 'org.springframework.boot.autoconfigure.web.servlet.error.ErrorMvcAutoConfiguration$DefaultErrorViewResolverConfiguration' via constructor to bean named 'org.springframework.web.context.support.GenericWebApplicationContext@26df6e3a'
[DEBUG] 2020-07-13 09:25:45 [main] o.s.b.f.s.DefaultListableBeanFactory - Autowiring by type from bean name 'org.springframework.boot.autoconfigure.web.servlet.error.ErrorMvcAutoConfiguration$DefaultErrorViewResolverConfiguration' via constructor to bean named 'spring.resources-org.springframework.boot.autoconfigure.web.ResourceProperties'
[DEBUG] 2020-07-13 09:25:45 [main] o.s.b.f.s.DefaultListableBeanFactory - Creating shared instance of singleton bean 'org.springframework.boot.autoconfigure.web.servlet.DispatcherServletAutoConfiguration'
[DEBUG] 2020-07-13 09:25:45 [main] o.s.b.f.s.DefaultListableBeanFactory - Creating shared instance of singleton bean 'org.springframework.boot.autoconfigure.task.TaskExecutionAutoConfiguration'
[DEBUG] 2020-07-13 09:25:45 [main] o.s.c.LocalVariableTableParameterNameDiscoverer - Cannot find '.class' file for class [class org.springframework.boot.autoconfigure.task.TaskExecutionAutoConfiguration$$EnhancerBySpringCGLIB$$ecaa35c9] - unable to determine constructor/method parameter names
[DEBUG] 2020-07-13 09:25:45 [main] o.s.b.f.s.DefaultListableBeanFactory - Creating shared instance of singleton bean 'spring.task.execution-org.springframework.boot.autoconfigure.task.TaskExecutionProperties'
[DEBUG] 2020-07-13 09:25:45 [main] o.s.b.f.s.DefaultListableBeanFactory - Autowiring by type from bean name 'org.springframework.boot.autoconfigure.task.TaskExecutionAutoConfiguration' via constructor to bean named 'spring.task.execution-org.springframework.boot.autoconfigure.task.TaskExecutionProperties'
[DEBUG] 2020-07-13 09:25:45 [main] o.s.b.f.s.DefaultListableBeanFactory - Creating shared instance of singleton bean 'taskExecutorBuilder'
[DEBUG] 2020-07-13 09:25:45 [main] o.s.b.f.s.DefaultListableBeanFactory - Creating shared instance of singleton bean 'org.springframework.boot.autoconfigure.validation.ValidationAutoConfiguration'
[DEBUG] 2020-07-13 09:25:45 [main] o.s.b.f.s.DefaultListableBeanFactory - Creating shared instance of singleton bean 'defaultValidator'
[DEBUG] 2020-07-13 09:25:45 [main] o.h.v.i.e.r.TraversableResolvers - Found javax.persistence.Persistence on classpath, but no method 'getPersistenceUtil'. Assuming JPA 1 environment. All properties will per default be traversable.
[DEBUG] 2020-07-13 09:25:45 [main] o.h.v.m.ResourceBundleMessageInterpolator - Loaded expression factory via original TCCL
[DEBUG] 2020-07-13 09:25:45 [main] o.h.v.i.e.r.TraversableResolvers - Found javax.persistence.Persistence on classpath, but no method 'getPersistenceUtil'. Assuming JPA 1 environment. All properties will per default be traversable.
[DEBUG] 2020-07-13 09:25:45 [main] o.h.v.i.engine.ConfigurationImpl - Setting custom MessageInterpolator of type org.springframework.validation.beanvalidation.LocaleContextMessageInterpolator
[DEBUG] 2020-07-13 09:25:45 [main] o.h.v.i.engine.ConfigurationImpl - Setting custom ConstraintValidatorFactory of type org.springframework.validation.beanvalidation.SpringConstraintValidatorFactory
[DEBUG] 2020-07-13 09:25:45 [main] o.h.v.i.engine.ConfigurationImpl - Setting custom ParameterNameProvider of type org.springframework.validation.beanvalidation.LocalValidatorFactoryBean$1
[DEBUG] 2020-07-13 09:25:45 [main] o.h.v.i.x.config.ValidationXmlParser - Trying to load META-INF/validation.xml for XML based Validator configuration.
[DEBUG] 2020-07-13 09:25:45 [main] o.h.v.i.x.c.ResourceLoaderHelper - Trying to load META-INF/validation.xml via user class loader
[DEBUG] 2020-07-13 09:25:45 [main] o.h.v.i.x.c.ResourceLoaderHelper - Trying to load META-INF/validation.xml via TCCL
[DEBUG] 2020-07-13 09:25:45 [main] o.h.v.i.x.c.ResourceLoaderHelper - Trying to load META-INF/validation.xml via Hibernate Validator's class loader
[DEBUG] 2020-07-13 09:25:45 [main] o.h.v.i.x.config.ValidationXmlParser - No META-INF/validation.xml found. Using annotation based configuration only.
[DEBUG] 2020-07-13 09:25:45 [main] o.h.v.i.engine.ValidatorFactoryImpl - HV000234: Using org.springframework.validation.beanvalidation.LocaleContextMessageInterpolator as ValidatorFactory-scoped message interpolator.
[DEBUG] 2020-07-13 09:25:45 [main] o.h.v.i.engine.ValidatorFactoryImpl - HV000234: Using org.hibernate.validator.internal.engine.resolver.TraverseAllTraversableResolver as ValidatorFactory-scoped traversable resolver.
[DEBUG] 2020-07-13 09:25:45 [main] o.h.v.i.engine.ValidatorFactoryImpl - HV000234: Using org.hibernate.validator.internal.util.ExecutableParameterNameProvider as ValidatorFactory-scoped parameter name provider.
[DEBUG] 2020-07-13 09:25:45 [main] o.h.v.i.engine.ValidatorFactoryImpl - HV000234: Using org.hibernate.validator.internal.engine.DefaultClockProvider as ValidatorFactory-scoped clock provider.
[DEBUG] 2020-07-13 09:25:45 [main] o.h.v.i.engine.ValidatorFactoryImpl - HV000234: Using org.hibernate.validator.internal.engine.scripting.DefaultScriptEvaluatorFactory as ValidatorFactory-scoped script evaluator factory.
[DEBUG] 2020-07-13 09:25:45 [main] o.s.b.f.s.DefaultListableBeanFactory - Creating shared instance of singleton bean 'org.springframework.boot.autoconfigure.web.servlet.error.ErrorMvcAutoConfiguration$WhitelabelErrorViewConfiguration'
[DEBUG] 2020-07-13 09:25:45 [main] o.s.b.f.s.DefaultListableBeanFactory - Creating shared instance of singleton bean 'error'
[DEBUG] 2020-07-13 09:25:45 [main] o.s.b.f.s.DefaultListableBeanFactory - Creating shared instance of singleton bean 'beanNameViewResolver'
[DEBUG] 2020-07-13 09:25:45 [main] o.s.b.f.s.DefaultListableBeanFactory - Creating shared instance of singleton bean 'errorAttributes'
[DEBUG] 2020-07-13 09:25:45 [main] o.s.b.f.s.DefaultListableBeanFactory - Creating shared instance of singleton bean 'basicErrorController'
[DEBUG] 2020-07-13 09:25:45 [main] o.s.b.f.s.DefaultListableBeanFactory - Autowiring by type from bean name 'basicErrorController' via factory method to bean named 'errorAttributes'
[DEBUG] 2020-07-13 09:25:45 [main] o.s.b.f.s.DefaultListableBeanFactory - Creating shared instance of singleton bean 'com.alibaba.druid.spring.boot.autoconfigure.stat.DruidStatViewServletConfiguration'
[DEBUG] 2020-07-13 09:25:45 [main] o.s.b.f.s.DefaultListableBeanFactory - Creating shared instance of singleton bean 'statViewServletRegistrationBean'
[DEBUG] 2020-07-13 09:25:45 [main] o.s.b.f.s.DefaultListableBeanFactory - Creating shared instance of singleton bean 'spring.datasource.druid-com.alibaba.druid.spring.boot.autoconfigure.properties.DruidStatProperties'
[DEBUG] 2020-07-13 09:25:45 [main] o.s.b.f.s.DefaultListableBeanFactory - Autowiring by type from bean name 'statViewServletRegistrationBean' via factory method to bean named 'spring.datasource.druid-com.alibaba.druid.spring.boot.autoconfigure.properties.DruidStatProperties'
[DEBUG] 2020-07-13 09:25:45 [main] o.s.b.f.s.DefaultListableBeanFactory - Creating shared instance of singleton bean 'com.alibaba.druid.spring.boot.autoconfigure.stat.DruidWebStatFilterConfiguration'
[DEBUG] 2020-07-13 09:25:45 [main] o.s.b.f.s.DefaultListableBeanFactory - Creating shared instance of singleton bean 'webStatFilterRegistrationBean'
[DEBUG] 2020-07-13 09:25:45 [main] o.s.b.f.s.DefaultListableBeanFactory - Autowiring by type from bean name 'webStatFilterRegistrationBean' via factory method to bean named 'spring.datasource.druid-com.alibaba.druid.spring.boot.autoconfigure.properties.DruidStatProperties'
[DEBUG] 2020-07-13 09:25:45 [main] o.s.b.f.s.DefaultListableBeanFactory - Creating shared instance of singleton bean 'com.alibaba.druid.spring.boot.autoconfigure.DruidDataSourceAutoConfigure'
[DEBUG] 2020-07-13 09:25:45 [main] o.s.b.f.s.DefaultListableBeanFactory - Creating shared instance of singleton bean 'org.springframework.boot.autoconfigure.jdbc.metadata.DataSourcePoolMetadataProvidersConfiguration$HikariPoolDataSourceMetadataProviderConfiguration'
[DEBUG] 2020-07-13 09:25:45 [main] o.s.b.f.s.DefaultListableBeanFactory - Creating shared instance of singleton bean 'hikariPoolDataSourceMetadataProvider'
[DEBUG] 2020-07-13 09:25:45 [main] o.s.b.f.s.DefaultListableBeanFactory - Creating shared instance of singleton bean 'org.springframework.boot.autoconfigure.jdbc.metadata.DataSourcePoolMetadataProvidersConfiguration'
[DEBUG] 2020-07-13 09:25:45 [main] o.s.b.f.s.DefaultListableBeanFactory - Creating shared instance of singleton bean 'org.springframework.boot.autoconfigure.jdbc.DataSourceInitializationConfiguration'
[DEBUG] 2020-07-13 09:25:45 [main] o.s.b.f.s.DefaultListableBeanFactory - Creating shared instance of singleton bean 'org.springframework.boot.autoconfigure.jdbc.DataSourceAutoConfiguration'
[DEBUG] 2020-07-13 09:25:45 [main] o.s.b.f.s.DefaultListableBeanFactory - Creating shared instance of singleton bean 'tk.mybatis.mapper.autoconfigure.MapperAutoConfiguration$MapperScannerRegistrarNotFoundConfiguration'
[DEBUG] 2020-07-13 09:25:45 [main] t.m.m.a.MapperAutoConfiguration - No org.mybatis.spring.mapper.MapperFactoryBean found.
[DEBUG] 2020-07-13 09:25:45 [main] o.s.b.f.s.DefaultListableBeanFactory - Creating shared instance of singleton bean 'tk.mybatis.mapper.autoconfigure.MapperAutoConfiguration'
[DEBUG] 2020-07-13 09:25:45 [main] o.s.c.LocalVariableTableParameterNameDiscoverer - Cannot find '.class' file for class [class tk.mybatis.mapper.autoconfigure.MapperAutoConfiguration$$EnhancerBySpringCGLIB$$16fb448c] - unable to determine constructor/method parameter names
[DEBUG] 2020-07-13 09:25:45 [main] o.s.b.f.s.DefaultListableBeanFactory - Creating shared instance of singleton bean 'mybatis-tk.mybatis.mapper.autoconfigure.MybatisProperties'
[DEBUG] 2020-07-13 09:25:45 [main] o.s.b.f.s.DefaultListableBeanFactory - Autowiring by type from bean name 'tk.mybatis.mapper.autoconfigure.MapperAutoConfiguration' via constructor to bean named 'mybatis-tk.mybatis.mapper.autoconfigure.MybatisProperties'
[DEBUG] 2020-07-13 09:25:45 [main] o.s.b.f.s.DefaultListableBeanFactory - Autowiring by type from bean name 'tk.mybatis.mapper.autoconfigure.MapperAutoConfiguration' via constructor to bean named 'org.springframework.web.context.support.GenericWebApplicationContext@26df6e3a'
[DEBUG] 2020-07-13 09:25:45 [main] o.s.b.f.s.DefaultListableBeanFactory - Creating shared instance of singleton bean 'org.mybatis.spring.boot.autoconfigure.MybatisAutoConfiguration'
[DEBUG] 2020-07-13 09:25:45 [main] o.s.c.LocalVariableTableParameterNameDiscoverer - Cannot find '.class' file for class [class org.mybatis.spring.boot.autoconfigure.MybatisAutoConfiguration$$EnhancerBySpringCGLIB$$93deee23] - unable to determine constructor/method parameter names
[DEBUG] 2020-07-13 09:25:45 [main] o.s.b.f.s.DefaultListableBeanFactory - Creating shared instance of singleton bean 'mybatis-org.mybatis.spring.boot.autoconfigure.MybatisProperties'
[DEBUG] 2020-07-13 09:25:45 [main] o.s.b.f.s.DefaultListableBeanFactory - Autowiring by type from bean name 'org.mybatis.spring.boot.autoconfigure.MybatisAutoConfiguration' via constructor to bean named 'mybatis-org.mybatis.spring.boot.autoconfigure.MybatisProperties'
[DEBUG] 2020-07-13 09:25:45 [main] o.s.b.f.s.DefaultListableBeanFactory - Autowiring by type from bean name 'org.mybatis.spring.boot.autoconfigure.MybatisAutoConfiguration' via constructor to bean named 'org.springframework.web.context.support.GenericWebApplicationContext@26df6e3a'
[DEBUG] 2020-07-13 09:25:45 [main] o.s.b.f.s.DefaultListableBeanFactory - Creating shared instance of singleton bean 'com.github.pagehelper.autoconfigure.PageHelperAutoConfiguration'
[DEBUG] 2020-07-13 09:25:45 [main] o.s.b.f.s.DefaultListableBeanFactory - Creating shared instance of singleton bean 'pagehelper-com.github.pagehelper.autoconfigure.PageHelperProperties'
[DEBUG] 2020-07-13 09:25:45 [main] o.s.b.f.s.DefaultListableBeanFactory - Creating shared instance of singleton bean 'pageHelperProperties'
[DEBUG] 2020-07-13 09:25:45 [main] o.s.b.f.s.DefaultListableBeanFactory - Creating shared instance of singleton bean 'org.springframework.boot.autoconfigure.context.ConfigurationPropertiesAutoConfiguration'
[DEBUG] 2020-07-13 09:25:45 [main] o.s.b.f.s.DefaultListableBeanFactory - Creating shared instance of singleton bean 'org.springframework.boot.autoconfigure.dao.PersistenceExceptionTranslationAutoConfiguration'
[DEBUG] 2020-07-13 09:25:45 [main] o.s.b.f.s.DefaultListableBeanFactory - Creating shared instance of singleton bean 'org.springframework.boot.autoconfigure.freemarker.FreeMarkerServletWebConfiguration'
[DEBUG] 2020-07-13 09:25:45 [main] o.s.c.LocalVariableTableParameterNameDiscoverer - Cannot find '.class' file for class [class org.springframework.boot.autoconfigure.freemarker.FreeMarkerServletWebConfiguration$$EnhancerBySpringCGLIB$$742317dd] - unable to determine constructor/method parameter names
[DEBUG] 2020-07-13 09:25:45 [main] o.s.b.f.s.DefaultListableBeanFactory - Creating shared instance of singleton bean 'spring.freemarker-org.springframework.boot.autoconfigure.freemarker.FreeMarkerProperties'
[DEBUG] 2020-07-13 09:25:45 [main] o.s.b.f.s.DefaultListableBeanFactory - Autowiring by type from bean name 'org.springframework.boot.autoconfigure.freemarker.FreeMarkerServletWebConfiguration' via constructor to bean named 'spring.freemarker-org.springframework.boot.autoconfigure.freemarker.FreeMarkerProperties'
[DEBUG] 2020-07-13 09:25:45 [main] o.s.b.f.s.DefaultListableBeanFactory - Creating shared instance of singleton bean 'freeMarkerConfiguration'
[DEBUG] 2020-07-13 09:25:45 [main] o.s.b.f.s.DefaultListableBeanFactory - Autowiring by type from bean name 'freeMarkerConfiguration' via factory method to bean named 'freeMarkerConfigurer'
[DEBUG] 2020-07-13 09:25:45 [main] o.s.b.f.s.DefaultListableBeanFactory - Creating shared instance of singleton bean 'freeMarkerViewResolver'
[DEBUG] 2020-07-13 09:25:45 [main] o.s.b.f.s.DefaultListableBeanFactory - Creating shared instance of singleton bean 'org.springframework.boot.autoconfigure.freemarker.FreeMarkerAutoConfiguration'
[DEBUG] 2020-07-13 09:25:45 [main] o.s.c.LocalVariableTableParameterNameDiscoverer - Cannot find '.class' file for class [class org.springframework.boot.autoconfigure.freemarker.FreeMarkerAutoConfiguration$$EnhancerBySpringCGLIB$$e78bcf7d] - unable to determine constructor/method parameter names
[DEBUG] 2020-07-13 09:25:45 [main] o.s.b.f.s.DefaultListableBeanFactory - Autowiring by type from bean name 'org.springframework.boot.autoconfigure.freemarker.FreeMarkerAutoConfiguration' via constructor to bean named 'org.springframework.web.context.support.GenericWebApplicationContext@26df6e3a'
[DEBUG] 2020-07-13 09:25:45 [main] o.s.b.f.s.DefaultListableBeanFactory - Autowiring by type from bean name 'org.springframework.boot.autoconfigure.freemarker.FreeMarkerAutoConfiguration' via constructor to bean named 'spring.freemarker-org.springframework.boot.autoconfigure.freemarker.FreeMarkerProperties'
[DEBUG] 2020-07-13 09:25:45 [main] o.s.b.f.s.DefaultListableBeanFactory - Creating shared instance of singleton bean 'org.springframework.boot.autoconfigure.jackson.JacksonAutoConfiguration$Jackson2ObjectMapperBuilderCustomizerConfiguration'
[DEBUG] 2020-07-13 09:25:45 [main] o.s.b.f.s.DefaultListableBeanFactory - Creating shared instance of singleton bean 'standardJacksonObjectMapperBuilderCustomizer'
[DEBUG] 2020-07-13 09:25:45 [main] o.s.b.f.s.DefaultListableBeanFactory - Creating shared instance of singleton bean 'spring.jackson-org.springframework.boot.autoconfigure.jackson.JacksonProperties'
[DEBUG] 2020-07-13 09:25:45 [main] o.s.b.f.s.DefaultListableBeanFactory - Autowiring by type from bean name 'standardJacksonObjectMapperBuilderCustomizer' via factory method to bean named 'org.springframework.web.context.support.GenericWebApplicationContext@26df6e3a'
[DEBUG] 2020-07-13 09:25:45 [main] o.s.b.f.s.DefaultListableBeanFactory - Autowiring by type from bean name 'standardJacksonObjectMapperBuilderCustomizer' via factory method to bean named 'spring.jackson-org.springframework.boot.autoconfigure.jackson.JacksonProperties'
[DEBUG] 2020-07-13 09:25:45 [main] o.s.b.f.s.DefaultListableBeanFactory - Creating shared instance of singleton bean 'org.springframework.boot.autoconfigure.jackson.JacksonAutoConfiguration$JacksonObjectMapperBuilderConfiguration'
[DEBUG] 2020-07-13 09:25:45 [main] o.s.c.LocalVariableTableParameterNameDiscoverer - Cannot find '.class' file for class [class org.springframework.boot.autoconfigure.jackson.JacksonAutoConfiguration$JacksonObjectMapperBuilderConfiguration$$EnhancerBySpringCGLIB$$6eeade9d] - unable to determine constructor/method parameter names
[DEBUG] 2020-07-13 09:25:45 [main] o.s.b.f.s.DefaultListableBeanFactory - Autowiring by type from bean name 'org.springframework.boot.autoconfigure.jackson.JacksonAutoConfiguration$JacksonObjectMapperBuilderConfiguration' via constructor to bean named 'org.springframework.web.context.support.GenericWebApplicationContext@26df6e3a'
[DEBUG] 2020-07-13 09:25:45 [main] o.s.b.f.s.DefaultListableBeanFactory - Creating shared instance of singleton bean 'jacksonObjectMapperBuilder'
[DEBUG] 2020-07-13 09:25:45 [main] o.s.b.f.s.DefaultListableBeanFactory - Autowiring by type from bean name 'jacksonObjectMapperBuilder' via factory method to bean named 'standardJacksonObjectMapperBuilderCustomizer'
[DEBUG] 2020-07-13 09:25:45 [main] o.s.b.f.s.DefaultListableBeanFactory - Creating shared instance of singleton bean 'parameterNamesModule'
[DEBUG] 2020-07-13 09:25:45 [main] o.s.b.f.s.DefaultListableBeanFactory - Creating shared instance of singleton bean 'org.springframework.boot.autoconfigure.jackson.JacksonAutoConfiguration$ParameterNamesModuleConfiguration'
[DEBUG] 2020-07-13 09:25:45 [main] o.s.b.f.s.DefaultListableBeanFactory - Creating shared instance of singleton bean 'jsonComponentModule'
[DEBUG] 2020-07-13 09:25:45 [main] o.s.b.f.s.DefaultListableBeanFactory - Creating shared instance of singleton bean 'org.springframework.boot.autoconfigure.jackson.JacksonAutoConfiguration'
[DEBUG] 2020-07-13 09:25:45 [main] o.s.b.f.s.DefaultListableBeanFactory - Creating shared instance of singleton bean 'org.springframework.boot.autoconfigure.jackson.JacksonAutoConfiguration$JacksonObjectMapperConfiguration'
[DEBUG] 2020-07-13 09:25:45 [main] o.s.b.f.s.DefaultListableBeanFactory - Creating shared instance of singleton bean 'jacksonObjectMapper'
[DEBUG] 2020-07-13 09:25:45 [main] o.s.b.f.s.DefaultListableBeanFactory - Autowiring by type from bean name 'jacksonObjectMapper' via factory method to bean named 'jacksonObjectMapperBuilder'
[DEBUG] 2020-07-13 09:25:45 [main] o.s.b.f.s.DefaultListableBeanFactory - Creating shared instance of singleton bean 'org.springframework.boot.autoconfigure.http.HttpMessageConvertersAutoConfiguration$StringHttpMessageConverterConfiguration'
[DEBUG] 2020-07-13 09:25:45 [main] o.s.c.LocalVariableTableParameterNameDiscoverer - Cannot find '.class' file for class [class org.springframework.boot.autoconfigure.http.HttpMessageConvertersAutoConfiguration$StringHttpMessageConverterConfiguration$$EnhancerBySpringCGLIB$$ae4c2f27] - unable to determine constructor/method parameter names
[DEBUG] 2020-07-13 09:25:45 [main] o.s.b.f.s.DefaultListableBeanFactory - Autowiring by type from bean name 'org.springframework.boot.autoconfigure.http.HttpMessageConvertersAutoConfiguration$StringHttpMessageConverterConfiguration' via constructor to bean named 'spring.http-org.springframework.boot.autoconfigure.http.HttpProperties'
[DEBUG] 2020-07-13 09:25:45 [main] o.s.b.f.s.DefaultListableBeanFactory - Creating shared instance of singleton bean 'stringHttpMessageConverter'
[DEBUG] 2020-07-13 09:25:45 [main] o.s.b.f.s.DefaultListableBeanFactory - Creating shared instance of singleton bean 'org.springframework.boot.autoconfigure.http.JacksonHttpMessageConvertersConfiguration$MappingJackson2HttpMessageConverterConfiguration'
[DEBUG] 2020-07-13 09:25:45 [main] o.s.b.f.s.DefaultListableBeanFactory - Creating shared instance of singleton bean 'mappingJackson2HttpMessageConverter'
[DEBUG] 2020-07-13 09:25:45 [main] o.s.b.f.s.DefaultListableBeanFactory - Autowiring by type from bean name 'mappingJackson2HttpMessageConverter' via factory method to bean named 'jacksonObjectMapper'
[DEBUG] 2020-07-13 09:25:45 [main] o.s.b.f.s.DefaultListableBeanFactory - Creating shared instance of singleton bean 'org.springframework.boot.autoconfigure.http.JacksonHttpMessageConvertersConfiguration'
[DEBUG] 2020-07-13 09:25:45 [main] o.s.b.f.s.DefaultListableBeanFactory - Creating shared instance of singleton bean 'org.springframework.boot.autoconfigure.http.HttpMessageConvertersAutoConfiguration'
[DEBUG] 2020-07-13 09:25:45 [main] o.s.c.LocalVariableTableParameterNameDiscoverer - Cannot find '.class' file for class [class org.springframework.boot.autoconfigure.http.HttpMessageConvertersAutoConfiguration$$EnhancerBySpringCGLIB$$7b3e6887] - unable to determine constructor/method parameter names
[DEBUG] 2020-07-13 09:25:45 [main] o.s.b.f.s.DefaultListableBeanFactory - Creating shared instance of singleton bean 'messageConverters'
[DEBUG] 2020-07-13 09:25:45 [main] o.s.b.f.s.DefaultListableBeanFactory - Creating shared instance of singleton bean 'org.springframework.boot.autoconfigure.http.codec.CodecsAutoConfiguration$LoggingCodecConfiguration'
[DEBUG] 2020-07-13 09:25:45 [main] o.s.b.f.s.DefaultListableBeanFactory - Creating shared instance of singleton bean 'loggingCodecCustomizer'
[DEBUG] 2020-07-13 09:25:45 [main] o.s.b.f.s.DefaultListableBeanFactory - Autowiring by type from bean name 'loggingCodecCustomizer' via factory method to bean named 'spring.http-org.springframework.boot.autoconfigure.http.HttpProperties'
[DEBUG] 2020-07-13 09:25:45 [main] o.s.b.f.s.DefaultListableBeanFactory - Creating shared instance of singleton bean 'org.springframework.boot.autoconfigure.http.codec.CodecsAutoConfiguration$JacksonCodecConfiguration'
[DEBUG] 2020-07-13 09:25:45 [main] o.s.b.f.s.DefaultListableBeanFactory - Creating shared instance of singleton bean 'jacksonCodecCustomizer'
[DEBUG] 2020-07-13 09:25:45 [main] o.s.b.f.s.DefaultListableBeanFactory - Autowiring by type from bean name 'jacksonCodecCustomizer' via factory method to bean named 'jacksonObjectMapper'
[DEBUG] 2020-07-13 09:25:45 [main] o.s.b.f.s.DefaultListableBeanFactory - Creating shared instance of singleton bean 'org.springframework.boot.autoconfigure.http.codec.CodecsAutoConfiguration'
[DEBUG] 2020-07-13 09:25:45 [main] o.s.b.f.s.DefaultListableBeanFactory - Creating shared instance of singleton bean 'org.springframework.boot.autoconfigure.info.ProjectInfoAutoConfiguration'
[DEBUG] 2020-07-13 09:25:45 [main] o.s.c.LocalVariableTableParameterNameDiscoverer - Cannot find '.class' file for class [class org.springframework.boot.autoconfigure.info.ProjectInfoAutoConfiguration$$EnhancerBySpringCGLIB$$9d04aa0c] - unable to determine constructor/method parameter names
[DEBUG] 2020-07-13 09:25:45 [main] o.s.b.f.s.DefaultListableBeanFactory - Creating shared instance of singleton bean 'spring.info-org.springframework.boot.autoconfigure.info.ProjectInfoProperties'
[DEBUG] 2020-07-13 09:25:45 [main] o.s.b.f.s.DefaultListableBeanFactory - Autowiring by type from bean name 'org.springframework.boot.autoconfigure.info.ProjectInfoAutoConfiguration' via constructor to bean named 'spring.info-org.springframework.boot.autoconfigure.info.ProjectInfoProperties'
[DEBUG] 2020-07-13 09:25:45 [main] o.s.b.f.s.DefaultListableBeanFactory - Creating shared instance of singleton bean 'org.springframework.boot.autoconfigure.jdbc.JdbcTemplateAutoConfiguration$JdbcTemplateConfiguration'
[DEBUG] 2020-07-13 09:25:45 [main] o.s.c.LocalVariableTableParameterNameDiscoverer - Cannot find '.class' file for class [class org.springframework.boot.autoconfigure.jdbc.JdbcTemplateAutoConfiguration$JdbcTemplateConfiguration$$EnhancerBySpringCGLIB$$7995cb60] - unable to determine constructor/method parameter names
[DEBUG] 2020-07-13 09:25:45 [main] o.s.b.f.s.DefaultListableBeanFactory - Creating shared instance of singleton bean 'spring.jdbc-org.springframework.boot.autoconfigure.jdbc.JdbcProperties'
[DEBUG] 2020-07-13 09:25:45 [main] o.s.b.f.s.DefaultListableBeanFactory - Autowiring by type from bean name 'org.springframework.boot.autoconfigure.jdbc.JdbcTemplateAutoConfiguration$JdbcTemplateConfiguration' via constructor to bean named 'masterDatasource'
[DEBUG] 2020-07-13 09:25:45 [main] o.s.b.f.s.DefaultListableBeanFactory - Autowiring by type from bean name 'org.springframework.boot.autoconfigure.jdbc.JdbcTemplateAutoConfiguration$JdbcTemplateConfiguration' via constructor to bean named 'spring.jdbc-org.springframework.boot.autoconfigure.jdbc.JdbcProperties'
[DEBUG] 2020-07-13 09:25:45 [main] o.s.b.f.s.DefaultListableBeanFactory - Creating shared instance of singleton bean 'jdbcTemplate'
[DEBUG] 2020-07-13 09:25:45 [main] o.s.b.f.s.DefaultListableBeanFactory - Creating shared instance of singleton bean 'org.springframework.boot.autoconfigure.jdbc.JdbcTemplateAutoConfiguration$NamedParameterJdbcTemplateConfiguration'
[DEBUG] 2020-07-13 09:25:45 [main] o.s.b.f.s.DefaultListableBeanFactory - Creating shared instance of singleton bean 'namedParameterJdbcTemplate'
[DEBUG] 2020-07-13 09:25:45 [main] o.s.b.f.s.DefaultListableBeanFactory - Autowiring by type from bean name 'namedParameterJdbcTemplate' via factory method to bean named 'jdbcTemplate'
[DEBUG] 2020-07-13 09:25:45 [main] o.s.b.f.s.DefaultListableBeanFactory - Creating shared instance of singleton bean 'org.springframework.boot.autoconfigure.jdbc.JdbcTemplateAutoConfiguration'
[DEBUG] 2020-07-13 09:25:45 [main] o.s.b.f.s.DefaultListableBeanFactory - Creating shared instance of singleton bean 'org.springframework.boot.autoconfigure.task.TaskSchedulingAutoConfiguration'
[DEBUG] 2020-07-13 09:25:45 [main] o.s.b.f.s.DefaultListableBeanFactory - Creating shared instance of singleton bean 'taskSchedulerBuilder'
[DEBUG] 2020-07-13 09:25:45 [main] o.s.b.f.s.DefaultListableBeanFactory - Creating shared instance of singleton bean 'spring.task.scheduling-org.springframework.boot.autoconfigure.task.TaskSchedulingProperties'
[DEBUG] 2020-07-13 09:25:45 [main] o.s.b.f.s.DefaultListableBeanFactory - Autowiring by type from bean name 'taskSchedulerBuilder' via factory method to bean named 'spring.task.scheduling-org.springframework.boot.autoconfigure.task.TaskSchedulingProperties'
[DEBUG] 2020-07-13 09:25:45 [main] o.s.b.f.s.DefaultListableBeanFactory - Creating shared instance of singleton bean 'org.springframework.boot.autoconfigure.jdbc.DataSourceTransactionManagerAutoConfiguration$DataSourceTransactionManagerConfiguration'
[DEBUG] 2020-07-13 09:25:45 [main] o.s.c.LocalVariableTableParameterNameDiscoverer - Cannot find '.class' file for class [class org.springframework.boot.autoconfigure.jdbc.DataSourceTransactionManagerAutoConfiguration$DataSourceTransactionManagerConfiguration$$EnhancerBySpringCGLIB$$e0b3562] - unable to determine constructor/method parameter names
[DEBUG] 2020-07-13 09:25:45 [main] o.s.b.f.s.DefaultListableBeanFactory - Autowiring by type from bean name 'org.springframework.boot.autoconfigure.jdbc.DataSourceTransactionManagerAutoConfiguration$DataSourceTransactionManagerConfiguration' via constructor to bean named 'masterDatasource'
[DEBUG] 2020-07-13 09:25:45 [main] o.s.b.f.s.DefaultListableBeanFactory - Creating shared instance of singleton bean 'platformTransactionManagerCustomizers'
[DEBUG] 2020-07-13 09:25:45 [main] o.s.b.f.s.DefaultListableBeanFactory - Creating shared instance of singleton bean 'org.springframework.boot.autoconfigure.transaction.TransactionAutoConfiguration'
[DEBUG] 2020-07-13 09:25:45 [main] o.s.b.f.s.DefaultListableBeanFactory - Creating shared instance of singleton bean 'spring.transaction-org.springframework.boot.autoconfigure.transaction.TransactionProperties'
[DEBUG] 2020-07-13 09:25:45 [main] o.s.b.f.s.DefaultListableBeanFactory - Creating shared instance of singleton bean 'org.springframework.boot.autoconfigure.jdbc.DataSourceTransactionManagerAutoConfiguration'
[DEBUG] 2020-07-13 09:25:45 [main] o.s.b.f.s.DefaultListableBeanFactory - Creating shared instance of singleton bean 'org.springframework.boot.autoconfigure.transaction.TransactionAutoConfiguration$TransactionTemplateConfiguration'
[DEBUG] 2020-07-13 09:25:45 [main] o.s.c.LocalVariableTableParameterNameDiscoverer - Cannot find '.class' file for class [class org.springframework.boot.autoconfigure.transaction.TransactionAutoConfiguration$TransactionTemplateConfiguration$$EnhancerBySpringCGLIB$$5f94fa35] - unable to determine constructor/method parameter names
[DEBUG] 2020-07-13 09:25:45 [main] o.s.b.f.s.DefaultListableBeanFactory - Autowiring by type from bean name 'org.springframework.boot.autoconfigure.transaction.TransactionAutoConfiguration$TransactionTemplateConfiguration' via constructor to bean named 'masterDataSourceTransactionManager'
[DEBUG] 2020-07-13 09:25:45 [main] o.s.b.f.s.DefaultListableBeanFactory - Creating shared instance of singleton bean 'transactionTemplate'
[DEBUG] 2020-07-13 09:25:45 [main] o.s.b.f.s.DefaultListableBeanFactory - Creating shared instance of singleton bean 'org.springframework.boot.autoconfigure.web.client.RestTemplateAutoConfiguration'
[DEBUG] 2020-07-13 09:25:45 [main] o.s.c.LocalVariableTableParameterNameDiscoverer - Cannot find '.class' file for class [class org.springframework.boot.autoconfigure.web.client.RestTemplateAutoConfiguration$$EnhancerBySpringCGLIB$$fc209674] - unable to determine constructor/method parameter names
[DEBUG] 2020-07-13 09:25:45 [main] o.s.b.f.s.DefaultListableBeanFactory - Creating shared instance of singleton bean 'restTemplateBuilder'
[DEBUG] 2020-07-13 09:25:45 [main] o.s.b.f.s.DefaultListableBeanFactory - Creating shared instance of singleton bean 'org.springframework.boot.autoconfigure.web.embedded.EmbeddedWebServerFactoryCustomizerAutoConfiguration'
[DEBUG] 2020-07-13 09:25:45 [main] o.s.b.f.s.DefaultListableBeanFactory - Creating shared instance of singleton bean 'characterEncodingFilter'
[DEBUG] 2020-07-13 09:25:45 [main] o.s.b.f.s.DefaultListableBeanFactory - Creating shared instance of singleton bean 'multipartResolver'
[DEBUG] 2020-07-13 09:25:45 [main] o.s.t.c.c.DefaultCacheAwareContextLoaderDelegate - Storing ApplicationContext in cache under key [[WebMergedContextConfiguration@515c6049 testClass = ApplicationTests, locations = '{}', classes = '{class com.kingdee.inte.teamwork.Application}', contextInitializerClasses = '[]', activeProfiles = '{}', propertySourceLocations = '{}', propertySourceProperties = '{org.springframework.boot.test.context.SpringBootTestContextBootstrapper=true}', contextCustomizers = set[org.springframework.boot.test.context.filter.ExcludeFilterContextCustomizer@1d371b2d, org.springframework.boot.test.json.DuplicateJsonObjectContextCustomizerFactory$DuplicateJsonObjectContextCustomizer@51c8530f, org.springframework.boot.test.mock.mockito.MockitoContextCustomizer@0, org.springframework.boot.test.web.client.TestRestTemplateContextCustomizer@704d6e83, org.springframework.boot.test.autoconfigure.properties.PropertyMappingContextCustomizer@0, org.springframework.boot.test.autoconfigure.web.servlet.WebDriverContextCustomizerFactory$Customizer@24a35978], resourceBasePath = 'src/main/webapp', contextLoader = 'org.springframework.boot.test.context.SpringBootContextLoader', parent = [null]]]
[DEBUG] 2020-07-13 09:25:45 [main] o.springframework.test.context.cache - Spring test ApplicationContext cache statistics: [DefaultContextCache@671d1157 size = 1, maxSize = 32, parentContextCount = 0, hitCount = 0, missCount = 1]
[DEBUG] 2020-07-13 09:25:45 [main] o.s.t.c.w.ServletTestExecutionListener - Setting up MockHttpServletRequest, MockHttpServletResponse, ServletWebRequest, and RequestContextHolder for test context [DefaultTestContext@33d512c1 testClass = ApplicationTests, testInstance = com.kingdee.inte.teamwork.ApplicationTests@c755b2, testMethod = [null], testException = [null], mergedContextConfiguration = [WebMergedContextConfiguration@515c6049 testClass = ApplicationTests, locations = '{}', classes = '{class com.kingdee.inte.teamwork.Application}', contextInitializerClasses = '[]', activeProfiles = '{}', propertySourceLocations = '{}', propertySourceProperties = '{org.springframework.boot.test.context.SpringBootTestContextBootstrapper=true}', contextCustomizers = set[org.springframework.boot.test.context.filter.ExcludeFilterContextCustomizer@1d371b2d, org.springframework.boot.test.json.DuplicateJsonObjectContextCustomizerFactory$DuplicateJsonObjectContextCustomizer@51c8530f, org.springframework.boot.test.mock.mockito.MockitoContextCustomizer@0, org.springframework.boot.test.web.client.TestRestTemplateContextCustomizer@704d6e83, org.springframework.boot.test.autoconfigure.properties.PropertyMappingContextCustomizer@0, org.springframework.boot.test.autoconfigure.web.servlet.WebDriverContextCustomizerFactory$Customizer@24a35978], resourceBasePath = 'src/main/webapp', contextLoader = 'org.springframework.boot.test.context.SpringBootContextLoader', parent = [null]], attributes = map['org.springframework.test.context.web.ServletTestExecutionListener.activateListener' -> true]].
[DEBUG] 2020-07-13 09:25:45 [main] o.s.t.c.s.DependencyInjectionTestExecutionListener - Performing dependency injection for test context [[DefaultTestContext@33d512c1 testClass = ApplicationTests, testInstance = com.kingdee.inte.teamwork.ApplicationTests@c755b2, testMethod = [null], testException = [null], mergedContextConfiguration = [WebMergedContextConfiguration@515c6049 testClass = ApplicationTests, locations = '{}', classes = '{class com.kingdee.inte.teamwork.Application}', contextInitializerClasses = '[]', activeProfiles = '{}', propertySourceLocations = '{}', propertySourceProperties = '{org.springframework.boot.test.context.SpringBootTestContextBootstrapper=true}', contextCustomizers = set[org.springframework.boot.test.context.filter.ExcludeFilterContextCustomizer@1d371b2d, org.springframework.boot.test.json.DuplicateJsonObjectContextCustomizerFactory$DuplicateJsonObjectContextCustomizer@51c8530f, org.springframework.boot.test.mock.mockito.MockitoContextCustomizer@0, org.springframework.boot.test.web.client.TestRestTemplateContextCustomizer@704d6e83, org.springframework.boot.test.autoconfigure.properties.PropertyMappingContextCustomizer@0, org.springframework.boot.test.autoconfigure.web.servlet.WebDriverContextCustomizerFactory$Customizer@24a35978], resourceBasePath = 'src/main/webapp', contextLoader = 'org.springframework.boot.test.context.SpringBootContextLoader', parent = [null]], attributes = map['org.springframework.test.context.web.ServletTestExecutionListener.activateListener' -> true, 'org.springframework.test.context.web.ServletTestExecutionListener.populatedRequestContextHolder' -> true, 'org.springframework.test.context.web.ServletTestExecutionListener.resetRequestContextHolder' -> true]]].
[DEBUG] 2020-07-13 09:25:45 [main] o.s.t.c.c.DefaultCacheAwareContextLoaderDelegate - Retrieved ApplicationContext from cache with key [[WebMergedContextConfiguration@515c6049 testClass = ApplicationTests, locations = '{}', classes = '{class com.kingdee.inte.teamwork.Application}', contextInitializerClasses = '[]', activeProfiles = '{}', propertySourceLocations = '{}', propertySourceProperties = '{org.springframework.boot.test.context.SpringBootTestContextBootstrapper=true}', contextCustomizers = set[org.springframework.boot.test.context.filter.ExcludeFilterContextCustomizer@1d371b2d, org.springframework.boot.test.json.DuplicateJsonObjectContextCustomizerFactory$DuplicateJsonObjectContextCustomizer@51c8530f, org.springframework.boot.test.mock.mockito.MockitoContextCustomizer@0, org.springframework.boot.test.web.client.TestRestTemplateContextCustomizer@704d6e83, org.springframework.boot.test.autoconfigure.properties.PropertyMappingContextCustomizer@0, org.springframework.boot.test.autoconfigure.web.servlet.WebDriverContextCustomizerFactory$Customizer@24a35978], resourceBasePath = 'src/main/webapp', contextLoader = 'org.springframework.boot.test.context.SpringBootContextLoader', parent = [null]]]
[DEBUG] 2020-07-13 09:25:45 [main] o.springframework.test.context.cache - Spring test ApplicationContext cache statistics: [DefaultContextCache@671d1157 size = 1, maxSize = 32, parentContextCount = 0, hitCount = 1, missCount = 1]
[DEBUG] 2020-07-13 09:25:45 [main] o.s.t.c.s.AbstractDirtiesContextTestExecutionListener - Before test method: context [DefaultTestContext@33d512c1 testClass = ApplicationTests, testInstance = com.kingdee.inte.teamwork.ApplicationTests@c755b2, testMethod = contextLoads@ApplicationTests, testException = [null], mergedContextConfiguration = [WebMergedContextConfiguration@515c6049 testClass = ApplicationTests, locations = '{}', classes = '{class com.kingdee.inte.teamwork.Application}', contextInitializerClasses = '[]', activeProfiles = '{}', propertySourceLocations = '{}', propertySourceProperties = '{org.springframework.boot.test.context.SpringBootTestContextBootstrapper=true}', contextCustomizers = set[org.springframework.boot.test.context.filter.ExcludeFilterContextCustomizer@1d371b2d, org.springframework.boot.test.json.DuplicateJsonObjectContextCustomizerFactory$DuplicateJsonObjectContextCustomizer@51c8530f, org.springframework.boot.test.mock.mockito.MockitoContextCustomizer@0, org.springframework.boot.test.web.client.TestRestTemplateContextCustomizer@704d6e83, org.springframework.boot.test.autoconfigure.properties.PropertyMappingContextCustomizer@0, org.springframework.boot.test.autoconfigure.web.servlet.WebDriverContextCustomizerFactory$Customizer@24a35978], resourceBasePath = 'src/main/webapp', contextLoader = 'org.springframework.boot.test.context.SpringBootContextLoader', parent = [null]], attributes = map['org.springframework.test.context.web.ServletTestExecutionListener.activateListener' -> true, 'org.springframework.test.context.web.ServletTestExecutionListener.populatedRequestContextHolder' -> true, 'org.springframework.test.context.web.ServletTestExecutionListener.resetRequestContextHolder' -> true]], class annotated with @DirtiesContext [false] with mode [null], method annotated with @DirtiesContext [false] with mode [null].
[DEBUG] 2020-07-13 09:25:45 [main] o.s.t.c.c.DefaultCacheAwareContextLoaderDelegate - Retrieved ApplicationContext from cache with key [[WebMergedContextConfiguration@515c6049 testClass = ApplicationTests, locations = '{}', classes = '{class com.kingdee.inte.teamwork.Application}', contextInitializerClasses = '[]', activeProfiles = '{}', propertySourceLocations = '{}', propertySourceProperties = '{org.springframework.boot.test.context.SpringBootTestContextBootstrapper=true}', contextCustomizers = set[org.springframework.boot.test.context.filter.ExcludeFilterContextCustomizer@1d371b2d, org.springframework.boot.test.json.DuplicateJsonObjectContextCustomizerFactory$DuplicateJsonObjectContextCustomizer@51c8530f, org.springframework.boot.test.mock.mockito.MockitoContextCustomizer@0, org.springframework.boot.test.web.client.TestRestTemplateContextCustomizer@704d6e83, org.springframework.boot.test.autoconfigure.properties.PropertyMappingContextCustomizer@0, org.springframework.boot.test.autoconfigure.web.servlet.WebDriverContextCustomizerFactory$Customizer@24a35978], resourceBasePath = 'src/main/webapp', contextLoader = 'org.springframework.boot.test.context.SpringBootContextLoader', parent = [null]]]
[DEBUG] 2020-07-13 09:25:45 [main] o.springframework.test.context.cache - Spring test ApplicationContext cache statistics: [DefaultContextCache@671d1157 size = 1, maxSize = 32, parentContextCount = 0, hitCount = 2, missCount = 1]
[DEBUG] 2020-07-13 09:25:45 [main] o.s.t.c.c.DefaultCacheAwareContextLoaderDelegate - Retrieved ApplicationContext from cache with key [[WebMergedContextConfiguration@515c6049 testClass = ApplicationTests, locations = '{}', classes = '{class com.kingdee.inte.teamwork.Application}', contextInitializerClasses = '[]', activeProfiles = '{}', propertySourceLocations = '{}', propertySourceProperties = '{org.springframework.boot.test.context.SpringBootTestContextBootstrapper=true}', contextCustomizers = set[org.springframework.boot.test.context.filter.ExcludeFilterContextCustomizer@1d371b2d, org.springframework.boot.test.json.DuplicateJsonObjectContextCustomizerFactory$DuplicateJsonObjectContextCustomizer@51c8530f, org.springframework.boot.test.mock.mockito.MockitoContextCustomizer@0, org.springframework.boot.test.web.client.TestRestTemplateContextCustomizer@704d6e83, org.springframework.boot.test.autoconfigure.properties.PropertyMappingContextCustomizer@0, org.springframework.boot.test.autoconfigure.web.servlet.WebDriverContextCustomizerFactory$Customizer@24a35978], resourceBasePath = 'src/main/webapp', contextLoader = 'org.springframework.boot.test.context.SpringBootContextLoader', parent = [null]]]
[DEBUG] 2020-07-13 09:25:45 [main] o.springframework.test.context.cache - Spring test ApplicationContext cache statistics: [DefaultContextCache@671d1157 size = 1, maxSize = 32, parentContextCount = 0, hitCount = 3, missCount = 1]
[DEBUG] 2020-07-13 09:25:45 [main] o.s.t.c.c.DefaultCacheAwareContextLoaderDelegate - Retrieved ApplicationContext from cache with key [[WebMergedContextConfiguration@515c6049 testClass = ApplicationTests, locations = '{}', classes = '{class com.kingdee.inte.teamwork.Application}', contextInitializerClasses = '[]', activeProfiles = '{}', propertySourceLocations = '{}', propertySourceProperties = '{org.springframework.boot.test.context.SpringBootTestContextBootstrapper=true}', contextCustomizers = set[org.springframework.boot.test.context.filter.ExcludeFilterContextCustomizer@1d371b2d, org.springframework.boot.test.json.DuplicateJsonObjectContextCustomizerFactory$DuplicateJsonObjectContextCustomizer@51c8530f, org.springframework.boot.test.mock.mockito.MockitoContextCustomizer@0, org.springframework.boot.test.web.client.TestRestTemplateContextCustomizer@704d6e83, org.springframework.boot.test.autoconfigure.properties.PropertyMappingContextCustomizer@0, org.springframework.boot.test.autoconfigure.web.servlet.WebDriverContextCustomizerFactory$Customizer@24a35978], resourceBasePath = 'src/main/webapp', contextLoader = 'org.springframework.boot.test.context.SpringBootContextLoader', parent = [null]]]
[DEBUG] 2020-07-13 09:25:45 [main] o.springframework.test.context.cache - Spring test ApplicationContext cache statistics: [DefaultContextCache@671d1157 size = 1, maxSize = 32, parentContextCount = 0, hitCount = 4, missCount = 1]
[DEBUG] 2020-07-13 09:25:45 [main] o.s.t.c.c.DefaultCacheAwareContextLoaderDelegate - Retrieved ApplicationContext from cache with key [[WebMergedContextConfiguration@515c6049 testClass = ApplicationTests, locations = '{}', classes = '{class com.kingdee.inte.teamwork.Application}', contextInitializerClasses = '[]', activeProfiles = '{}', propertySourceLocations = '{}', propertySourceProperties = '{org.springframework.boot.test.context.SpringBootTestContextBootstrapper=true}', contextCustomizers = set[org.springframework.boot.test.context.filter.ExcludeFilterContextCustomizer@1d371b2d, org.springframework.boot.test.json.DuplicateJsonObjectContextCustomizerFactory$DuplicateJsonObjectContextCustomizer@51c8530f, org.springframework.boot.test.mock.mockito.MockitoContextCustomizer@0, org.springframework.boot.test.web.client.TestRestTemplateContextCustomizer@704d6e83, org.springframework.boot.test.autoconfigure.properties.PropertyMappingContextCustomizer@0, org.springframework.boot.test.autoconfigure.web.servlet.WebDriverContextCustomizerFactory$Customizer@24a35978], resourceBasePath = 'src/main/webapp', contextLoader = 'org.springframework.boot.test.context.SpringBootContextLoader', parent = [null]]]
[DEBUG] 2020-07-13 09:25:45 [main] o.springframework.test.context.cache - Spring test ApplicationContext cache statistics: [DefaultContextCache@671d1157 size = 1, maxSize = 32, parentContextCount = 0, hitCount = 5, missCount = 1]
[DEBUG] 2020-07-13 09:25:45 [main] o.s.t.c.s.AbstractDirtiesContextTestExecutionListener - After test method: context [DefaultTestContext@33d512c1 testClass = ApplicationTests, testInstance = com.kingdee.inte.teamwork.ApplicationTests@c755b2, testMethod = contextLoads@ApplicationTests, testException = [null], mergedContextConfiguration = [WebMergedContextConfiguration@515c6049 testClass = ApplicationTests, locations = '{}', classes = '{class com.kingdee.inte.teamwork.Application}', contextInitializerClasses = '[]', activeProfiles = '{}', propertySourceLocations = '{}', propertySourceProperties = '{org.springframework.boot.test.context.SpringBootTestContextBootstrapper=true}', contextCustomizers = set[org.springframework.boot.test.context.filter.ExcludeFilterContextCustomizer@1d371b2d, org.springframework.boot.test.json.DuplicateJsonObjectContextCustomizerFactory$DuplicateJsonObjectContextCustomizer@51c8530f, org.springframework.boot.test.mock.mockito.MockitoContextCustomizer@0, org.springframework.boot.test.web.client.TestRestTemplateContextCustomizer@704d6e83, org.springframework.boot.test.autoconfigure.properties.PropertyMappingContextCustomizer@0, org.springframework.boot.test.autoconfigure.web.servlet.WebDriverContextCustomizerFactory$Customizer@24a35978], resourceBasePath = 'src/main/webapp', contextLoader = 'org.springframework.boot.test.context.SpringBootContextLoader', parent = [null]], attributes = map['org.springframework.test.context.web.ServletTestExecutionListener.activateListener' -> true, 'org.springframework.test.context.web.ServletTestExecutionListener.populatedRequestContextHolder' -> true, 'org.springframework.test.context.web.ServletTestExecutionListener.resetRequestContextHolder' -> true]], class annotated with @DirtiesContext [false] with mode [null], method annotated with @DirtiesContext [false] with mode [null].
[DEBUG] 2020-07-13 09:25:45 [main] o.s.t.c.w.ServletTestExecutionListener - Resetting RequestContextHolder for test context [DefaultTestContext@33d512c1 testClass = ApplicationTests, testInstance = com.kingdee.inte.teamwork.ApplicationTests@c755b2, testMethod = contextLoads@ApplicationTests, testException = [null], mergedContextConfiguration = [WebMergedContextConfiguration@515c6049 testClass = ApplicationTests, locations = '{}', classes = '{class com.kingdee.inte.teamwork.Application}', contextInitializerClasses = '[]', activeProfiles = '{}', propertySourceLocations = '{}', propertySourceProperties = '{org.springframework.boot.test.context.SpringBootTestContextBootstrapper=true}', contextCustomizers = set[org.springframework.boot.test.context.filter.ExcludeFilterContextCustomizer@1d371b2d, org.springframework.boot.test.json.DuplicateJsonObjectContextCustomizerFactory$DuplicateJsonObjectContextCustomizer@51c8530f, org.springframework.boot.test.mock.mockito.MockitoContextCustomizer@0, org.springframework.boot.test.web.client.TestRestTemplateContextCustomizer@704d6e83, org.springframework.boot.test.autoconfigure.properties.PropertyMappingContextCustomizer@0, org.springframework.boot.test.autoconfigure.web.servlet.WebDriverContextCustomizerFactory$Customizer@24a35978], resourceBasePath = 'src/main/webapp', contextLoader = 'org.springframework.boot.test.context.SpringBootContextLoader', parent = [null]], attributes = map['org.springframework.test.context.web.ServletTestExecutionListener.activateListener' -> true, 'org.springframework.test.context.web.ServletTestExecutionListener.populatedRequestContextHolder' -> true, 'org.springframework.test.context.web.ServletTestExecutionListener.resetRequestContextHolder' -> true]].
[DEBUG] 2020-07-13 09:25:45 [main] o.s.t.c.s.AbstractDirtiesContextTestExecutionListener - After test class: context [DefaultTestContext@33d512c1 testClass = ApplicationTests, testInstance = [null], testMethod = [null], testException = [null], mergedContextConfiguration = [WebMergedContextConfiguration@515c6049 testClass = ApplicationTests, locations = '{}', classes = '{class com.kingdee.inte.teamwork.Application}', contextInitializerClasses = '[]', activeProfiles = '{}', propertySourceLocations = '{}', propertySourceProperties = '{org.springframework.boot.test.context.SpringBootTestContextBootstrapper=true}', contextCustomizers = set[org.springframework.boot.test.context.filter.ExcludeFilterContextCustomizer@1d371b2d, org.springframework.boot.test.json.DuplicateJsonObjectContextCustomizerFactory$DuplicateJsonObjectContextCustomizer@51c8530f, org.springframework.boot.test.mock.mockito.MockitoContextCustomizer@0, org.springframework.boot.test.web.client.TestRestTemplateContextCustomizer@704d6e83, org.springframework.boot.test.autoconfigure.properties.PropertyMappingContextCustomizer@0, org.springframework.boot.test.autoconfigure.web.servlet.WebDriverContextCustomizerFactory$Customizer@24a35978], resourceBasePath = 'src/main/webapp', contextLoader = 'org.springframework.boot.test.context.SpringBootContextLoader', parent = [null]], attributes = map['org.springframework.test.context.web.ServletTestExecutionListener.activateListener' -> true, 'org.springframework.test.context.support.DependencyInjectionTestExecutionListener.reinjectDependencies' -> true]], class annotated with @DirtiesContext [false] with mode [null].
[DEBUG] 2020-07-13 09:25:45 [Thread-2] o.s.w.c.s.GenericWebApplicationContext - Closing org.springframework.web.context.support.GenericWebApplicationContext@26df6e3a, started on Mon Jul 13 09:25:46 CST 2020
