[INFO ] 2020-08-04 09:09:01 [main] c.kingdee.inte.teamwork.Application - Starting Application on ZBTS2003-04194 with PID 16288 (E:\ideaWorkspace\teamwork\target\classes started by Administrator in E:\ideaWorkspace\teamwork)
[INFO ] 2020-08-04 09:09:01 [main] c.kingdee.inte.teamwork.Application - The following profiles are active: dev
[INFO ] 2020-08-04 09:09:01 [main] o.s.b.d.e.DevToolsPropertyDefaultsPostProcessor - Devtools property defaults active! Set 'spring.devtools.add-properties' to 'false' to disable
[INFO ] 2020-08-04 09:09:01 [main] o.s.b.d.e.DevToolsPropertyDefaultsPostProcessor - For additional web related logging consider setting the 'logging.level.web' property to 'DEBUG'
[INFO ] 2020-08-04 09:09:01 [main] o.s.b.w.e.tomcat.TomcatWebServer - Tomcat initialized with port(s): 10001 (http)
[INFO ] 2020-08-04 09:09:01 [main] o.a.coyote.http11.Http11NioProtocol - Initializing ProtocolHandler ["http-nio-10001"]
[INFO ] 2020-08-04 09:09:01 [main] o.a.catalina.core.StandardService - Starting service [Tomcat]
[INFO ] 2020-08-04 09:09:01 [main] o.a.catalina.core.StandardEngine - Starting Servlet engine: [Apache Tomcat/9.0.16]
[INFO ] 2020-08-04 09:09:01 [main] o.a.c.core.AprLifecycleListener - The APR based Apache Tomcat Native library which allows optimal performance in production environments was not found on the java.library.path: [C:\Program Files\Java\jdk1.8.0_241\bin;C:\Windows\Sun\Java\bin;C:\Windows\system32;C:\Windows;C:\Program Files (x86)\Common Files\Oracle\Java\javapath;D:\SmartDepServer;C:\Windows\system32;C:\Windows;C:\Windows\System32\Wbem;C:\Windows\System32\WindowsPowerShell\v1.0\;C:\Windows\System32\OpenSSH\;C:\Program Files\Java\jdk1.8.0_241\bin;C:\Program Files\Java\jdk1.8.0_241\jre\bin;D:\gradle-4.10\bin;D:\apache-maven-3.5.0\bin;C:\Program Files\Git\cmd;D:\Microsoft VS Code\bin;C:\Program Files\MySQL\MySQL Shell 8.0\bin\;C:\Users\Administrator\AppData\Local\Microsoft\WindowsApps;;D:\ideal\IntelliJ IDEA 2020.2\bin;;.]
[INFO ] 2020-08-04 09:09:01 [main] o.a.c.c.C.[Tomcat].[localhost].[/] - Initializing Spring embedded WebApplicationContext
[INFO ] 2020-08-04 09:09:01 [main] o.s.web.context.ContextLoader - Root WebApplicationContext: initialization completed in 5890 ms
[INFO ] 2020-08-04 09:09:01 [main] o.s.b.web.servlet.RegistrationBean - Servlet statViewServlet was not registered (possibly already registered?)
[INFO ] 2020-08-04 09:09:01 [main] o.s.b.web.servlet.RegistrationBean - Filter webStatFilter was not registered (possibly already registered?)
[INFO ] 2020-08-04 09:09:01 [main] o.s.b.d.a.OptionalLiveReloadServer - LiveReload server is running on port 35729
[INFO ] 2020-08-04 09:09:01 [main] o.a.coyote.http11.Http11NioProtocol - Starting ProtocolHandler ["http-nio-10001"]
[INFO ] 2020-08-04 09:09:01 [main] o.s.b.w.e.tomcat.TomcatWebServer - Tomcat started on port(s): 10001 (http) with context path ''
[INFO ] 2020-08-04 09:09:01 [main] c.kingdee.inte.teamwork.Application - Started Application in 13.224 seconds (JVM running for 29.912)
[INFO ] 2020-08-04 09:09:01 [http-nio-10001-exec-2] o.a.c.c.C.[Tomcat].[localhost].[/] - Initializing Spring DispatcherServlet 'dispatcherServlet'
[INFO ] 2020-08-04 09:09:01 [http-nio-10001-exec-2] o.s.web.servlet.DispatcherServlet - Initializing Servlet 'dispatcherServlet'
[INFO ] 2020-08-04 09:09:01 [http-nio-10001-exec-2] o.s.web.servlet.DispatcherServlet - Completed initialization in 28 ms
[INFO ] 2020-08-04 09:52:48 [main] c.kingdee.inte.teamwork.Application - Starting Application on ZBTS2003-04194 with PID 17376 (E:\ideaWorkspace\teamwork\target\classes started by Administrator in E:\ideaWorkspace\teamwork)
[INFO ] 2020-08-04 09:52:48 [main] c.kingdee.inte.teamwork.Application - The following profiles are active: dev
[INFO ] 2020-08-04 09:52:48 [main] o.s.b.d.e.DevToolsPropertyDefaultsPostProcessor - Devtools property defaults active! Set 'spring.devtools.add-properties' to 'false' to disable
[INFO ] 2020-08-04 09:52:48 [main] o.s.b.d.e.DevToolsPropertyDefaultsPostProcessor - For additional web related logging consider setting the 'logging.level.web' property to 'DEBUG'
[INFO ] 2020-08-04 09:52:48 [main] o.s.b.w.e.tomcat.TomcatWebServer - Tomcat initialized with port(s): 10001 (http)
[INFO ] 2020-08-04 09:52:48 [main] o.a.coyote.http11.Http11NioProtocol - Initializing ProtocolHandler ["http-nio-10001"]
[INFO ] 2020-08-04 09:52:48 [main] o.a.catalina.core.StandardService - Starting service [Tomcat]
[INFO ] 2020-08-04 09:52:48 [main] o.a.catalina.core.StandardEngine - Starting Servlet engine: [Apache Tomcat/9.0.16]
[INFO ] 2020-08-04 09:52:48 [main] o.a.c.core.AprLifecycleListener - The APR based Apache Tomcat Native library which allows optimal performance in production environments was not found on the java.library.path: [C:\Program Files\Java\jdk1.8.0_241\bin;C:\Windows\Sun\Java\bin;C:\Windows\system32;C:\Windows;C:\Program Files (x86)\Common Files\Oracle\Java\javapath;D:\SmartDepServer;C:\Windows\system32;C:\Windows;C:\Windows\System32\Wbem;C:\Windows\System32\WindowsPowerShell\v1.0\;C:\Windows\System32\OpenSSH\;C:\Program Files\Java\jdk1.8.0_241\bin;C:\Program Files\Java\jdk1.8.0_241\jre\bin;D:\gradle-4.10\bin;D:\apache-maven-3.5.0\bin;C:\Program Files\Git\cmd;D:\Microsoft VS Code\bin;C:\Program Files\MySQL\MySQL Shell 8.0\bin\;C:\Users\Administrator\AppData\Local\Microsoft\WindowsApps;;D:\ideal\IntelliJ IDEA 2020.2\bin;;.]
[INFO ] 2020-08-04 09:52:48 [main] o.a.c.c.C.[Tomcat].[localhost].[/] - Initializing Spring embedded WebApplicationContext
[INFO ] 2020-08-04 09:52:48 [main] o.s.web.context.ContextLoader - Root WebApplicationContext: initialization completed in 1671 ms
[INFO ] 2020-08-04 09:52:48 [main] o.s.b.web.servlet.RegistrationBean - Servlet statViewServlet was not registered (possibly already registered?)
[INFO ] 2020-08-04 09:52:48 [main] o.s.b.web.servlet.RegistrationBean - Filter webStatFilter was not registered (possibly already registered?)
[INFO ] 2020-08-04 09:52:48 [main] o.s.b.d.a.OptionalLiveReloadServer - LiveReload server is running on port 35729
[INFO ] 2020-08-04 09:52:48 [main] o.a.coyote.http11.Http11NioProtocol - Starting ProtocolHandler ["http-nio-10001"]
[INFO ] 2020-08-04 09:52:48 [main] o.s.b.w.e.tomcat.TomcatWebServer - Tomcat started on port(s): 10001 (http) with context path ''
[INFO ] 2020-08-04 09:52:48 [main] c.kingdee.inte.teamwork.Application - Started Application in 3.636 seconds (JVM running for 6.094)
[INFO ] 2020-08-04 09:52:48 [http-nio-10001-exec-2] o.a.c.c.C.[Tomcat].[localhost].[/] - Initializing Spring DispatcherServlet 'dispatcherServlet'
[INFO ] 2020-08-04 09:52:48 [http-nio-10001-exec-2] o.s.web.servlet.DispatcherServlet - Initializing Servlet 'dispatcherServlet'
[INFO ] 2020-08-04 09:52:48 [http-nio-10001-exec-2] o.s.web.servlet.DispatcherServlet - Completed initialization in 8 ms
[INFO ] 2020-08-04 09:54:20 [main] c.kingdee.inte.teamwork.Application - Starting Application on ZBTS2003-04194 with PID 2240 (E:\ideaWorkspace\teamwork\target\classes started by Administrator in E:\ideaWorkspace\teamwork)
[INFO ] 2020-08-04 09:54:20 [main] c.kingdee.inte.teamwork.Application - The following profiles are active: dev
[INFO ] 2020-08-04 09:54:20 [main] o.s.b.d.e.DevToolsPropertyDefaultsPostProcessor - Devtools property defaults active! Set 'spring.devtools.add-properties' to 'false' to disable
[INFO ] 2020-08-04 09:54:20 [main] o.s.b.d.e.DevToolsPropertyDefaultsPostProcessor - For additional web related logging consider setting the 'logging.level.web' property to 'DEBUG'
[INFO ] 2020-08-04 09:54:20 [main] o.s.b.w.e.tomcat.TomcatWebServer - Tomcat initialized with port(s): 10001 (http)
[INFO ] 2020-08-04 09:54:20 [main] o.a.coyote.http11.Http11NioProtocol - Initializing ProtocolHandler ["http-nio-10001"]
[INFO ] 2020-08-04 09:54:20 [main] o.a.catalina.core.StandardService - Starting service [Tomcat]
[INFO ] 2020-08-04 09:54:20 [main] o.a.catalina.core.StandardEngine - Starting Servlet engine: [Apache Tomcat/9.0.16]
[INFO ] 2020-08-04 09:54:20 [main] o.a.c.core.AprLifecycleListener - The APR based Apache Tomcat Native library which allows optimal performance in production environments was not found on the java.library.path: [C:\Program Files\Java\jdk1.8.0_241\bin;C:\Windows\Sun\Java\bin;C:\Windows\system32;C:\Windows;C:\Program Files (x86)\Common Files\Oracle\Java\javapath;D:\SmartDepServer;C:\Windows\system32;C:\Windows;C:\Windows\System32\Wbem;C:\Windows\System32\WindowsPowerShell\v1.0\;C:\Windows\System32\OpenSSH\;C:\Program Files\Java\jdk1.8.0_241\bin;C:\Program Files\Java\jdk1.8.0_241\jre\bin;D:\gradle-4.10\bin;D:\apache-maven-3.5.0\bin;C:\Program Files\Git\cmd;D:\Microsoft VS Code\bin;C:\Program Files\MySQL\MySQL Shell 8.0\bin\;C:\Users\Administrator\AppData\Local\Microsoft\WindowsApps;;D:\ideal\IntelliJ IDEA 2020.2\bin;;.]
[INFO ] 2020-08-04 09:54:20 [main] o.a.c.c.C.[Tomcat].[localhost].[/] - Initializing Spring embedded WebApplicationContext
[INFO ] 2020-08-04 09:54:20 [main] o.s.web.context.ContextLoader - Root WebApplicationContext: initialization completed in 1899 ms
[INFO ] 2020-08-04 09:54:20 [main] o.s.b.web.servlet.RegistrationBean - Servlet statViewServlet was not registered (possibly already registered?)
[INFO ] 2020-08-04 09:54:20 [main] o.s.b.web.servlet.RegistrationBean - Filter webStatFilter was not registered (possibly already registered?)
[INFO ] 2020-08-04 09:54:20 [main] o.s.b.d.a.OptionalLiveReloadServer - LiveReload server is running on port 35729
[INFO ] 2020-08-04 09:54:20 [main] o.a.coyote.http11.Http11NioProtocol - Starting ProtocolHandler ["http-nio-10001"]
[INFO ] 2020-08-04 09:54:20 [main] o.s.b.w.e.tomcat.TomcatWebServer - Tomcat started on port(s): 10001 (http) with context path ''
[INFO ] 2020-08-04 09:54:20 [main] c.kingdee.inte.teamwork.Application - Started Application in 3.959 seconds (JVM running for 7.323)
[INFO ] 2020-08-04 09:54:20 [http-nio-10001-exec-1] o.a.c.c.C.[Tomcat].[localhost].[/] - Initializing Spring DispatcherServlet 'dispatcherServlet'
[INFO ] 2020-08-04 09:54:20 [http-nio-10001-exec-1] o.s.web.servlet.DispatcherServlet - Initializing Servlet 'dispatcherServlet'
[INFO ] 2020-08-04 09:54:20 [http-nio-10001-exec-1] o.s.web.servlet.DispatcherServlet - Completed initialization in 8 ms
[INFO ] 2020-08-04 10:01:03 [main] c.kingdee.inte.teamwork.Application - Starting Application on ZBTS2003-04194 with PID 7772 (E:\ideaWorkspace\teamwork\target\classes started by Administrator in E:\ideaWorkspace\teamwork)
[INFO ] 2020-08-04 10:01:03 [main] c.kingdee.inte.teamwork.Application - The following profiles are active: dev
[INFO ] 2020-08-04 10:01:03 [main] o.s.b.d.e.DevToolsPropertyDefaultsPostProcessor - Devtools property defaults active! Set 'spring.devtools.add-properties' to 'false' to disable
[INFO ] 2020-08-04 10:01:03 [main] o.s.b.d.e.DevToolsPropertyDefaultsPostProcessor - For additional web related logging consider setting the 'logging.level.web' property to 'DEBUG'
[INFO ] 2020-08-04 10:01:03 [main] o.s.b.w.e.tomcat.TomcatWebServer - Tomcat initialized with port(s): 10001 (http)
[INFO ] 2020-08-04 10:01:03 [main] o.a.coyote.http11.Http11NioProtocol - Initializing ProtocolHandler ["http-nio-10001"]
[INFO ] 2020-08-04 10:01:03 [main] o.a.catalina.core.StandardService - Starting service [Tomcat]
[INFO ] 2020-08-04 10:01:03 [main] o.a.catalina.core.StandardEngine - Starting Servlet engine: [Apache Tomcat/9.0.16]
[INFO ] 2020-08-04 10:01:03 [main] o.a.c.core.AprLifecycleListener - The APR based Apache Tomcat Native library which allows optimal performance in production environments was not found on the java.library.path: [C:\Program Files\Java\jdk1.8.0_241\bin;C:\Windows\Sun\Java\bin;C:\Windows\system32;C:\Windows;C:\Program Files (x86)\Common Files\Oracle\Java\javapath;D:\SmartDepServer;C:\Windows\system32;C:\Windows;C:\Windows\System32\Wbem;C:\Windows\System32\WindowsPowerShell\v1.0\;C:\Windows\System32\OpenSSH\;C:\Program Files\Java\jdk1.8.0_241\bin;C:\Program Files\Java\jdk1.8.0_241\jre\bin;D:\gradle-4.10\bin;D:\apache-maven-3.5.0\bin;C:\Program Files\Git\cmd;D:\Microsoft VS Code\bin;C:\Program Files\MySQL\MySQL Shell 8.0\bin\;C:\Users\Administrator\AppData\Local\Microsoft\WindowsApps;;D:\ideal\IntelliJ IDEA 2020.2\bin;;.]
[INFO ] 2020-08-04 10:01:03 [main] o.a.c.c.C.[Tomcat].[localhost].[/] - Initializing Spring embedded WebApplicationContext
[INFO ] 2020-08-04 10:01:03 [main] o.s.web.context.ContextLoader - Root WebApplicationContext: initialization completed in 1711 ms
[INFO ] 2020-08-04 10:01:03 [main] o.s.b.web.servlet.RegistrationBean - Servlet statViewServlet was not registered (possibly already registered?)
[INFO ] 2020-08-04 10:01:03 [main] o.s.b.web.servlet.RegistrationBean - Filter webStatFilter was not registered (possibly already registered?)
[INFO ] 2020-08-04 10:01:03 [main] o.s.b.d.a.OptionalLiveReloadServer - LiveReload server is running on port 35729
[INFO ] 2020-08-04 10:01:03 [main] o.a.coyote.http11.Http11NioProtocol - Starting ProtocolHandler ["http-nio-10001"]
[INFO ] 2020-08-04 10:01:03 [main] o.s.b.w.e.tomcat.TomcatWebServer - Tomcat started on port(s): 10001 (http) with context path ''
[INFO ] 2020-08-04 10:01:03 [main] c.kingdee.inte.teamwork.Application - Started Application in 3.741 seconds (JVM running for 6.221)
[INFO ] 2020-08-04 10:01:03 [http-nio-10001-exec-1] o.a.c.c.C.[Tomcat].[localhost].[/] - Initializing Spring DispatcherServlet 'dispatcherServlet'
[INFO ] 2020-08-04 10:01:03 [http-nio-10001-exec-1] o.s.web.servlet.DispatcherServlet - Initializing Servlet 'dispatcherServlet'
[INFO ] 2020-08-04 10:01:03 [http-nio-10001-exec-1] o.s.web.servlet.DispatcherServlet - Completed initialization in 7 ms
[INFO ] 2020-08-04 10:33:13 [main] c.kingdee.inte.teamwork.Application - Starting Application on ZBTS2003-04194 with PID 3992 (E:\ideaWorkspace\teamwork\target\classes started by Administrator in E:\ideaWorkspace\teamwork)
[INFO ] 2020-08-04 10:33:13 [main] c.kingdee.inte.teamwork.Application - The following profiles are active: dev
[INFO ] 2020-08-04 10:33:13 [main] o.s.b.d.e.DevToolsPropertyDefaultsPostProcessor - Devtools property defaults active! Set 'spring.devtools.add-properties' to 'false' to disable
[INFO ] 2020-08-04 10:33:13 [main] o.s.b.d.e.DevToolsPropertyDefaultsPostProcessor - For additional web related logging consider setting the 'logging.level.web' property to 'DEBUG'
[INFO ] 2020-08-04 10:33:13 [main] o.s.b.w.e.tomcat.TomcatWebServer - Tomcat initialized with port(s): 10001 (http)
[INFO ] 2020-08-04 10:33:13 [main] o.a.coyote.http11.Http11NioProtocol - Initializing ProtocolHandler ["http-nio-10001"]
[INFO ] 2020-08-04 10:33:13 [main] o.a.catalina.core.StandardService - Starting service [Tomcat]
[INFO ] 2020-08-04 10:33:13 [main] o.a.catalina.core.StandardEngine - Starting Servlet engine: [Apache Tomcat/9.0.16]
[INFO ] 2020-08-04 10:33:13 [main] o.a.c.core.AprLifecycleListener - The APR based Apache Tomcat Native library which allows optimal performance in production environments was not found on the java.library.path: [C:\Program Files\Java\jdk1.8.0_241\bin;C:\Windows\Sun\Java\bin;C:\Windows\system32;C:\Windows;C:\Program Files (x86)\Common Files\Oracle\Java\javapath;D:\SmartDepServer;C:\Windows\system32;C:\Windows;C:\Windows\System32\Wbem;C:\Windows\System32\WindowsPowerShell\v1.0\;C:\Windows\System32\OpenSSH\;C:\Program Files\Java\jdk1.8.0_241\bin;C:\Program Files\Java\jdk1.8.0_241\jre\bin;D:\gradle-4.10\bin;D:\apache-maven-3.5.0\bin;C:\Program Files\Git\cmd;D:\Microsoft VS Code\bin;C:\Program Files\MySQL\MySQL Shell 8.0\bin\;C:\Users\Administrator\AppData\Local\Microsoft\WindowsApps;;D:\ideal\IntelliJ IDEA 2020.2\bin;;.]
[INFO ] 2020-08-04 10:33:13 [main] o.a.c.c.C.[Tomcat].[localhost].[/] - Initializing Spring embedded WebApplicationContext
[INFO ] 2020-08-04 10:33:13 [main] o.s.web.context.ContextLoader - Root WebApplicationContext: initialization completed in 1865 ms
[INFO ] 2020-08-04 10:33:13 [main] o.s.b.web.servlet.RegistrationBean - Servlet statViewServlet was not registered (possibly already registered?)
[INFO ] 2020-08-04 10:33:13 [main] o.s.b.web.servlet.RegistrationBean - Filter webStatFilter was not registered (possibly already registered?)
[INFO ] 2020-08-04 10:33:13 [main] o.s.b.d.a.OptionalLiveReloadServer - LiveReload server is running on port 35729
[INFO ] 2020-08-04 10:33:13 [main] o.a.coyote.http11.Http11NioProtocol - Starting ProtocolHandler ["http-nio-10001"]
[INFO ] 2020-08-04 10:33:13 [main] o.s.b.w.e.tomcat.TomcatWebServer - Tomcat started on port(s): 10001 (http) with context path ''
[INFO ] 2020-08-04 10:33:13 [main] c.kingdee.inte.teamwork.Application - Started Application in 3.806 seconds (JVM running for 6.4)
[INFO ] 2020-08-04 10:33:13 [http-nio-10001-exec-1] o.a.c.c.C.[Tomcat].[localhost].[/] - Initializing Spring DispatcherServlet 'dispatcherServlet'
[INFO ] 2020-08-04 10:33:13 [http-nio-10001-exec-1] o.s.web.servlet.DispatcherServlet - Initializing Servlet 'dispatcherServlet'
[INFO ] 2020-08-04 10:33:13 [http-nio-10001-exec-1] o.s.web.servlet.DispatcherServlet - Completed initialization in 9 ms
[INFO ] 2020-08-04 11:00:11 [main] c.kingdee.inte.teamwork.Application - Starting Application on ZBTS2003-04194 with PID 2248 (E:\ideaWorkspace\teamwork\target\classes started by Administrator in E:\ideaWorkspace\teamwork)
[INFO ] 2020-08-04 11:00:11 [main] c.kingdee.inte.teamwork.Application - The following profiles are active: dev
[INFO ] 2020-08-04 11:00:11 [main] o.s.b.d.e.DevToolsPropertyDefaultsPostProcessor - Devtools property defaults active! Set 'spring.devtools.add-properties' to 'false' to disable
[INFO ] 2020-08-04 11:00:11 [main] o.s.b.d.e.DevToolsPropertyDefaultsPostProcessor - For additional web related logging consider setting the 'logging.level.web' property to 'DEBUG'
[INFO ] 2020-08-04 11:00:11 [main] o.s.b.w.e.tomcat.TomcatWebServer - Tomcat initialized with port(s): 10001 (http)
[INFO ] 2020-08-04 11:00:11 [main] o.a.coyote.http11.Http11NioProtocol - Initializing ProtocolHandler ["http-nio-10001"]
[INFO ] 2020-08-04 11:00:11 [main] o.a.catalina.core.StandardService - Starting service [Tomcat]
[INFO ] 2020-08-04 11:00:11 [main] o.a.catalina.core.StandardEngine - Starting Servlet engine: [Apache Tomcat/9.0.16]
[INFO ] 2020-08-04 11:00:11 [main] o.a.c.core.AprLifecycleListener - The APR based Apache Tomcat Native library which allows optimal performance in production environments was not found on the java.library.path: [C:\Program Files\Java\jdk1.8.0_241\bin;C:\Windows\Sun\Java\bin;C:\Windows\system32;C:\Windows;C:\Program Files (x86)\Common Files\Oracle\Java\javapath;D:\SmartDepServer;C:\Windows\system32;C:\Windows;C:\Windows\System32\Wbem;C:\Windows\System32\WindowsPowerShell\v1.0\;C:\Windows\System32\OpenSSH\;C:\Program Files\Java\jdk1.8.0_241\bin;C:\Program Files\Java\jdk1.8.0_241\jre\bin;D:\gradle-4.10\bin;D:\apache-maven-3.5.0\bin;C:\Program Files\Git\cmd;D:\Microsoft VS Code\bin;C:\Program Files\MySQL\MySQL Shell 8.0\bin\;C:\Users\Administrator\AppData\Local\Microsoft\WindowsApps;;D:\ideal\IntelliJ IDEA 2020.2\bin;;.]
[INFO ] 2020-08-04 11:00:11 [main] o.a.c.c.C.[Tomcat].[localhost].[/] - Initializing Spring embedded WebApplicationContext
[INFO ] 2020-08-04 11:00:11 [main] o.s.web.context.ContextLoader - Root WebApplicationContext: initialization completed in 2308 ms
[INFO ] 2020-08-04 11:00:11 [main] o.s.b.web.servlet.RegistrationBean - Servlet statViewServlet was not registered (possibly already registered?)
[INFO ] 2020-08-04 11:00:11 [main] o.s.b.web.servlet.RegistrationBean - Filter webStatFilter was not registered (possibly already registered?)
[INFO ] 2020-08-04 11:00:11 [main] o.s.b.d.a.OptionalLiveReloadServer - LiveReload server is running on port 35729
[INFO ] 2020-08-04 11:00:11 [main] o.a.coyote.http11.Http11NioProtocol - Starting ProtocolHandler ["http-nio-10001"]
[INFO ] 2020-08-04 11:00:11 [main] o.s.b.w.e.tomcat.TomcatWebServer - Tomcat started on port(s): 10001 (http) with context path ''
[INFO ] 2020-08-04 11:00:11 [main] c.kingdee.inte.teamwork.Application - Started Application in 4.822 seconds (JVM running for 7.734)
[INFO ] 2020-08-04 11:00:11 [http-nio-10001-exec-1] o.a.c.c.C.[Tomcat].[localhost].[/] - Initializing Spring DispatcherServlet 'dispatcherServlet'
[INFO ] 2020-08-04 11:00:11 [http-nio-10001-exec-1] o.s.web.servlet.DispatcherServlet - Initializing Servlet 'dispatcherServlet'
[INFO ] 2020-08-04 11:00:11 [http-nio-10001-exec-1] o.s.web.servlet.DispatcherServlet - Completed initialization in 9 ms
[INFO ] 2020-08-04 11:00:11 [http-nio-10001-exec-3] c.k.i.t.service.impl.AddrServiceImpl - 经纬度， 坐标：-34.397000, 150.644000， 服务提供者：Baidu
[INFO ] 2020-08-04 11:00:11 [http-nio-10001-exec-1] c.k.i.t.service.impl.AddrServiceImpl - 地址服务， 地址：纽约巴克莱洲际大酒店， 服务提供者：Baidu
[INFO ] 2020-08-04 11:00:11 [http-nio-10001-exec-6] c.k.i.t.service.impl.AddrServiceImpl - 经纬度， 坐标：22.554387081727757,114.13702011832562， 服务提供者：Baidu
[INFO ] 2020-08-04 11:00:11 [http-nio-10001-exec-10] c.k.i.t.service.impl.AddrServiceImpl - 经纬度， 坐标：150.644000, -34.397000， 服务提供者：Baidu
[INFO ] 2020-08-04 11:00:11 [http-nio-10001-exec-9] c.k.i.t.service.impl.AddrServiceImpl - 地址， 地址或坐标：150.644000, -34.397000， 服务提供者：Baidu
[INFO ] 2020-08-04 16:59:37 [restartedMain] c.kingdee.inte.teamwork.Application - Starting Application on ZBTS2003-04194 with PID 18572 (E:\ideaWorkspace\teamwork\target\classes started by Administrator in E:\ideaWorkspace\teamwork)
[INFO ] 2020-08-04 16:59:37 [restartedMain] c.kingdee.inte.teamwork.Application - The following profiles are active: dev
[INFO ] 2020-08-04 16:59:37 [restartedMain] o.s.b.d.e.DevToolsPropertyDefaultsPostProcessor - Devtools property defaults active! Set 'spring.devtools.add-properties' to 'false' to disable
[INFO ] 2020-08-04 16:59:37 [restartedMain] o.s.b.d.e.DevToolsPropertyDefaultsPostProcessor - For additional web related logging consider setting the 'logging.level.web' property to 'DEBUG'
[INFO ] 2020-08-04 16:59:37 [restartedMain] o.s.b.w.e.tomcat.TomcatWebServer - Tomcat initialized with port(s): 10001 (http)
[INFO ] 2020-08-04 16:59:37 [restartedMain] o.a.coyote.http11.Http11NioProtocol - Initializing ProtocolHandler ["http-nio-10001"]
[INFO ] 2020-08-04 16:59:37 [restartedMain] o.a.catalina.core.StandardService - Starting service [Tomcat]
[INFO ] 2020-08-04 16:59:37 [restartedMain] o.a.catalina.core.StandardEngine - Starting Servlet engine: [Apache Tomcat/9.0.16]
[INFO ] 2020-08-04 16:59:37 [restartedMain] o.a.c.core.AprLifecycleListener - The APR based Apache Tomcat Native library which allows optimal performance in production environments was not found on the java.library.path: [C:\Program Files\Java\jdk1.8.0_241\bin;C:\Windows\Sun\Java\bin;C:\Windows\system32;C:\Windows;C:\Program Files (x86)\Common Files\Oracle\Java\javapath;D:\SmartDepServer;C:\Windows\system32;C:\Windows;C:\Windows\System32\Wbem;C:\Windows\System32\WindowsPowerShell\v1.0\;C:\Windows\System32\OpenSSH\;C:\Program Files\Java\jdk1.8.0_241\bin;C:\Program Files\Java\jdk1.8.0_241\jre\bin;D:\gradle-4.10\bin;D:\apache-maven-3.5.0\bin;C:\Program Files\Git\cmd;D:\Microsoft VS Code\bin;C:\Program Files\MySQL\MySQL Shell 8.0\bin\;C:\Users\Administrator\AppData\Local\Microsoft\WindowsApps;;D:\ideal\IntelliJ IDEA 2020.2\bin;;.]
[INFO ] 2020-08-04 16:59:37 [restartedMain] o.a.c.c.C.[Tomcat].[localhost].[/] - Initializing Spring embedded WebApplicationContext
[INFO ] 2020-08-04 16:59:37 [restartedMain] o.s.web.context.ContextLoader - Root WebApplicationContext: initialization completed in 1367 ms
[INFO ] 2020-08-04 16:59:37 [restartedMain] o.s.b.web.servlet.RegistrationBean - Servlet statViewServlet was not registered (possibly already registered?)
[INFO ] 2020-08-04 16:59:37 [restartedMain] o.s.b.web.servlet.RegistrationBean - Filter webStatFilter was not registered (possibly already registered?)
[INFO ] 2020-08-04 16:59:37 [restartedMain] o.s.b.d.a.OptionalLiveReloadServer - LiveReload server is running on port 35729
[INFO ] 2020-08-04 16:59:37 [restartedMain] o.a.coyote.http11.Http11NioProtocol - Starting ProtocolHandler ["http-nio-10001"]
[INFO ] 2020-08-04 16:59:37 [restartedMain] o.s.b.w.e.tomcat.TomcatWebServer - Tomcat started on port(s): 10001 (http) with context path ''
[INFO ] 2020-08-04 16:59:37 [restartedMain] c.kingdee.inte.teamwork.Application - Started Application in 2.863 seconds (JVM running for 3.73)
