[INFO ] 2020-07-28 09:31:16 [main] c.kingdee.inte.teamwork.Application - Starting Application on ZBTS2003-04194 with PID 77012 (E:\ideaWorkspace\teamwork\target\classes started by Administrator in E:\ideaWorkspace\teamwork)
[INFO ] 2020-07-28 09:31:16 [main] c.kingdee.inte.teamwork.Application - The following profiles are active: dev
[INFO ] 2020-07-28 09:31:16 [main] o.s.b.w.e.tomcat.TomcatWebServer - Tomcat initialized with port(s): 10001 (http)
[INFO ] 2020-07-28 09:31:16 [main] o.a.coyote.http11.Http11NioProtocol - Initializing ProtocolHandler ["http-nio-10001"]
[INFO ] 2020-07-28 09:31:16 [main] o.a.catalina.core.StandardService - Starting service [Tomcat]
[INFO ] 2020-07-28 09:31:16 [main] o.a.catalina.core.StandardEngine - Starting Servlet engine: [Apache Tomcat/9.0.16]
[INFO ] 2020-07-28 09:31:16 [main] o.a.c.core.AprLifecycleListener - The APR based Apache Tomcat Native library which allows optimal performance in production environments was not found on the java.library.path: [C:\Program Files\Java\jdk1.8.0_241\bin;C:\Windows\Sun\Java\bin;C:\Windows\system32;C:\Windows;C:\Program Files (x86)\Common Files\Oracle\Java\javapath;D:\SmartDepServer;C:\Windows\system32;C:\Windows;C:\Windows\System32\Wbem;C:\Windows\System32\WindowsPowerShell\v1.0\;C:\Windows\System32\OpenSSH\;C:\Program Files\Java\jdk1.8.0_241\bin;C:\Program Files\Java\jdk1.8.0_241\jre\bin;D:\gradle-4.10\bin;D:\apache-maven-3.5.0\bin;C:\Program Files\Git\cmd;C:\Program Files\MySQL\MySQL Shell 8.0\bin\;C:\Users\Administrator\AppData\Local\Microsoft\WindowsApps;;.]
[INFO ] 2020-07-28 09:31:16 [main] o.a.c.c.C.[Tomcat].[localhost].[/] - Initializing Spring embedded WebApplicationContext
[INFO ] 2020-07-28 09:31:16 [main] o.s.web.context.ContextLoader - Root WebApplicationContext: initialization completed in 5803 ms
[INFO ] 2020-07-28 09:31:16 [main] o.s.b.web.servlet.RegistrationBean - Servlet statViewServlet was not registered (possibly already registered?)
[INFO ] 2020-07-28 09:31:16 [main] o.s.b.web.servlet.RegistrationBean - Filter webStatFilter was not registered (possibly already registered?)
[INFO ] 2020-07-28 09:31:16 [main] o.a.coyote.http11.Http11NioProtocol - Starting ProtocolHandler ["http-nio-10001"]
[INFO ] 2020-07-28 09:31:16 [main] o.s.b.w.e.tomcat.TomcatWebServer - Tomcat started on port(s): 10001 (http) with context path ''
[INFO ] 2020-07-28 09:31:16 [main] c.kingdee.inte.teamwork.Application - Started Application in 11.593 seconds (JVM running for 37.758)
[INFO ] 2020-07-28 09:31:16 [http-nio-10001-exec-1] o.a.c.c.C.[Tomcat].[localhost].[/] - Initializing Spring DispatcherServlet 'dispatcherServlet'
[INFO ] 2020-07-28 09:31:16 [http-nio-10001-exec-1] o.s.web.servlet.DispatcherServlet - Initializing Servlet 'dispatcherServlet'
[INFO ] 2020-07-28 09:31:16 [http-nio-10001-exec-1] o.s.web.servlet.DispatcherServlet - Completed initialization in 10 ms
[INFO ] 2020-07-28 09:31:16 [http-nio-10001-exec-7] c.alibaba.druid.pool.DruidDataSource - {dataSource-1} inited
[INFO ] 2020-07-28 09:31:16 [Thread-20] c.alibaba.druid.pool.DruidDataSource - {dataSource-1} closed
[INFO ] 2020-07-28 09:45:14 [main] c.kingdee.inte.teamwork.Application - Starting Application on ZBTS2003-04194 with PID 80740 (E:\ideaWorkspace\teamwork\target\classes started by Administrator in E:\ideaWorkspace\teamwork)
[INFO ] 2020-07-28 09:45:14 [main] c.kingdee.inte.teamwork.Application - The following profiles are active: dev
[INFO ] 2020-07-28 09:45:14 [main] o.s.b.w.e.tomcat.TomcatWebServer - Tomcat initialized with port(s): 10001 (http)
[INFO ] 2020-07-28 09:45:14 [main] o.a.coyote.http11.Http11NioProtocol - Initializing ProtocolHandler ["http-nio-10001"]
[INFO ] 2020-07-28 09:45:14 [main] o.a.catalina.core.StandardService - Starting service [Tomcat]
[INFO ] 2020-07-28 09:45:14 [main] o.a.catalina.core.StandardEngine - Starting Servlet engine: [Apache Tomcat/9.0.16]
[INFO ] 2020-07-28 09:45:14 [main] o.a.c.core.AprLifecycleListener - The APR based Apache Tomcat Native library which allows optimal performance in production environments was not found on the java.library.path: [C:\Program Files\Java\jdk1.8.0_241\bin;C:\Windows\Sun\Java\bin;C:\Windows\system32;C:\Windows;C:\Program Files (x86)\Common Files\Oracle\Java\javapath;D:\SmartDepServer;C:\Windows\system32;C:\Windows;C:\Windows\System32\Wbem;C:\Windows\System32\WindowsPowerShell\v1.0\;C:\Windows\System32\OpenSSH\;C:\Program Files\Java\jdk1.8.0_241\bin;C:\Program Files\Java\jdk1.8.0_241\jre\bin;D:\gradle-4.10\bin;D:\apache-maven-3.5.0\bin;C:\Program Files\Git\cmd;C:\Program Files\MySQL\MySQL Shell 8.0\bin\;C:\Users\Administrator\AppData\Local\Microsoft\WindowsApps;;.]
[INFO ] 2020-07-28 09:45:14 [main] o.a.c.c.C.[Tomcat].[localhost].[/] - Initializing Spring embedded WebApplicationContext
[INFO ] 2020-07-28 09:45:14 [main] o.s.web.context.ContextLoader - Root WebApplicationContext: initialization completed in 2024 ms
[INFO ] 2020-07-28 09:45:14 [main] o.s.b.web.servlet.RegistrationBean - Servlet statViewServlet was not registered (possibly already registered?)
[INFO ] 2020-07-28 09:45:14 [main] o.s.b.web.servlet.RegistrationBean - Filter webStatFilter was not registered (possibly already registered?)
[INFO ] 2020-07-28 09:45:14 [main] o.a.coyote.http11.Http11NioProtocol - Starting ProtocolHandler ["http-nio-10001"]
[INFO ] 2020-07-28 09:45:14 [main] o.s.b.w.e.tomcat.TomcatWebServer - Tomcat started on port(s): 10001 (http) with context path ''
[INFO ] 2020-07-28 09:45:14 [main] c.kingdee.inte.teamwork.Application - Started Application in 4.496 seconds (JVM running for 7.737)
[INFO ] 2020-07-28 09:45:14 [http-nio-10001-exec-1] o.a.c.c.C.[Tomcat].[localhost].[/] - Initializing Spring DispatcherServlet 'dispatcherServlet'
[INFO ] 2020-07-28 09:45:14 [http-nio-10001-exec-1] o.s.web.servlet.DispatcherServlet - Initializing Servlet 'dispatcherServlet'
[INFO ] 2020-07-28 09:45:14 [http-nio-10001-exec-1] o.s.web.servlet.DispatcherServlet - Completed initialization in 14 ms
[INFO ] 2020-07-28 09:45:14 [http-nio-10001-exec-2] c.alibaba.druid.pool.DruidDataSource - {dataSource-1} inited
[INFO ] 2020-07-28 09:45:14 [Thread-29] c.alibaba.druid.pool.DruidDataSource - {dataSource-1} closed
[INFO ] 2020-07-28 09:47:48 [main] c.kingdee.inte.teamwork.Application - Starting Application on ZBTS2003-04194 with PID 81092 (E:\ideaWorkspace\teamwork\target\classes started by Administrator in E:\ideaWorkspace\teamwork)
[INFO ] 2020-07-28 09:47:48 [main] c.kingdee.inte.teamwork.Application - The following profiles are active: dev
[INFO ] 2020-07-28 09:47:48 [main] o.s.b.w.e.tomcat.TomcatWebServer - Tomcat initialized with port(s): 10001 (http)
[INFO ] 2020-07-28 09:47:48 [main] o.a.coyote.http11.Http11NioProtocol - Initializing ProtocolHandler ["http-nio-10001"]
[INFO ] 2020-07-28 09:47:48 [main] o.a.catalina.core.StandardService - Starting service [Tomcat]
[INFO ] 2020-07-28 09:47:48 [main] o.a.catalina.core.StandardEngine - Starting Servlet engine: [Apache Tomcat/9.0.16]
[INFO ] 2020-07-28 09:47:48 [main] o.a.c.core.AprLifecycleListener - The APR based Apache Tomcat Native library which allows optimal performance in production environments was not found on the java.library.path: [C:\Program Files\Java\jdk1.8.0_241\bin;C:\Windows\Sun\Java\bin;C:\Windows\system32;C:\Windows;C:\Program Files (x86)\Common Files\Oracle\Java\javapath;D:\SmartDepServer;C:\Windows\system32;C:\Windows;C:\Windows\System32\Wbem;C:\Windows\System32\WindowsPowerShell\v1.0\;C:\Windows\System32\OpenSSH\;C:\Program Files\Java\jdk1.8.0_241\bin;C:\Program Files\Java\jdk1.8.0_241\jre\bin;D:\gradle-4.10\bin;D:\apache-maven-3.5.0\bin;C:\Program Files\Git\cmd;C:\Program Files\MySQL\MySQL Shell 8.0\bin\;C:\Users\Administrator\AppData\Local\Microsoft\WindowsApps;;.]
[INFO ] 2020-07-28 09:47:48 [main] o.a.c.c.C.[Tomcat].[localhost].[/] - Initializing Spring embedded WebApplicationContext
[INFO ] 2020-07-28 09:47:48 [main] o.s.web.context.ContextLoader - Root WebApplicationContext: initialization completed in 6057 ms
[INFO ] 2020-07-28 09:47:48 [main] o.s.b.web.servlet.RegistrationBean - Servlet statViewServlet was not registered (possibly already registered?)
[INFO ] 2020-07-28 09:47:48 [main] o.s.b.web.servlet.RegistrationBean - Filter webStatFilter was not registered (possibly already registered?)
[INFO ] 2020-07-28 09:47:48 [main] o.a.coyote.http11.Http11NioProtocol - Starting ProtocolHandler ["http-nio-10001"]
[INFO ] 2020-07-28 09:47:48 [main] o.s.b.w.e.tomcat.TomcatWebServer - Tomcat started on port(s): 10001 (http) with context path ''
[INFO ] 2020-07-28 09:47:48 [main] c.kingdee.inte.teamwork.Application - Started Application in 9.318 seconds (JVM running for 12.786)
[INFO ] 2020-07-28 09:47:48 [http-nio-10001-exec-1] o.a.c.c.C.[Tomcat].[localhost].[/] - Initializing Spring DispatcherServlet 'dispatcherServlet'
[INFO ] 2020-07-28 09:47:48 [http-nio-10001-exec-1] o.s.web.servlet.DispatcherServlet - Initializing Servlet 'dispatcherServlet'
[INFO ] 2020-07-28 09:47:48 [http-nio-10001-exec-1] o.s.web.servlet.DispatcherServlet - Completed initialization in 25 ms
[INFO ] 2020-07-28 09:55:25 [main] c.kingdee.inte.teamwork.Application - Starting Application on ZBTS2003-04194 with PID 81788 (E:\ideaWorkspace\teamwork\target\classes started by Administrator in E:\ideaWorkspace\teamwork)
[INFO ] 2020-07-28 09:55:25 [main] c.kingdee.inte.teamwork.Application - The following profiles are active: dev
[INFO ] 2020-07-28 09:55:25 [main] o.s.b.w.e.tomcat.TomcatWebServer - Tomcat initialized with port(s): 10001 (http)
[INFO ] 2020-07-28 09:55:25 [main] o.a.coyote.http11.Http11NioProtocol - Initializing ProtocolHandler ["http-nio-10001"]
[INFO ] 2020-07-28 09:55:25 [main] o.a.catalina.core.StandardService - Starting service [Tomcat]
[INFO ] 2020-07-28 09:55:25 [main] o.a.catalina.core.StandardEngine - Starting Servlet engine: [Apache Tomcat/9.0.16]
[INFO ] 2020-07-28 09:55:25 [main] o.a.c.core.AprLifecycleListener - The APR based Apache Tomcat Native library which allows optimal performance in production environments was not found on the java.library.path: [C:\Program Files\Java\jdk1.8.0_241\bin;C:\Windows\Sun\Java\bin;C:\Windows\system32;C:\Windows;C:\Program Files (x86)\Common Files\Oracle\Java\javapath;D:\SmartDepServer;C:\Windows\system32;C:\Windows;C:\Windows\System32\Wbem;C:\Windows\System32\WindowsPowerShell\v1.0\;C:\Windows\System32\OpenSSH\;C:\Program Files\Java\jdk1.8.0_241\bin;C:\Program Files\Java\jdk1.8.0_241\jre\bin;D:\gradle-4.10\bin;D:\apache-maven-3.5.0\bin;C:\Program Files\Git\cmd;C:\Program Files\MySQL\MySQL Shell 8.0\bin\;C:\Users\Administrator\AppData\Local\Microsoft\WindowsApps;;.]
[INFO ] 2020-07-28 09:55:25 [main] o.a.c.c.C.[Tomcat].[localhost].[/] - Initializing Spring embedded WebApplicationContext
[INFO ] 2020-07-28 09:55:25 [main] o.s.web.context.ContextLoader - Root WebApplicationContext: initialization completed in 2138 ms
[INFO ] 2020-07-28 09:55:25 [main] o.s.b.web.servlet.RegistrationBean - Servlet statViewServlet was not registered (possibly already registered?)
[INFO ] 2020-07-28 09:55:25 [main] o.s.b.web.servlet.RegistrationBean - Filter webStatFilter was not registered (possibly already registered?)
[INFO ] 2020-07-28 09:55:25 [main] o.a.coyote.http11.Http11NioProtocol - Starting ProtocolHandler ["http-nio-10001"]
[INFO ] 2020-07-28 09:55:25 [main] o.s.b.w.e.tomcat.TomcatWebServer - Tomcat started on port(s): 10001 (http) with context path ''
[INFO ] 2020-07-28 09:55:25 [main] c.kingdee.inte.teamwork.Application - Started Application in 4.158 seconds (JVM running for 6.77)
[INFO ] 2020-07-28 09:55:25 [http-nio-10001-exec-2] o.a.c.c.C.[Tomcat].[localhost].[/] - Initializing Spring DispatcherServlet 'dispatcherServlet'
[INFO ] 2020-07-28 09:55:25 [http-nio-10001-exec-2] o.s.web.servlet.DispatcherServlet - Initializing Servlet 'dispatcherServlet'
[INFO ] 2020-07-28 09:55:25 [http-nio-10001-exec-2] o.s.web.servlet.DispatcherServlet - Completed initialization in 10 ms
[INFO ] 2020-07-28 10:01:11 [main] c.kingdee.inte.teamwork.Application - Starting Application on ZBTS2003-04194 with PID 80872 (E:\ideaWorkspace\teamwork\target\classes started by Administrator in E:\ideaWorkspace\teamwork)
[INFO ] 2020-07-28 10:01:11 [main] c.kingdee.inte.teamwork.Application - The following profiles are active: dev
[INFO ] 2020-07-28 10:01:11 [main] o.s.b.w.e.tomcat.TomcatWebServer - Tomcat initialized with port(s): 10001 (http)
[INFO ] 2020-07-28 10:01:11 [main] o.a.coyote.http11.Http11NioProtocol - Initializing ProtocolHandler ["http-nio-10001"]
[INFO ] 2020-07-28 10:01:11 [main] o.a.catalina.core.StandardService - Starting service [Tomcat]
[INFO ] 2020-07-28 10:01:11 [main] o.a.catalina.core.StandardEngine - Starting Servlet engine: [Apache Tomcat/9.0.16]
[INFO ] 2020-07-28 10:01:11 [main] o.a.c.core.AprLifecycleListener - The APR based Apache Tomcat Native library which allows optimal performance in production environments was not found on the java.library.path: [C:\Program Files\Java\jdk1.8.0_241\bin;C:\Windows\Sun\Java\bin;C:\Windows\system32;C:\Windows;C:\Program Files (x86)\Common Files\Oracle\Java\javapath;D:\SmartDepServer;C:\Windows\system32;C:\Windows;C:\Windows\System32\Wbem;C:\Windows\System32\WindowsPowerShell\v1.0\;C:\Windows\System32\OpenSSH\;C:\Program Files\Java\jdk1.8.0_241\bin;C:\Program Files\Java\jdk1.8.0_241\jre\bin;D:\gradle-4.10\bin;D:\apache-maven-3.5.0\bin;C:\Program Files\Git\cmd;C:\Program Files\MySQL\MySQL Shell 8.0\bin\;C:\Users\Administrator\AppData\Local\Microsoft\WindowsApps;;.]
[INFO ] 2020-07-28 10:01:11 [main] o.a.c.c.C.[Tomcat].[localhost].[/] - Initializing Spring embedded WebApplicationContext
[INFO ] 2020-07-28 10:01:11 [main] o.s.web.context.ContextLoader - Root WebApplicationContext: initialization completed in 2167 ms
[INFO ] 2020-07-28 10:01:11 [main] o.s.b.web.servlet.RegistrationBean - Servlet statViewServlet was not registered (possibly already registered?)
[INFO ] 2020-07-28 10:01:11 [main] o.s.b.web.servlet.RegistrationBean - Filter webStatFilter was not registered (possibly already registered?)
[INFO ] 2020-07-28 10:01:11 [main] o.a.coyote.http11.Http11NioProtocol - Starting ProtocolHandler ["http-nio-10001"]
[INFO ] 2020-07-28 10:01:11 [main] o.s.b.w.e.tomcat.TomcatWebServer - Tomcat started on port(s): 10001 (http) with context path ''
[INFO ] 2020-07-28 10:01:11 [main] c.kingdee.inte.teamwork.Application - Started Application in 4.451 seconds (JVM running for 7.251)
[INFO ] 2020-07-28 10:04:06 [main] c.kingdee.inte.teamwork.Application - Starting Application on ZBTS2003-04194 with PID 86892 (E:\ideaWorkspace\teamwork\target\classes started by Administrator in E:\ideaWorkspace\teamwork)
[INFO ] 2020-07-28 10:04:06 [main] c.kingdee.inte.teamwork.Application - The following profiles are active: dev
[INFO ] 2020-07-28 10:04:06 [main] o.s.b.w.e.tomcat.TomcatWebServer - Tomcat initialized with port(s): 10001 (http)
[INFO ] 2020-07-28 10:04:06 [main] o.a.coyote.http11.Http11NioProtocol - Initializing ProtocolHandler ["http-nio-10001"]
[INFO ] 2020-07-28 10:04:06 [main] o.a.catalina.core.StandardService - Starting service [Tomcat]
[INFO ] 2020-07-28 10:04:06 [main] o.a.catalina.core.StandardEngine - Starting Servlet engine: [Apache Tomcat/9.0.16]
[INFO ] 2020-07-28 10:04:06 [main] o.a.c.core.AprLifecycleListener - The APR based Apache Tomcat Native library which allows optimal performance in production environments was not found on the java.library.path: [C:\Program Files\Java\jdk1.8.0_241\bin;C:\Windows\Sun\Java\bin;C:\Windows\system32;C:\Windows;C:\Program Files (x86)\Common Files\Oracle\Java\javapath;D:\SmartDepServer;C:\Windows\system32;C:\Windows;C:\Windows\System32\Wbem;C:\Windows\System32\WindowsPowerShell\v1.0\;C:\Windows\System32\OpenSSH\;C:\Program Files\Java\jdk1.8.0_241\bin;C:\Program Files\Java\jdk1.8.0_241\jre\bin;D:\gradle-4.10\bin;D:\apache-maven-3.5.0\bin;C:\Program Files\Git\cmd;C:\Program Files\MySQL\MySQL Shell 8.0\bin\;C:\Users\Administrator\AppData\Local\Microsoft\WindowsApps;;.]
[INFO ] 2020-07-28 10:04:06 [main] o.a.c.c.C.[Tomcat].[localhost].[/] - Initializing Spring embedded WebApplicationContext
[INFO ] 2020-07-28 10:04:06 [main] o.s.web.context.ContextLoader - Root WebApplicationContext: initialization completed in 2191 ms
[INFO ] 2020-07-28 10:04:06 [main] o.s.b.web.servlet.RegistrationBean - Servlet statViewServlet was not registered (possibly already registered?)
[INFO ] 2020-07-28 10:04:06 [main] o.s.b.web.servlet.RegistrationBean - Filter webStatFilter was not registered (possibly already registered?)
[INFO ] 2020-07-28 10:04:06 [main] o.a.coyote.http11.Http11NioProtocol - Starting ProtocolHandler ["http-nio-10001"]
[INFO ] 2020-07-28 10:04:06 [main] o.s.b.w.e.tomcat.TomcatWebServer - Tomcat started on port(s): 10001 (http) with context path ''
[INFO ] 2020-07-28 10:04:06 [main] c.kingdee.inte.teamwork.Application - Started Application in 4.394 seconds (JVM running for 7.391)
[INFO ] 2020-07-28 10:04:06 [http-nio-10001-exec-2] o.a.c.c.C.[Tomcat].[localhost].[/] - Initializing Spring DispatcherServlet 'dispatcherServlet'
[INFO ] 2020-07-28 10:04:06 [http-nio-10001-exec-2] o.s.web.servlet.DispatcherServlet - Initializing Servlet 'dispatcherServlet'
[INFO ] 2020-07-28 10:04:06 [http-nio-10001-exec-2] o.s.web.servlet.DispatcherServlet - Completed initialization in 10 ms
[INFO ] 2020-07-28 10:07:31 [main] c.kingdee.inte.teamwork.Application - Starting Application on ZBTS2003-04194 with PID 86320 (E:\ideaWorkspace\teamwork\target\classes started by Administrator in E:\ideaWorkspace\teamwork)
[INFO ] 2020-07-28 10:07:31 [main] c.kingdee.inte.teamwork.Application - The following profiles are active: dev
[INFO ] 2020-07-28 10:07:31 [main] o.s.b.w.e.tomcat.TomcatWebServer - Tomcat initialized with port(s): 10001 (http)
[INFO ] 2020-07-28 10:07:31 [main] o.a.coyote.http11.Http11NioProtocol - Initializing ProtocolHandler ["http-nio-10001"]
[INFO ] 2020-07-28 10:07:31 [main] o.a.catalina.core.StandardService - Starting service [Tomcat]
[INFO ] 2020-07-28 10:07:31 [main] o.a.catalina.core.StandardEngine - Starting Servlet engine: [Apache Tomcat/9.0.16]
[INFO ] 2020-07-28 10:07:31 [main] o.a.c.core.AprLifecycleListener - The APR based Apache Tomcat Native library which allows optimal performance in production environments was not found on the java.library.path: [C:\Program Files\Java\jdk1.8.0_241\bin;C:\Windows\Sun\Java\bin;C:\Windows\system32;C:\Windows;C:\Program Files (x86)\Common Files\Oracle\Java\javapath;D:\SmartDepServer;C:\Windows\system32;C:\Windows;C:\Windows\System32\Wbem;C:\Windows\System32\WindowsPowerShell\v1.0\;C:\Windows\System32\OpenSSH\;C:\Program Files\Java\jdk1.8.0_241\bin;C:\Program Files\Java\jdk1.8.0_241\jre\bin;D:\gradle-4.10\bin;D:\apache-maven-3.5.0\bin;C:\Program Files\Git\cmd;C:\Program Files\MySQL\MySQL Shell 8.0\bin\;C:\Users\Administrator\AppData\Local\Microsoft\WindowsApps;;.]
[INFO ] 2020-07-28 10:07:31 [main] o.a.c.c.C.[Tomcat].[localhost].[/] - Initializing Spring embedded WebApplicationContext
[INFO ] 2020-07-28 10:07:31 [main] o.s.web.context.ContextLoader - Root WebApplicationContext: initialization completed in 2149 ms
[INFO ] 2020-07-28 10:07:31 [main] o.s.b.web.servlet.RegistrationBean - Servlet statViewServlet was not registered (possibly already registered?)
[INFO ] 2020-07-28 10:07:31 [main] o.s.b.web.servlet.RegistrationBean - Filter webStatFilter was not registered (possibly already registered?)
[INFO ] 2020-07-28 10:07:31 [main] o.a.coyote.http11.Http11NioProtocol - Starting ProtocolHandler ["http-nio-10001"]
[INFO ] 2020-07-28 10:07:31 [main] o.s.b.w.e.tomcat.TomcatWebServer - Tomcat started on port(s): 10001 (http) with context path ''
[INFO ] 2020-07-28 10:07:31 [main] c.kingdee.inte.teamwork.Application - Started Application in 4.328 seconds (JVM running for 6.94)
[INFO ] 2020-07-28 10:08:49 [main] c.kingdee.inte.teamwork.Application - Starting Application on ZBTS2003-04194 with PID 76628 (E:\ideaWorkspace\teamwork\target\classes started by Administrator in E:\ideaWorkspace\teamwork)
[INFO ] 2020-07-28 10:08:49 [main] c.kingdee.inte.teamwork.Application - The following profiles are active: dev
[INFO ] 2020-07-28 10:08:49 [main] o.s.b.d.e.DevToolsPropertyDefaultsPostProcessor - Devtools property defaults active! Set 'spring.devtools.add-properties' to 'false' to disable
[INFO ] 2020-07-28 10:08:49 [main] o.s.b.d.e.DevToolsPropertyDefaultsPostProcessor - For additional web related logging consider setting the 'logging.level.web' property to 'DEBUG'
[INFO ] 2020-07-28 10:08:49 [main] o.s.b.w.e.tomcat.TomcatWebServer - Tomcat initialized with port(s): 10001 (http)
[INFO ] 2020-07-28 10:08:49 [main] o.a.coyote.http11.Http11NioProtocol - Initializing ProtocolHandler ["http-nio-10001"]
[INFO ] 2020-07-28 10:08:49 [main] o.a.catalina.core.StandardService - Starting service [Tomcat]
[INFO ] 2020-07-28 10:08:49 [main] o.a.catalina.core.StandardEngine - Starting Servlet engine: [Apache Tomcat/9.0.16]
[INFO ] 2020-07-28 10:08:49 [main] o.a.c.core.AprLifecycleListener - The APR based Apache Tomcat Native library which allows optimal performance in production environments was not found on the java.library.path: [C:\Program Files\Java\jdk1.8.0_241\bin;C:\Windows\Sun\Java\bin;C:\Windows\system32;C:\Windows;C:\Program Files (x86)\Common Files\Oracle\Java\javapath;D:\SmartDepServer;C:\Windows\system32;C:\Windows;C:\Windows\System32\Wbem;C:\Windows\System32\WindowsPowerShell\v1.0\;C:\Windows\System32\OpenSSH\;C:\Program Files\Java\jdk1.8.0_241\bin;C:\Program Files\Java\jdk1.8.0_241\jre\bin;D:\gradle-4.10\bin;D:\apache-maven-3.5.0\bin;C:\Program Files\Git\cmd;C:\Program Files\MySQL\MySQL Shell 8.0\bin\;C:\Users\Administrator\AppData\Local\Microsoft\WindowsApps;;.]
[INFO ] 2020-07-28 10:08:49 [main] o.a.c.c.C.[Tomcat].[localhost].[/] - Initializing Spring embedded WebApplicationContext
[INFO ] 2020-07-28 10:08:49 [main] o.s.web.context.ContextLoader - Root WebApplicationContext: initialization completed in 2254 ms
[INFO ] 2020-07-28 10:08:49 [main] o.s.b.web.servlet.RegistrationBean - Servlet statViewServlet was not registered (possibly already registered?)
[INFO ] 2020-07-28 10:08:49 [main] o.s.b.web.servlet.RegistrationBean - Filter webStatFilter was not registered (possibly already registered?)
[INFO ] 2020-07-28 10:08:49 [main] o.s.b.d.a.OptionalLiveReloadServer - LiveReload server is running on port 35729
[INFO ] 2020-07-28 10:08:49 [main] o.a.coyote.http11.Http11NioProtocol - Starting ProtocolHandler ["http-nio-10001"]
[INFO ] 2020-07-28 10:08:49 [main] o.s.b.w.e.tomcat.TomcatWebServer - Tomcat started on port(s): 10001 (http) with context path ''
[INFO ] 2020-07-28 10:08:49 [main] c.kingdee.inte.teamwork.Application - Started Application in 4.502 seconds (JVM running for 7.424)
[INFO ] 2020-07-28 10:08:49 [http-nio-10001-exec-1] o.a.c.c.C.[Tomcat].[localhost].[/] - Initializing Spring DispatcherServlet 'dispatcherServlet'
[INFO ] 2020-07-28 10:08:49 [http-nio-10001-exec-1] o.s.web.servlet.DispatcherServlet - Initializing Servlet 'dispatcherServlet'
[INFO ] 2020-07-28 10:08:49 [http-nio-10001-exec-1] o.s.web.servlet.DispatcherServlet - Completed initialization in 13 ms
[INFO ] 2020-07-28 10:08:49 [http-nio-10001-exec-4] c.alibaba.druid.pool.DruidDataSource - {dataSource-1} inited
[INFO ] 2020-07-28 10:08:49 [Thread-33] c.alibaba.druid.pool.DruidDataSource - {dataSource-1} closed
[INFO ] 2020-07-28 10:11:06 [main] c.kingdee.inte.teamwork.Application - Starting Application on ZBTS2003-04194 with PID 85900 (E:\ideaWorkspace\teamwork\target\classes started by Administrator in E:\ideaWorkspace\teamwork)
[INFO ] 2020-07-28 10:11:06 [main] c.kingdee.inte.teamwork.Application - The following profiles are active: dev
[INFO ] 2020-07-28 10:11:06 [main] o.s.b.d.e.DevToolsPropertyDefaultsPostProcessor - Devtools property defaults active! Set 'spring.devtools.add-properties' to 'false' to disable
[INFO ] 2020-07-28 10:11:06 [main] o.s.b.d.e.DevToolsPropertyDefaultsPostProcessor - For additional web related logging consider setting the 'logging.level.web' property to 'DEBUG'
[INFO ] 2020-07-28 10:11:06 [main] o.s.b.w.e.tomcat.TomcatWebServer - Tomcat initialized with port(s): 10001 (http)
[INFO ] 2020-07-28 10:11:06 [main] o.a.coyote.http11.Http11NioProtocol - Initializing ProtocolHandler ["http-nio-10001"]
[INFO ] 2020-07-28 10:11:06 [main] o.a.catalina.core.StandardService - Starting service [Tomcat]
[INFO ] 2020-07-28 10:11:06 [main] o.a.catalina.core.StandardEngine - Starting Servlet engine: [Apache Tomcat/9.0.16]
[INFO ] 2020-07-28 10:11:06 [main] o.a.c.core.AprLifecycleListener - The APR based Apache Tomcat Native library which allows optimal performance in production environments was not found on the java.library.path: [C:\Program Files\Java\jdk1.8.0_241\bin;C:\Windows\Sun\Java\bin;C:\Windows\system32;C:\Windows;C:\Program Files (x86)\Common Files\Oracle\Java\javapath;D:\SmartDepServer;C:\Windows\system32;C:\Windows;C:\Windows\System32\Wbem;C:\Windows\System32\WindowsPowerShell\v1.0\;C:\Windows\System32\OpenSSH\;C:\Program Files\Java\jdk1.8.0_241\bin;C:\Program Files\Java\jdk1.8.0_241\jre\bin;D:\gradle-4.10\bin;D:\apache-maven-3.5.0\bin;C:\Program Files\Git\cmd;C:\Program Files\MySQL\MySQL Shell 8.0\bin\;C:\Users\Administrator\AppData\Local\Microsoft\WindowsApps;;.]
[INFO ] 2020-07-28 10:11:06 [main] o.a.c.c.C.[Tomcat].[localhost].[/] - Initializing Spring embedded WebApplicationContext
[INFO ] 2020-07-28 10:11:06 [main] o.s.web.context.ContextLoader - Root WebApplicationContext: initialization completed in 2311 ms
[INFO ] 2020-07-28 10:11:06 [main] o.s.b.web.servlet.RegistrationBean - Servlet statViewServlet was not registered (possibly already registered?)
[INFO ] 2020-07-28 10:11:06 [main] o.s.b.web.servlet.RegistrationBean - Filter webStatFilter was not registered (possibly already registered?)
[INFO ] 2020-07-28 10:11:06 [main] o.s.b.d.a.OptionalLiveReloadServer - LiveReload server is running on port 35729
[INFO ] 2020-07-28 10:11:06 [main] o.a.coyote.http11.Http11NioProtocol - Starting ProtocolHandler ["http-nio-10001"]
[INFO ] 2020-07-28 10:11:06 [main] o.s.b.w.e.tomcat.TomcatWebServer - Tomcat started on port(s): 10001 (http) with context path ''
[INFO ] 2020-07-28 10:11:06 [main] c.kingdee.inte.teamwork.Application - Started Application in 4.776 seconds (JVM running for 8.348)
[INFO ] 2020-07-28 11:21:20 [main] c.kingdee.inte.teamwork.Application - Starting Application on ZBTS2003-04194 with PID 80252 (E:\ideaWorkspace\teamwork\target\classes started by Administrator in E:\ideaWorkspace\teamwork)
[INFO ] 2020-07-28 11:21:20 [main] c.kingdee.inte.teamwork.Application - The following profiles are active: dev
[INFO ] 2020-07-28 11:21:20 [main] o.s.b.d.e.DevToolsPropertyDefaultsPostProcessor - Devtools property defaults active! Set 'spring.devtools.add-properties' to 'false' to disable
[INFO ] 2020-07-28 11:21:20 [main] o.s.b.d.e.DevToolsPropertyDefaultsPostProcessor - For additional web related logging consider setting the 'logging.level.web' property to 'DEBUG'
[INFO ] 2020-07-28 11:21:20 [main] o.s.b.w.e.tomcat.TomcatWebServer - Tomcat initialized with port(s): 10001 (http)
[INFO ] 2020-07-28 11:21:20 [main] o.a.coyote.http11.Http11NioProtocol - Initializing ProtocolHandler ["http-nio-10001"]
[INFO ] 2020-07-28 11:21:20 [main] o.a.catalina.core.StandardService - Starting service [Tomcat]
[INFO ] 2020-07-28 11:21:20 [main] o.a.catalina.core.StandardEngine - Starting Servlet engine: [Apache Tomcat/9.0.16]
[INFO ] 2020-07-28 11:21:20 [main] o.a.c.core.AprLifecycleListener - The APR based Apache Tomcat Native library which allows optimal performance in production environments was not found on the java.library.path: [C:\Program Files\Java\jdk1.8.0_241\bin;C:\Windows\Sun\Java\bin;C:\Windows\system32;C:\Windows;C:\Program Files (x86)\Common Files\Oracle\Java\javapath;D:\SmartDepServer;C:\Windows\system32;C:\Windows;C:\Windows\System32\Wbem;C:\Windows\System32\WindowsPowerShell\v1.0\;C:\Windows\System32\OpenSSH\;C:\Program Files\Java\jdk1.8.0_241\bin;C:\Program Files\Java\jdk1.8.0_241\jre\bin;D:\gradle-4.10\bin;D:\apache-maven-3.5.0\bin;C:\Program Files\Git\cmd;C:\Program Files\MySQL\MySQL Shell 8.0\bin\;C:\Users\Administrator\AppData\Local\Microsoft\WindowsApps;;.]
[INFO ] 2020-07-28 11:21:20 [main] o.a.c.c.C.[Tomcat].[localhost].[/] - Initializing Spring embedded WebApplicationContext
[INFO ] 2020-07-28 11:21:20 [main] o.s.web.context.ContextLoader - Root WebApplicationContext: initialization completed in 1996 ms
[INFO ] 2020-07-28 11:21:20 [main] o.s.b.web.servlet.RegistrationBean - Servlet statViewServlet was not registered (possibly already registered?)
[INFO ] 2020-07-28 11:21:20 [main] o.s.b.web.servlet.RegistrationBean - Filter webStatFilter was not registered (possibly already registered?)
[INFO ] 2020-07-28 11:21:20 [main] o.s.b.d.a.OptionalLiveReloadServer - LiveReload server is running on port 35729
[INFO ] 2020-07-28 11:21:20 [main] o.a.coyote.http11.Http11NioProtocol - Starting ProtocolHandler ["http-nio-10001"]
[INFO ] 2020-07-28 11:21:20 [main] o.s.b.w.e.tomcat.TomcatWebServer - Tomcat started on port(s): 10001 (http) with context path ''
[INFO ] 2020-07-28 11:21:20 [main] c.kingdee.inte.teamwork.Application - Started Application in 4.106 seconds (JVM running for 6.84)
[INFO ] 2020-07-28 11:21:20 [http-nio-10001-exec-1] o.a.c.c.C.[Tomcat].[localhost].[/] - Initializing Spring DispatcherServlet 'dispatcherServlet'
[INFO ] 2020-07-28 11:21:20 [http-nio-10001-exec-1] o.s.web.servlet.DispatcherServlet - Initializing Servlet 'dispatcherServlet'
[INFO ] 2020-07-28 11:21:20 [http-nio-10001-exec-1] o.s.web.servlet.DispatcherServlet - Completed initialization in 8 ms
[INFO ] 2020-07-28 11:21:20 [http-nio-10001-exec-7] c.alibaba.druid.pool.DruidDataSource - {dataSource-1} inited
[INFO ] 2020-07-28 11:21:20 [Thread-33] c.alibaba.druid.pool.DruidDataSource - {dataSource-1} closed
[INFO ] 2020-07-28 12:36:03 [main] c.kingdee.inte.teamwork.Application - Starting Application on ZBTS2003-04194 with PID 89012 (E:\ideaWorkspace\teamwork\target\classes started by Administrator in E:\ideaWorkspace\teamwork)
[INFO ] 2020-07-28 12:36:03 [main] c.kingdee.inte.teamwork.Application - The following profiles are active: dev
[INFO ] 2020-07-28 12:36:03 [main] o.s.b.d.e.DevToolsPropertyDefaultsPostProcessor - Devtools property defaults active! Set 'spring.devtools.add-properties' to 'false' to disable
[INFO ] 2020-07-28 12:36:03 [main] o.s.b.d.e.DevToolsPropertyDefaultsPostProcessor - For additional web related logging consider setting the 'logging.level.web' property to 'DEBUG'
[INFO ] 2020-07-28 12:36:03 [main] o.s.b.w.e.tomcat.TomcatWebServer - Tomcat initialized with port(s): 10001 (http)
[INFO ] 2020-07-28 12:36:03 [main] o.a.coyote.http11.Http11NioProtocol - Initializing ProtocolHandler ["http-nio-10001"]
[INFO ] 2020-07-28 12:36:03 [main] o.a.catalina.core.StandardService - Starting service [Tomcat]
[INFO ] 2020-07-28 12:36:03 [main] o.a.catalina.core.StandardEngine - Starting Servlet engine: [Apache Tomcat/9.0.16]
[INFO ] 2020-07-28 12:36:03 [main] o.a.c.core.AprLifecycleListener - The APR based Apache Tomcat Native library which allows optimal performance in production environments was not found on the java.library.path: [C:\Program Files\Java\jdk1.8.0_241\bin;C:\Windows\Sun\Java\bin;C:\Windows\system32;C:\Windows;C:\Program Files (x86)\Common Files\Oracle\Java\javapath;D:\SmartDepServer;C:\Windows\system32;C:\Windows;C:\Windows\System32\Wbem;C:\Windows\System32\WindowsPowerShell\v1.0\;C:\Windows\System32\OpenSSH\;C:\Program Files\Java\jdk1.8.0_241\bin;C:\Program Files\Java\jdk1.8.0_241\jre\bin;D:\gradle-4.10\bin;D:\apache-maven-3.5.0\bin;C:\Program Files\Git\cmd;C:\Program Files\MySQL\MySQL Shell 8.0\bin\;C:\Users\Administrator\AppData\Local\Microsoft\WindowsApps;;.]
[INFO ] 2020-07-28 12:36:03 [main] o.a.c.c.C.[Tomcat].[localhost].[/] - Initializing Spring embedded WebApplicationContext
[INFO ] 2020-07-28 12:36:03 [main] o.s.web.context.ContextLoader - Root WebApplicationContext: initialization completed in 2760 ms
[INFO ] 2020-07-28 12:36:03 [main] o.s.b.web.servlet.RegistrationBean - Servlet statViewServlet was not registered (possibly already registered?)
[INFO ] 2020-07-28 12:36:03 [main] o.s.b.web.servlet.RegistrationBean - Filter webStatFilter was not registered (possibly already registered?)
[INFO ] 2020-07-28 12:36:03 [main] o.s.b.d.a.OptionalLiveReloadServer - LiveReload server is running on port 35729
[INFO ] 2020-07-28 12:36:03 [main] o.a.coyote.http11.Http11NioProtocol - Starting ProtocolHandler ["http-nio-10001"]
[INFO ] 2020-07-28 12:36:03 [main] o.s.b.w.e.tomcat.TomcatWebServer - Tomcat started on port(s): 10001 (http) with context path ''
[INFO ] 2020-07-28 12:36:03 [main] c.kingdee.inte.teamwork.Application - Started Application in 6.687 seconds (JVM running for 10.226)
[INFO ] 2020-07-28 12:36:03 [http-nio-10001-exec-2] o.a.c.c.C.[Tomcat].[localhost].[/] - Initializing Spring DispatcherServlet 'dispatcherServlet'
[INFO ] 2020-07-28 12:36:03 [http-nio-10001-exec-2] o.s.web.servlet.DispatcherServlet - Initializing Servlet 'dispatcherServlet'
[INFO ] 2020-07-28 12:36:03 [http-nio-10001-exec-2] o.s.web.servlet.DispatcherServlet - Completed initialization in 7 ms
[INFO ] 2020-07-28 12:36:03 [http-nio-10001-exec-3] c.alibaba.druid.pool.DruidDataSource - {dataSource-1} inited
[INFO ] 2020-07-28 12:36:03 [Thread-38] c.alibaba.druid.pool.DruidDataSource - {dataSource-1} closed
[INFO ] 2020-07-28 12:39:51 [main] c.kingdee.inte.teamwork.Application - Starting Application on ZBTS2003-04194 with PID 88008 (E:\ideaWorkspace\teamwork\target\classes started by Administrator in E:\ideaWorkspace\teamwork)
[INFO ] 2020-07-28 12:39:51 [main] c.kingdee.inte.teamwork.Application - The following profiles are active: dev
[INFO ] 2020-07-28 12:39:51 [main] o.s.b.d.e.DevToolsPropertyDefaultsPostProcessor - Devtools property defaults active! Set 'spring.devtools.add-properties' to 'false' to disable
[INFO ] 2020-07-28 12:39:51 [main] o.s.b.d.e.DevToolsPropertyDefaultsPostProcessor - For additional web related logging consider setting the 'logging.level.web' property to 'DEBUG'
[INFO ] 2020-07-28 12:39:51 [main] o.s.b.w.e.tomcat.TomcatWebServer - Tomcat initialized with port(s): 10001 (http)
[INFO ] 2020-07-28 12:39:51 [main] o.a.coyote.http11.Http11NioProtocol - Initializing ProtocolHandler ["http-nio-10001"]
[INFO ] 2020-07-28 12:39:51 [main] o.a.catalina.core.StandardService - Starting service [Tomcat]
[INFO ] 2020-07-28 12:39:51 [main] o.a.catalina.core.StandardEngine - Starting Servlet engine: [Apache Tomcat/9.0.16]
[INFO ] 2020-07-28 12:39:51 [main] o.a.c.core.AprLifecycleListener - The APR based Apache Tomcat Native library which allows optimal performance in production environments was not found on the java.library.path: [C:\Program Files\Java\jdk1.8.0_241\bin;C:\Windows\Sun\Java\bin;C:\Windows\system32;C:\Windows;C:\Program Files (x86)\Common Files\Oracle\Java\javapath;D:\SmartDepServer;C:\Windows\system32;C:\Windows;C:\Windows\System32\Wbem;C:\Windows\System32\WindowsPowerShell\v1.0\;C:\Windows\System32\OpenSSH\;C:\Program Files\Java\jdk1.8.0_241\bin;C:\Program Files\Java\jdk1.8.0_241\jre\bin;D:\gradle-4.10\bin;D:\apache-maven-3.5.0\bin;C:\Program Files\Git\cmd;C:\Program Files\MySQL\MySQL Shell 8.0\bin\;C:\Users\Administrator\AppData\Local\Microsoft\WindowsApps;;.]
[INFO ] 2020-07-28 12:39:51 [main] o.a.c.c.C.[Tomcat].[localhost].[/] - Initializing Spring embedded WebApplicationContext
[INFO ] 2020-07-28 12:39:51 [main] o.s.web.context.ContextLoader - Root WebApplicationContext: initialization completed in 2486 ms
[INFO ] 2020-07-28 12:39:51 [main] o.s.b.web.servlet.RegistrationBean - Servlet statViewServlet was not registered (possibly already registered?)
[INFO ] 2020-07-28 12:39:51 [main] o.s.b.web.servlet.RegistrationBean - Filter webStatFilter was not registered (possibly already registered?)
[INFO ] 2020-07-28 12:39:51 [main] o.s.b.d.a.OptionalLiveReloadServer - LiveReload server is running on port 35729
[INFO ] 2020-07-28 12:39:51 [main] o.a.coyote.http11.Http11NioProtocol - Starting ProtocolHandler ["http-nio-10001"]
[INFO ] 2020-07-28 12:39:51 [main] o.s.b.w.e.tomcat.TomcatWebServer - Tomcat started on port(s): 10001 (http) with context path ''
[INFO ] 2020-07-28 12:39:51 [main] c.kingdee.inte.teamwork.Application - Started Application in 4.989 seconds (JVM running for 8.402)
[INFO ] 2020-07-28 12:39:51 [http-nio-10001-exec-2] o.a.c.c.C.[Tomcat].[localhost].[/] - Initializing Spring DispatcherServlet 'dispatcherServlet'
[INFO ] 2020-07-28 12:39:51 [http-nio-10001-exec-2] o.s.web.servlet.DispatcherServlet - Initializing Servlet 'dispatcherServlet'
[INFO ] 2020-07-28 12:39:51 [http-nio-10001-exec-2] o.s.web.servlet.DispatcherServlet - Completed initialization in 11 ms
[INFO ] 2020-07-28 12:39:51 [http-nio-10001-exec-1] c.alibaba.druid.pool.DruidDataSource - {dataSource-1} inited
[INFO ] 2020-07-28 12:39:51 [Thread-34] c.alibaba.druid.pool.DruidDataSource - {dataSource-1} closed
[INFO ] 2020-07-28 15:17:23 [main] c.kingdee.inte.teamwork.Application - Starting Application on ZBTS2003-04194 with PID 88684 (E:\ideaWorkspace\teamwork\target\classes started by Administrator in E:\ideaWorkspace\teamwork)
[INFO ] 2020-07-28 15:17:23 [main] c.kingdee.inte.teamwork.Application - The following profiles are active: dev
[INFO ] 2020-07-28 15:17:23 [main] o.s.b.d.e.DevToolsPropertyDefaultsPostProcessor - Devtools property defaults active! Set 'spring.devtools.add-properties' to 'false' to disable
[INFO ] 2020-07-28 15:17:23 [main] o.s.b.d.e.DevToolsPropertyDefaultsPostProcessor - For additional web related logging consider setting the 'logging.level.web' property to 'DEBUG'
[INFO ] 2020-07-28 15:17:23 [main] o.s.b.w.e.tomcat.TomcatWebServer - Tomcat initialized with port(s): 10001 (http)
[INFO ] 2020-07-28 15:17:23 [main] o.a.coyote.http11.Http11NioProtocol - Initializing ProtocolHandler ["http-nio-10001"]
[INFO ] 2020-07-28 15:17:23 [main] o.a.catalina.core.StandardService - Starting service [Tomcat]
[INFO ] 2020-07-28 15:17:23 [main] o.a.catalina.core.StandardEngine - Starting Servlet engine: [Apache Tomcat/9.0.16]
[INFO ] 2020-07-28 15:17:23 [main] o.a.c.core.AprLifecycleListener - The APR based Apache Tomcat Native library which allows optimal performance in production environments was not found on the java.library.path: [C:\Program Files\Java\jdk1.8.0_241\bin;C:\Windows\Sun\Java\bin;C:\Windows\system32;C:\Windows;C:\Program Files (x86)\Common Files\Oracle\Java\javapath;D:\SmartDepServer;C:\Windows\system32;C:\Windows;C:\Windows\System32\Wbem;C:\Windows\System32\WindowsPowerShell\v1.0\;C:\Windows\System32\OpenSSH\;C:\Program Files\Java\jdk1.8.0_241\bin;C:\Program Files\Java\jdk1.8.0_241\jre\bin;D:\gradle-4.10\bin;D:\apache-maven-3.5.0\bin;C:\Program Files\Git\cmd;C:\Program Files\MySQL\MySQL Shell 8.0\bin\;C:\Users\Administrator\AppData\Local\Microsoft\WindowsApps;;.]
[INFO ] 2020-07-28 15:17:23 [main] o.a.c.c.C.[Tomcat].[localhost].[/] - Initializing Spring embedded WebApplicationContext
[INFO ] 2020-07-28 15:17:23 [main] o.s.web.context.ContextLoader - Root WebApplicationContext: initialization completed in 2177 ms
[INFO ] 2020-07-28 15:17:23 [main] o.s.b.web.servlet.RegistrationBean - Servlet statViewServlet was not registered (possibly already registered?)
[INFO ] 2020-07-28 15:17:23 [main] o.s.b.web.servlet.RegistrationBean - Filter webStatFilter was not registered (possibly already registered?)
[INFO ] 2020-07-28 15:17:23 [main] o.s.b.d.a.OptionalLiveReloadServer - LiveReload server is running on port 35729
[INFO ] 2020-07-28 15:17:23 [main] o.a.coyote.http11.Http11NioProtocol - Starting ProtocolHandler ["http-nio-10001"]
[INFO ] 2020-07-28 15:17:23 [main] o.s.b.w.e.tomcat.TomcatWebServer - Tomcat started on port(s): 10001 (http) with context path ''
[INFO ] 2020-07-28 15:17:23 [main] c.kingdee.inte.teamwork.Application - Started Application in 5.466 seconds (JVM running for 8.46)
[INFO ] 2020-07-28 15:18:47 [main] c.kingdee.inte.teamwork.Application - Starting Application on ZBTS2003-04194 with PID 71116 (E:\ideaWorkspace\teamwork\target\classes started by Administrator in E:\ideaWorkspace\teamwork)
[INFO ] 2020-07-28 15:18:47 [main] c.kingdee.inte.teamwork.Application - The following profiles are active: dev
[INFO ] 2020-07-28 15:18:47 [main] o.s.b.d.e.DevToolsPropertyDefaultsPostProcessor - Devtools property defaults active! Set 'spring.devtools.add-properties' to 'false' to disable
[INFO ] 2020-07-28 15:18:47 [main] o.s.b.d.e.DevToolsPropertyDefaultsPostProcessor - For additional web related logging consider setting the 'logging.level.web' property to 'DEBUG'
[INFO ] 2020-07-28 15:18:47 [main] o.s.b.w.e.tomcat.TomcatWebServer - Tomcat initialized with port(s): 10001 (http)
[INFO ] 2020-07-28 15:18:47 [main] o.a.coyote.http11.Http11NioProtocol - Initializing ProtocolHandler ["http-nio-10001"]
[INFO ] 2020-07-28 15:18:47 [main] o.a.catalina.core.StandardService - Starting service [Tomcat]
[INFO ] 2020-07-28 15:18:47 [main] o.a.catalina.core.StandardEngine - Starting Servlet engine: [Apache Tomcat/9.0.16]
[INFO ] 2020-07-28 15:18:47 [main] o.a.c.core.AprLifecycleListener - The APR based Apache Tomcat Native library which allows optimal performance in production environments was not found on the java.library.path: [C:\Program Files\Java\jdk1.8.0_241\bin;C:\Windows\Sun\Java\bin;C:\Windows\system32;C:\Windows;C:\Program Files (x86)\Common Files\Oracle\Java\javapath;D:\SmartDepServer;C:\Windows\system32;C:\Windows;C:\Windows\System32\Wbem;C:\Windows\System32\WindowsPowerShell\v1.0\;C:\Windows\System32\OpenSSH\;C:\Program Files\Java\jdk1.8.0_241\bin;C:\Program Files\Java\jdk1.8.0_241\jre\bin;D:\gradle-4.10\bin;D:\apache-maven-3.5.0\bin;C:\Program Files\Git\cmd;C:\Program Files\MySQL\MySQL Shell 8.0\bin\;C:\Users\Administrator\AppData\Local\Microsoft\WindowsApps;;.]
[INFO ] 2020-07-28 15:18:47 [main] o.a.c.c.C.[Tomcat].[localhost].[/] - Initializing Spring embedded WebApplicationContext
[INFO ] 2020-07-28 15:18:47 [main] o.s.web.context.ContextLoader - Root WebApplicationContext: initialization completed in 2680 ms
[INFO ] 2020-07-28 15:18:47 [main] o.s.b.web.servlet.RegistrationBean - Servlet statViewServlet was not registered (possibly already registered?)
[INFO ] 2020-07-28 15:18:47 [main] o.s.b.web.servlet.RegistrationBean - Filter webStatFilter was not registered (possibly already registered?)
[INFO ] 2020-07-28 15:18:47 [main] o.s.b.d.a.OptionalLiveReloadServer - LiveReload server is running on port 35729
[INFO ] 2020-07-28 15:18:47 [main] o.a.coyote.http11.Http11NioProtocol - Starting ProtocolHandler ["http-nio-10001"]
[INFO ] 2020-07-28 15:18:47 [main] o.s.b.w.e.tomcat.TomcatWebServer - Tomcat started on port(s): 10001 (http) with context path ''
[INFO ] 2020-07-28 15:18:47 [main] c.kingdee.inte.teamwork.Application - Started Application in 5.736 seconds (JVM running for 8.859)
[INFO ] 2020-07-28 15:18:47 [http-nio-10001-exec-1] o.a.c.c.C.[Tomcat].[localhost].[/] - Initializing Spring DispatcherServlet 'dispatcherServlet'
[INFO ] 2020-07-28 15:18:47 [http-nio-10001-exec-1] o.s.web.servlet.DispatcherServlet - Initializing Servlet 'dispatcherServlet'
[INFO ] 2020-07-28 15:18:47 [http-nio-10001-exec-1] o.s.web.servlet.DispatcherServlet - Completed initialization in 8 ms
[INFO ] 2020-07-28 15:22:26 [main] c.kingdee.inte.teamwork.Application - Starting Application on ZBTS2003-04194 with PID 90488 (E:\ideaWorkspace\teamwork\target\classes started by Administrator in E:\ideaWorkspace\teamwork)
[INFO ] 2020-07-28 15:22:26 [main] c.kingdee.inte.teamwork.Application - The following profiles are active: dev
[INFO ] 2020-07-28 15:22:26 [main] o.s.b.d.e.DevToolsPropertyDefaultsPostProcessor - Devtools property defaults active! Set 'spring.devtools.add-properties' to 'false' to disable
[INFO ] 2020-07-28 15:22:26 [main] o.s.b.d.e.DevToolsPropertyDefaultsPostProcessor - For additional web related logging consider setting the 'logging.level.web' property to 'DEBUG'
[INFO ] 2020-07-28 15:22:26 [main] o.s.b.w.e.tomcat.TomcatWebServer - Tomcat initialized with port(s): 10001 (http)
[INFO ] 2020-07-28 15:22:26 [main] o.a.coyote.http11.Http11NioProtocol - Initializing ProtocolHandler ["http-nio-10001"]
[INFO ] 2020-07-28 15:22:26 [main] o.a.catalina.core.StandardService - Starting service [Tomcat]
[INFO ] 2020-07-28 15:22:26 [main] o.a.catalina.core.StandardEngine - Starting Servlet engine: [Apache Tomcat/9.0.16]
[INFO ] 2020-07-28 15:22:26 [main] o.a.c.core.AprLifecycleListener - The APR based Apache Tomcat Native library which allows optimal performance in production environments was not found on the java.library.path: [C:\Program Files\Java\jdk1.8.0_241\bin;C:\Windows\Sun\Java\bin;C:\Windows\system32;C:\Windows;C:\Program Files (x86)\Common Files\Oracle\Java\javapath;D:\SmartDepServer;C:\Windows\system32;C:\Windows;C:\Windows\System32\Wbem;C:\Windows\System32\WindowsPowerShell\v1.0\;C:\Windows\System32\OpenSSH\;C:\Program Files\Java\jdk1.8.0_241\bin;C:\Program Files\Java\jdk1.8.0_241\jre\bin;D:\gradle-4.10\bin;D:\apache-maven-3.5.0\bin;C:\Program Files\Git\cmd;C:\Program Files\MySQL\MySQL Shell 8.0\bin\;C:\Users\Administrator\AppData\Local\Microsoft\WindowsApps;;.]
[INFO ] 2020-07-28 15:22:26 [main] o.a.c.c.C.[Tomcat].[localhost].[/] - Initializing Spring embedded WebApplicationContext
[INFO ] 2020-07-28 15:22:26 [main] o.s.web.context.ContextLoader - Root WebApplicationContext: initialization completed in 2671 ms
[INFO ] 2020-07-28 15:22:26 [main] o.s.b.web.servlet.RegistrationBean - Servlet statViewServlet was not registered (possibly already registered?)
[INFO ] 2020-07-28 15:22:26 [main] o.s.b.web.servlet.RegistrationBean - Filter webStatFilter was not registered (possibly already registered?)
[INFO ] 2020-07-28 15:22:26 [main] o.s.b.d.a.OptionalLiveReloadServer - LiveReload server is running on port 35729
[INFO ] 2020-07-28 15:22:26 [main] o.a.coyote.http11.Http11NioProtocol - Starting ProtocolHandler ["http-nio-10001"]
[INFO ] 2020-07-28 15:22:26 [main] o.s.b.w.e.tomcat.TomcatWebServer - Tomcat started on port(s): 10001 (http) with context path ''
[INFO ] 2020-07-28 15:22:26 [main] c.kingdee.inte.teamwork.Application - Started Application in 4.916 seconds (JVM running for 7.821)
[INFO ] 2020-07-28 15:22:26 [http-nio-10001-exec-4] o.a.c.c.C.[Tomcat].[localhost].[/] - Initializing Spring DispatcherServlet 'dispatcherServlet'
[INFO ] 2020-07-28 15:22:26 [http-nio-10001-exec-4] o.s.web.servlet.DispatcherServlet - Initializing Servlet 'dispatcherServlet'
[INFO ] 2020-07-28 15:22:26 [http-nio-10001-exec-4] o.s.web.servlet.DispatcherServlet - Completed initialization in 10 ms
[INFO ] 2020-07-28 15:23:47 [main] c.kingdee.inte.teamwork.Application - Starting Application on ZBTS2003-04194 with PID 90188 (E:\ideaWorkspace\teamwork\target\classes started by Administrator in E:\ideaWorkspace\teamwork)
[INFO ] 2020-07-28 15:23:47 [main] c.kingdee.inte.teamwork.Application - The following profiles are active: dev
[INFO ] 2020-07-28 15:23:47 [main] o.s.b.d.e.DevToolsPropertyDefaultsPostProcessor - Devtools property defaults active! Set 'spring.devtools.add-properties' to 'false' to disable
[INFO ] 2020-07-28 15:23:47 [main] o.s.b.d.e.DevToolsPropertyDefaultsPostProcessor - For additional web related logging consider setting the 'logging.level.web' property to 'DEBUG'
[INFO ] 2020-07-28 15:23:47 [main] o.s.b.w.e.tomcat.TomcatWebServer - Tomcat initialized with port(s): 10001 (http)
[INFO ] 2020-07-28 15:23:47 [main] o.a.coyote.http11.Http11NioProtocol - Initializing ProtocolHandler ["http-nio-10001"]
[INFO ] 2020-07-28 15:23:47 [main] o.a.catalina.core.StandardService - Starting service [Tomcat]
[INFO ] 2020-07-28 15:23:47 [main] o.a.catalina.core.StandardEngine - Starting Servlet engine: [Apache Tomcat/9.0.16]
[INFO ] 2020-07-28 15:23:47 [main] o.a.c.core.AprLifecycleListener - The APR based Apache Tomcat Native library which allows optimal performance in production environments was not found on the java.library.path: [C:\Program Files\Java\jdk1.8.0_241\bin;C:\Windows\Sun\Java\bin;C:\Windows\system32;C:\Windows;C:\Program Files (x86)\Common Files\Oracle\Java\javapath;D:\SmartDepServer;C:\Windows\system32;C:\Windows;C:\Windows\System32\Wbem;C:\Windows\System32\WindowsPowerShell\v1.0\;C:\Windows\System32\OpenSSH\;C:\Program Files\Java\jdk1.8.0_241\bin;C:\Program Files\Java\jdk1.8.0_241\jre\bin;D:\gradle-4.10\bin;D:\apache-maven-3.5.0\bin;C:\Program Files\Git\cmd;C:\Program Files\MySQL\MySQL Shell 8.0\bin\;C:\Users\Administrator\AppData\Local\Microsoft\WindowsApps;;.]
[INFO ] 2020-07-28 15:23:47 [main] o.a.c.c.C.[Tomcat].[localhost].[/] - Initializing Spring embedded WebApplicationContext
[INFO ] 2020-07-28 15:23:47 [main] o.s.web.context.ContextLoader - Root WebApplicationContext: initialization completed in 1907 ms
[INFO ] 2020-07-28 15:23:47 [main] o.s.b.web.servlet.RegistrationBean - Servlet statViewServlet was not registered (possibly already registered?)
[INFO ] 2020-07-28 15:23:47 [main] o.s.b.web.servlet.RegistrationBean - Filter webStatFilter was not registered (possibly already registered?)
[INFO ] 2020-07-28 15:23:47 [main] o.s.b.d.a.OptionalLiveReloadServer - LiveReload server is running on port 35729
[INFO ] 2020-07-28 15:23:47 [main] o.a.coyote.http11.Http11NioProtocol - Starting ProtocolHandler ["http-nio-10001"]
[INFO ] 2020-07-28 15:23:47 [main] o.s.b.w.e.tomcat.TomcatWebServer - Tomcat started on port(s): 10001 (http) with context path ''
[INFO ] 2020-07-28 15:23:47 [main] c.kingdee.inte.teamwork.Application - Started Application in 4.147 seconds (JVM running for 7.395)
[INFO ] 2020-07-28 15:23:47 [http-nio-10001-exec-1] o.a.c.c.C.[Tomcat].[localhost].[/] - Initializing Spring DispatcherServlet 'dispatcherServlet'
[INFO ] 2020-07-28 15:23:47 [http-nio-10001-exec-1] o.s.web.servlet.DispatcherServlet - Initializing Servlet 'dispatcherServlet'
[INFO ] 2020-07-28 15:23:47 [http-nio-10001-exec-1] o.s.web.servlet.DispatcherServlet - Completed initialization in 12 ms
[INFO ] 2020-07-28 15:23:47 [http-nio-10001-exec-7] c.alibaba.druid.pool.DruidDataSource - {dataSource-1} inited
[INFO ] 2020-07-28 15:23:47 [Thread-33] c.alibaba.druid.pool.DruidDataSource - {dataSource-1} closed
[INFO ] 2020-07-28 15:55:27 [main] c.kingdee.inte.teamwork.Application - Starting Application on ZBTS2003-04194 with PID 44024 (E:\ideaWorkspace\teamwork\target\classes started by Administrator in E:\ideaWorkspace\teamwork)
[INFO ] 2020-07-28 15:55:27 [main] c.kingdee.inte.teamwork.Application - The following profiles are active: dev
[INFO ] 2020-07-28 15:55:27 [main] o.s.b.d.e.DevToolsPropertyDefaultsPostProcessor - Devtools property defaults active! Set 'spring.devtools.add-properties' to 'false' to disable
[INFO ] 2020-07-28 15:55:27 [main] o.s.b.d.e.DevToolsPropertyDefaultsPostProcessor - For additional web related logging consider setting the 'logging.level.web' property to 'DEBUG'
[INFO ] 2020-07-28 15:55:27 [main] o.s.b.w.e.tomcat.TomcatWebServer - Tomcat initialized with port(s): 10001 (http)
[INFO ] 2020-07-28 15:55:27 [main] o.a.coyote.http11.Http11NioProtocol - Initializing ProtocolHandler ["http-nio-10001"]
[INFO ] 2020-07-28 15:55:27 [main] o.a.catalina.core.StandardService - Starting service [Tomcat]
[INFO ] 2020-07-28 15:55:27 [main] o.a.catalina.core.StandardEngine - Starting Servlet engine: [Apache Tomcat/9.0.16]
[INFO ] 2020-07-28 15:55:27 [main] o.a.c.core.AprLifecycleListener - The APR based Apache Tomcat Native library which allows optimal performance in production environments was not found on the java.library.path: [C:\Program Files\Java\jdk1.8.0_241\bin;C:\Windows\Sun\Java\bin;C:\Windows\system32;C:\Windows;C:\Program Files (x86)\Common Files\Oracle\Java\javapath;D:\SmartDepServer;C:\Windows\system32;C:\Windows;C:\Windows\System32\Wbem;C:\Windows\System32\WindowsPowerShell\v1.0\;C:\Windows\System32\OpenSSH\;C:\Program Files\Java\jdk1.8.0_241\bin;C:\Program Files\Java\jdk1.8.0_241\jre\bin;D:\gradle-4.10\bin;D:\apache-maven-3.5.0\bin;C:\Program Files\Git\cmd;C:\Program Files\MySQL\MySQL Shell 8.0\bin\;C:\Users\Administrator\AppData\Local\Microsoft\WindowsApps;;.]
[INFO ] 2020-07-28 15:55:27 [main] o.a.c.c.C.[Tomcat].[localhost].[/] - Initializing Spring embedded WebApplicationContext
[INFO ] 2020-07-28 15:55:27 [main] o.s.web.context.ContextLoader - Root WebApplicationContext: initialization completed in 2506 ms
[INFO ] 2020-07-28 15:55:27 [main] o.s.b.web.servlet.RegistrationBean - Servlet statViewServlet was not registered (possibly already registered?)
[INFO ] 2020-07-28 15:55:27 [main] o.s.b.web.servlet.RegistrationBean - Filter webStatFilter was not registered (possibly already registered?)
[INFO ] 2020-07-28 15:55:27 [main] o.s.b.d.a.OptionalLiveReloadServer - LiveReload server is running on port 35729
[INFO ] 2020-07-28 15:55:27 [main] o.a.coyote.http11.Http11NioProtocol - Starting ProtocolHandler ["http-nio-10001"]
[INFO ] 2020-07-28 15:55:27 [main] o.s.b.w.e.tomcat.TomcatWebServer - Tomcat started on port(s): 10001 (http) with context path ''
[INFO ] 2020-07-28 15:55:27 [main] c.kingdee.inte.teamwork.Application - Started Application in 5.233 seconds (JVM running for 8.06)
[INFO ] 2020-07-28 15:55:27 [http-nio-10001-exec-1] o.a.c.c.C.[Tomcat].[localhost].[/] - Initializing Spring DispatcherServlet 'dispatcherServlet'
[INFO ] 2020-07-28 15:55:27 [http-nio-10001-exec-1] o.s.web.servlet.DispatcherServlet - Initializing Servlet 'dispatcherServlet'
[INFO ] 2020-07-28 15:55:27 [http-nio-10001-exec-1] o.s.web.servlet.DispatcherServlet - Completed initialization in 8 ms
[INFO ] 2020-07-28 15:55:27 [http-nio-10001-exec-8] c.k.i.t.service.impl.AddrServiceImpl -   Baidu
[INFO ] 2020-07-28 15:55:27 [http-nio-10001-exec-3] c.k.i.t.service.impl.AddrServiceImpl -   Baidu
[INFO ] 2020-07-28 15:55:27 [http-nio-10001-exec-4] c.k.i.t.service.impl.AddrServiceImpl -   Baidu
[INFO ] 2020-07-28 15:55:27 [http-nio-10001-exec-1] c.k.i.t.service.impl.AddrServiceImpl -   Baidu
[INFO ] 2020-07-28 15:55:27 [http-nio-10001-exec-5] c.k.i.t.service.impl.AddrServiceImpl -   Baidu
[INFO ] 2020-07-28 15:55:27 [http-nio-10001-exec-7] c.k.i.t.service.impl.AddrServiceImpl -   Baidu
[INFO ] 2020-07-28 15:55:27 [http-nio-10001-exec-3] c.k.i.t.service.impl.AddrServiceImpl -   Baidu
[INFO ] 2020-07-28 15:55:27 [http-nio-10001-exec-8] c.k.i.t.service.impl.AddrServiceImpl -   Baidu
[INFO ] 2020-07-28 15:55:27 [http-nio-10001-exec-10] c.k.i.t.service.impl.AddrServiceImpl -   Baidu
[INFO ] 2020-07-28 15:55:27 [http-nio-10001-exec-7] c.k.i.t.service.impl.AddrServiceImpl -   Baidu
[INFO ] 2020-07-28 15:55:27 [http-nio-10001-exec-6] c.k.i.t.service.impl.AddrServiceImpl -   Baidu
[INFO ] 2020-07-28 15:55:27 [http-nio-10001-exec-5] c.k.i.t.service.impl.AddrServiceImpl -   Baidu
[INFO ] 2020-07-28 15:55:27 [http-nio-10001-exec-6] c.k.i.t.service.impl.AddrServiceImpl -   Google
[INFO ] 2020-07-28 17:17:31 [main] c.kingdee.inte.teamwork.Application - Starting Application on ZBTS2003-04194 with PID 89632 (E:\ideaWorkspace\teamwork\target\classes started by Administrator in E:\ideaWorkspace\teamwork)
[INFO ] 2020-07-28 17:17:31 [main] c.kingdee.inte.teamwork.Application - The following profiles are active: dev
[INFO ] 2020-07-28 17:17:31 [main] o.s.b.d.e.DevToolsPropertyDefaultsPostProcessor - Devtools property defaults active! Set 'spring.devtools.add-properties' to 'false' to disable
[INFO ] 2020-07-28 17:17:31 [main] o.s.b.d.e.DevToolsPropertyDefaultsPostProcessor - For additional web related logging consider setting the 'logging.level.web' property to 'DEBUG'
[INFO ] 2020-07-28 17:17:31 [main] o.s.b.w.e.tomcat.TomcatWebServer - Tomcat initialized with port(s): 10001 (http)
[INFO ] 2020-07-28 17:17:31 [main] o.a.coyote.http11.Http11NioProtocol - Initializing ProtocolHandler ["http-nio-10001"]
[INFO ] 2020-07-28 17:17:31 [main] o.a.catalina.core.StandardService - Starting service [Tomcat]
[INFO ] 2020-07-28 17:17:31 [main] o.a.catalina.core.StandardEngine - Starting Servlet engine: [Apache Tomcat/9.0.16]
[INFO ] 2020-07-28 17:17:31 [main] o.a.c.core.AprLifecycleListener - The APR based Apache Tomcat Native library which allows optimal performance in production environments was not found on the java.library.path: [C:\Program Files\Java\jdk1.8.0_241\bin;C:\Windows\Sun\Java\bin;C:\Windows\system32;C:\Windows;C:\Program Files (x86)\Common Files\Oracle\Java\javapath;D:\SmartDepServer;C:\Windows\system32;C:\Windows;C:\Windows\System32\Wbem;C:\Windows\System32\WindowsPowerShell\v1.0\;C:\Windows\System32\OpenSSH\;C:\Program Files\Java\jdk1.8.0_241\bin;C:\Program Files\Java\jdk1.8.0_241\jre\bin;D:\gradle-4.10\bin;D:\apache-maven-3.5.0\bin;C:\Program Files\Git\cmd;C:\Program Files\MySQL\MySQL Shell 8.0\bin\;C:\Users\Administrator\AppData\Local\Microsoft\WindowsApps;;.]
[INFO ] 2020-07-28 17:17:31 [main] o.a.c.c.C.[Tomcat].[localhost].[/] - Initializing Spring embedded WebApplicationContext
[INFO ] 2020-07-28 17:17:31 [main] o.s.web.context.ContextLoader - Root WebApplicationContext: initialization completed in 2103 ms
[INFO ] 2020-07-28 17:17:31 [main] o.s.b.web.servlet.RegistrationBean - Servlet statViewServlet was not registered (possibly already registered?)
[INFO ] 2020-07-28 17:17:31 [main] o.s.b.web.servlet.RegistrationBean - Filter webStatFilter was not registered (possibly already registered?)
[INFO ] 2020-07-28 17:17:31 [main] o.s.b.d.a.OptionalLiveReloadServer - LiveReload server is running on port 35729
[INFO ] 2020-07-28 17:17:31 [main] o.a.coyote.http11.Http11NioProtocol - Starting ProtocolHandler ["http-nio-10001"]
[INFO ] 2020-07-28 17:17:31 [main] o.s.b.w.e.tomcat.TomcatWebServer - Tomcat started on port(s): 10001 (http) with context path ''
[INFO ] 2020-07-28 17:17:31 [main] c.kingdee.inte.teamwork.Application - Started Application in 4.495 seconds (JVM running for 7.417)
[INFO ] 2020-07-28 17:17:31 [http-nio-10001-exec-1] o.a.c.c.C.[Tomcat].[localhost].[/] - Initializing Spring DispatcherServlet 'dispatcherServlet'
[INFO ] 2020-07-28 17:17:31 [http-nio-10001-exec-1] o.s.web.servlet.DispatcherServlet - Initializing Servlet 'dispatcherServlet'
[INFO ] 2020-07-28 17:17:31 [http-nio-10001-exec-1] o.s.web.servlet.DispatcherServlet - Completed initialization in 8 ms
[INFO ] 2020-07-28 17:17:31 [http-nio-10001-exec-2] c.k.i.t.service.impl.AddrServiceImpl -   Baidu
[INFO ] 2020-07-28 17:17:31 [http-nio-10001-exec-4] c.k.i.t.service.impl.AddrServiceImpl -   Baidu
[INFO ] 2020-07-28 17:17:31 [http-nio-10001-exec-7] c.k.i.t.service.impl.AddrServiceImpl -   Baidu
[INFO ] 2020-07-28 17:17:31 [http-nio-10001-exec-9] c.k.i.t.service.impl.AddrServiceImpl -   Baidu
[INFO ] 2020-07-28 17:17:31 [http-nio-10001-exec-7] c.k.i.t.service.impl.AddrServiceImpl -   Baidu
[INFO ] 2020-07-28 17:17:31 [http-nio-10001-exec-6] c.k.i.t.service.impl.AddrServiceImpl -   Baidu
[INFO ] 2020-07-28 17:17:31 [http-nio-10001-exec-9] c.k.i.t.service.impl.AddrServiceImpl -   Baidu
[INFO ] 2020-07-28 17:17:31 [http-nio-10001-exec-4] c.k.i.t.service.impl.AddrServiceImpl -   Baidu
[INFO ] 2020-07-28 17:17:31 [http-nio-10001-exec-8] c.k.i.t.service.impl.AddrServiceImpl -   Baidu
[INFO ] 2020-07-28 17:17:31 [http-nio-10001-exec-10] c.k.i.t.service.impl.AddrServiceImpl -   Baidu
[INFO ] 2020-07-28 17:17:31 [http-nio-10001-exec-10] c.k.i.t.service.impl.AddrServiceImpl -   Baidu
[INFO ] 2020-07-28 17:17:31 [http-nio-10001-exec-8] c.k.i.t.service.impl.AddrServiceImpl -   Baidu
[INFO ] 2020-07-28 18:15:52 [main] c.kingdee.inte.teamwork.Application - Starting Application on ZBTS2003-04194 with PID 83776 (E:\ideaWorkspace\teamwork\target\classes started by Administrator in E:\ideaWorkspace\teamwork)
[INFO ] 2020-07-28 18:15:52 [main] c.kingdee.inte.teamwork.Application - The following profiles are active: dev
[INFO ] 2020-07-28 18:15:52 [main] o.s.b.d.e.DevToolsPropertyDefaultsPostProcessor - Devtools property defaults active! Set 'spring.devtools.add-properties' to 'false' to disable
[INFO ] 2020-07-28 18:15:52 [main] o.s.b.d.e.DevToolsPropertyDefaultsPostProcessor - For additional web related logging consider setting the 'logging.level.web' property to 'DEBUG'
[INFO ] 2020-07-28 18:15:52 [main] o.s.b.w.e.tomcat.TomcatWebServer - Tomcat initialized with port(s): 10001 (http)
[INFO ] 2020-07-28 18:15:52 [main] o.a.coyote.http11.Http11NioProtocol - Initializing ProtocolHandler ["http-nio-10001"]
[INFO ] 2020-07-28 18:15:52 [main] o.a.catalina.core.StandardService - Starting service [Tomcat]
[INFO ] 2020-07-28 18:15:52 [main] o.a.catalina.core.StandardEngine - Starting Servlet engine: [Apache Tomcat/9.0.16]
[INFO ] 2020-07-28 18:15:52 [main] o.a.c.core.AprLifecycleListener - The APR based Apache Tomcat Native library which allows optimal performance in production environments was not found on the java.library.path: [C:\Program Files\Java\jdk1.8.0_241\bin;C:\Windows\Sun\Java\bin;C:\Windows\system32;C:\Windows;C:\Program Files (x86)\Common Files\Oracle\Java\javapath;D:\SmartDepServer;C:\Windows\system32;C:\Windows;C:\Windows\System32\Wbem;C:\Windows\System32\WindowsPowerShell\v1.0\;C:\Windows\System32\OpenSSH\;C:\Program Files\Java\jdk1.8.0_241\bin;C:\Program Files\Java\jdk1.8.0_241\jre\bin;D:\gradle-4.10\bin;D:\apache-maven-3.5.0\bin;C:\Program Files\Git\cmd;C:\Program Files\MySQL\MySQL Shell 8.0\bin\;C:\Users\Administrator\AppData\Local\Microsoft\WindowsApps;;.]
[INFO ] 2020-07-28 18:15:52 [main] o.a.c.c.C.[Tomcat].[localhost].[/] - Initializing Spring embedded WebApplicationContext
[INFO ] 2020-07-28 18:15:52 [main] o.s.web.context.ContextLoader - Root WebApplicationContext: initialization completed in 2045 ms
[INFO ] 2020-07-28 18:15:52 [main] o.s.b.web.servlet.RegistrationBean - Servlet statViewServlet was not registered (possibly already registered?)
[INFO ] 2020-07-28 18:15:52 [main] o.s.b.web.servlet.RegistrationBean - Filter webStatFilter was not registered (possibly already registered?)
[INFO ] 2020-07-28 18:15:52 [main] o.s.b.d.a.OptionalLiveReloadServer - LiveReload server is running on port 35729
[INFO ] 2020-07-28 18:15:52 [main] o.a.coyote.http11.Http11NioProtocol - Starting ProtocolHandler ["http-nio-10001"]
[INFO ] 2020-07-28 18:15:52 [main] o.s.b.w.e.tomcat.TomcatWebServer - Tomcat started on port(s): 10001 (http) with context path ''
[INFO ] 2020-07-28 18:15:52 [main] c.kingdee.inte.teamwork.Application - Started Application in 4.235 seconds (JVM running for 7.382)
[INFO ] 2020-07-28 18:15:52 [http-nio-10001-exec-1] o.a.c.c.C.[Tomcat].[localhost].[/] - Initializing Spring DispatcherServlet 'dispatcherServlet'
[INFO ] 2020-07-28 18:15:52 [http-nio-10001-exec-1] o.s.web.servlet.DispatcherServlet - Initializing Servlet 'dispatcherServlet'
[INFO ] 2020-07-28 18:15:52 [http-nio-10001-exec-1] o.s.web.servlet.DispatcherServlet - Completed initialization in 7 ms
[INFO ] 2020-07-28 18:15:52 [http-nio-10001-exec-7] c.k.i.t.service.impl.AddrServiceImpl -   Baidu
[INFO ] 2020-07-28 18:15:52 [http-nio-10001-exec-2] c.k.i.t.service.impl.AddrServiceImpl -   Baidu
[INFO ] 2020-07-28 18:20:00 [main] c.kingdee.inte.teamwork.Application - Starting Application on ZBTS2003-04194 with PID 84056 (E:\ideaWorkspace\teamwork\target\classes started by Administrator in E:\ideaWorkspace\teamwork)
[INFO ] 2020-07-28 18:20:00 [main] c.kingdee.inte.teamwork.Application - The following profiles are active: dev
[INFO ] 2020-07-28 18:20:00 [main] o.s.b.d.e.DevToolsPropertyDefaultsPostProcessor - Devtools property defaults active! Set 'spring.devtools.add-properties' to 'false' to disable
[INFO ] 2020-07-28 18:20:00 [main] o.s.b.d.e.DevToolsPropertyDefaultsPostProcessor - For additional web related logging consider setting the 'logging.level.web' property to 'DEBUG'
[INFO ] 2020-07-28 18:20:00 [main] o.s.b.w.e.tomcat.TomcatWebServer - Tomcat initialized with port(s): 10001 (http)
[INFO ] 2020-07-28 18:20:00 [main] o.a.coyote.http11.Http11NioProtocol - Initializing ProtocolHandler ["http-nio-10001"]
[INFO ] 2020-07-28 18:20:00 [main] o.a.catalina.core.StandardService - Starting service [Tomcat]
[INFO ] 2020-07-28 18:20:00 [main] o.a.catalina.core.StandardEngine - Starting Servlet engine: [Apache Tomcat/9.0.16]
[INFO ] 2020-07-28 18:20:00 [main] o.a.c.core.AprLifecycleListener - The APR based Apache Tomcat Native library which allows optimal performance in production environments was not found on the java.library.path: [C:\Program Files\Java\jdk1.8.0_241\bin;C:\Windows\Sun\Java\bin;C:\Windows\system32;C:\Windows;C:\Program Files (x86)\Common Files\Oracle\Java\javapath;D:\SmartDepServer;C:\Windows\system32;C:\Windows;C:\Windows\System32\Wbem;C:\Windows\System32\WindowsPowerShell\v1.0\;C:\Windows\System32\OpenSSH\;C:\Program Files\Java\jdk1.8.0_241\bin;C:\Program Files\Java\jdk1.8.0_241\jre\bin;D:\gradle-4.10\bin;D:\apache-maven-3.5.0\bin;C:\Program Files\Git\cmd;C:\Program Files\MySQL\MySQL Shell 8.0\bin\;C:\Users\Administrator\AppData\Local\Microsoft\WindowsApps;;.]
[INFO ] 2020-07-28 18:20:00 [main] o.a.c.c.C.[Tomcat].[localhost].[/] - Initializing Spring embedded WebApplicationContext
[INFO ] 2020-07-28 18:20:00 [main] o.s.web.context.ContextLoader - Root WebApplicationContext: initialization completed in 2235 ms
[INFO ] 2020-07-28 18:20:00 [main] o.s.b.web.servlet.RegistrationBean - Servlet statViewServlet was not registered (possibly already registered?)
[INFO ] 2020-07-28 18:20:00 [main] o.s.b.web.servlet.RegistrationBean - Filter webStatFilter was not registered (possibly already registered?)
[INFO ] 2020-07-28 18:20:00 [main] o.s.b.d.a.OptionalLiveReloadServer - LiveReload server is running on port 35729
[INFO ] 2020-07-28 18:20:00 [main] o.a.coyote.http11.Http11NioProtocol - Starting ProtocolHandler ["http-nio-10001"]
[INFO ] 2020-07-28 18:20:00 [main] o.s.b.w.e.tomcat.TomcatWebServer - Tomcat started on port(s): 10001 (http) with context path ''
[INFO ] 2020-07-28 18:20:00 [main] c.kingdee.inte.teamwork.Application - Started Application in 4.619 seconds (JVM running for 7.267)
[INFO ] 2020-07-28 18:20:00 [http-nio-10001-exec-2] o.a.c.c.C.[Tomcat].[localhost].[/] - Initializing Spring DispatcherServlet 'dispatcherServlet'
[INFO ] 2020-07-28 18:20:00 [http-nio-10001-exec-2] o.s.web.servlet.DispatcherServlet - Initializing Servlet 'dispatcherServlet'
[INFO ] 2020-07-28 18:20:00 [http-nio-10001-exec-2] o.s.web.servlet.DispatcherServlet - Completed initialization in 10 ms
[INFO ] 2020-07-28 18:20:00 [http-nio-10001-exec-2] c.k.i.t.service.impl.AddrServiceImpl -   Baidu
[INFO ] 2020-07-28 18:20:00 [http-nio-10001-exec-5] c.k.i.t.service.impl.AddrServiceImpl -   Baidu
[INFO ] 2020-07-28 18:20:00 [http-nio-10001-exec-7] c.k.i.t.service.impl.AddrServiceImpl -   Baidu
[INFO ] 2020-07-28 18:20:00 [http-nio-10001-exec-5] c.k.i.t.service.impl.AddrServiceImpl -   Baidu
[INFO ] 2020-07-28 18:20:00 [http-nio-10001-exec-7] c.k.i.t.service.impl.AddrServiceImpl -  null Baidu
[INFO ] 2020-07-28 18:22:56 [main] c.kingdee.inte.teamwork.Application - Starting Application on ZBTS2003-04194 with PID 82836 (E:\ideaWorkspace\teamwork\target\classes started by Administrator in E:\ideaWorkspace\teamwork)
[INFO ] 2020-07-28 18:22:56 [main] c.kingdee.inte.teamwork.Application - The following profiles are active: dev
[INFO ] 2020-07-28 18:22:56 [main] o.s.b.d.e.DevToolsPropertyDefaultsPostProcessor - Devtools property defaults active! Set 'spring.devtools.add-properties' to 'false' to disable
[INFO ] 2020-07-28 18:22:56 [main] o.s.b.d.e.DevToolsPropertyDefaultsPostProcessor - For additional web related logging consider setting the 'logging.level.web' property to 'DEBUG'
[INFO ] 2020-07-28 18:22:56 [main] o.s.b.w.e.tomcat.TomcatWebServer - Tomcat initialized with port(s): 10001 (http)
[INFO ] 2020-07-28 18:22:56 [main] o.a.coyote.http11.Http11NioProtocol - Initializing ProtocolHandler ["http-nio-10001"]
[INFO ] 2020-07-28 18:22:56 [main] o.a.catalina.core.StandardService - Starting service [Tomcat]
[INFO ] 2020-07-28 18:22:56 [main] o.a.catalina.core.StandardEngine - Starting Servlet engine: [Apache Tomcat/9.0.16]
[INFO ] 2020-07-28 18:22:56 [main] o.a.c.core.AprLifecycleListener - The APR based Apache Tomcat Native library which allows optimal performance in production environments was not found on the java.library.path: [C:\Program Files\Java\jdk1.8.0_241\bin;C:\Windows\Sun\Java\bin;C:\Windows\system32;C:\Windows;C:\Program Files (x86)\Common Files\Oracle\Java\javapath;D:\SmartDepServer;C:\Windows\system32;C:\Windows;C:\Windows\System32\Wbem;C:\Windows\System32\WindowsPowerShell\v1.0\;C:\Windows\System32\OpenSSH\;C:\Program Files\Java\jdk1.8.0_241\bin;C:\Program Files\Java\jdk1.8.0_241\jre\bin;D:\gradle-4.10\bin;D:\apache-maven-3.5.0\bin;C:\Program Files\Git\cmd;C:\Program Files\MySQL\MySQL Shell 8.0\bin\;C:\Users\Administrator\AppData\Local\Microsoft\WindowsApps;;.]
[INFO ] 2020-07-28 18:22:56 [main] o.a.c.c.C.[Tomcat].[localhost].[/] - Initializing Spring embedded WebApplicationContext
[INFO ] 2020-07-28 18:22:56 [main] o.s.web.context.ContextLoader - Root WebApplicationContext: initialization completed in 2528 ms
[INFO ] 2020-07-28 18:22:56 [main] o.s.b.web.servlet.RegistrationBean - Servlet statViewServlet was not registered (possibly already registered?)
[INFO ] 2020-07-28 18:22:56 [main] o.s.b.web.servlet.RegistrationBean - Filter webStatFilter was not registered (possibly already registered?)
[INFO ] 2020-07-28 18:22:56 [main] o.s.b.d.a.OptionalLiveReloadServer - LiveReload server is running on port 35729
[INFO ] 2020-07-28 18:22:56 [main] o.a.coyote.http11.Http11NioProtocol - Starting ProtocolHandler ["http-nio-10001"]
[INFO ] 2020-07-28 18:22:56 [main] o.s.b.w.e.tomcat.TomcatWebServer - Tomcat started on port(s): 10001 (http) with context path ''
[INFO ] 2020-07-28 18:22:56 [main] c.kingdee.inte.teamwork.Application - Started Application in 4.877 seconds (JVM running for 7.824)
[INFO ] 2020-07-28 18:22:56 [http-nio-10001-exec-1] o.a.c.c.C.[Tomcat].[localhost].[/] - Initializing Spring DispatcherServlet 'dispatcherServlet'
[INFO ] 2020-07-28 18:22:56 [http-nio-10001-exec-1] o.s.web.servlet.DispatcherServlet - Initializing Servlet 'dispatcherServlet'
[INFO ] 2020-07-28 18:22:56 [http-nio-10001-exec-1] o.s.web.servlet.DispatcherServlet - Completed initialization in 13 ms
[INFO ] 2020-07-28 18:22:56 [http-nio-10001-exec-4] c.k.i.t.service.impl.AddrServiceImpl -  null Baidu
[INFO ] 2020-07-28 18:25:44 [main] c.kingdee.inte.teamwork.Application - Starting Application on ZBTS2003-04194 with PID 82288 (E:\ideaWorkspace\teamwork\target\classes started by Administrator in E:\ideaWorkspace\teamwork)
[INFO ] 2020-07-28 18:25:44 [main] c.kingdee.inte.teamwork.Application - The following profiles are active: dev
[INFO ] 2020-07-28 18:25:44 [main] o.s.b.d.e.DevToolsPropertyDefaultsPostProcessor - Devtools property defaults active! Set 'spring.devtools.add-properties' to 'false' to disable
[INFO ] 2020-07-28 18:25:44 [main] o.s.b.d.e.DevToolsPropertyDefaultsPostProcessor - For additional web related logging consider setting the 'logging.level.web' property to 'DEBUG'
[INFO ] 2020-07-28 18:25:44 [main] o.s.b.w.e.tomcat.TomcatWebServer - Tomcat initialized with port(s): 10001 (http)
[INFO ] 2020-07-28 18:25:44 [main] o.a.coyote.http11.Http11NioProtocol - Initializing ProtocolHandler ["http-nio-10001"]
[INFO ] 2020-07-28 18:25:44 [main] o.a.catalina.core.StandardService - Starting service [Tomcat]
[INFO ] 2020-07-28 18:25:44 [main] o.a.catalina.core.StandardEngine - Starting Servlet engine: [Apache Tomcat/9.0.16]
[INFO ] 2020-07-28 18:25:44 [main] o.a.c.core.AprLifecycleListener - The APR based Apache Tomcat Native library which allows optimal performance in production environments was not found on the java.library.path: [C:\Program Files\Java\jdk1.8.0_241\bin;C:\Windows\Sun\Java\bin;C:\Windows\system32;C:\Windows;C:\Program Files (x86)\Common Files\Oracle\Java\javapath;D:\SmartDepServer;C:\Windows\system32;C:\Windows;C:\Windows\System32\Wbem;C:\Windows\System32\WindowsPowerShell\v1.0\;C:\Windows\System32\OpenSSH\;C:\Program Files\Java\jdk1.8.0_241\bin;C:\Program Files\Java\jdk1.8.0_241\jre\bin;D:\gradle-4.10\bin;D:\apache-maven-3.5.0\bin;C:\Program Files\Git\cmd;C:\Program Files\MySQL\MySQL Shell 8.0\bin\;C:\Users\Administrator\AppData\Local\Microsoft\WindowsApps;;.]
[INFO ] 2020-07-28 18:25:44 [main] o.a.c.c.C.[Tomcat].[localhost].[/] - Initializing Spring embedded WebApplicationContext
[INFO ] 2020-07-28 18:25:44 [main] o.s.web.context.ContextLoader - Root WebApplicationContext: initialization completed in 1980 ms
[INFO ] 2020-07-28 18:25:44 [main] o.s.b.web.servlet.RegistrationBean - Servlet statViewServlet was not registered (possibly already registered?)
[INFO ] 2020-07-28 18:25:44 [main] o.s.b.web.servlet.RegistrationBean - Filter webStatFilter was not registered (possibly already registered?)
[INFO ] 2020-07-28 18:25:44 [main] o.s.b.d.a.OptionalLiveReloadServer - LiveReload server is running on port 35729
[INFO ] 2020-07-28 18:25:44 [main] o.a.coyote.http11.Http11NioProtocol - Starting ProtocolHandler ["http-nio-10001"]
[INFO ] 2020-07-28 18:25:44 [main] o.s.b.w.e.tomcat.TomcatWebServer - Tomcat started on port(s): 10001 (http) with context path ''
[INFO ] 2020-07-28 18:25:44 [main] c.kingdee.inte.teamwork.Application - Started Application in 4.246 seconds (JVM running for 7.464)
[INFO ] 2020-07-28 18:25:44 [http-nio-10001-exec-1] o.a.c.c.C.[Tomcat].[localhost].[/] - Initializing Spring DispatcherServlet 'dispatcherServlet'
[INFO ] 2020-07-28 18:25:44 [http-nio-10001-exec-1] o.s.web.servlet.DispatcherServlet - Initializing Servlet 'dispatcherServlet'
[INFO ] 2020-07-28 18:25:44 [http-nio-10001-exec-1] o.s.web.servlet.DispatcherServlet - Completed initialization in 12 ms
[INFO ] 2020-07-28 18:25:44 [http-nio-10001-exec-3] c.k.i.t.service.impl.AddrServiceImpl -   Baidu
[INFO ] 2020-07-28 18:25:44 [http-nio-10001-exec-6] c.k.i.t.service.impl.AddrServiceImpl -  39.910924547299565,116.4133836971231 Baidu
[INFO ] 2020-07-28 18:25:44 [http-nio-10001-exec-4] c.k.i.t.service.impl.AddrServiceImpl -   Baidu
[INFO ] 2020-07-28 18:25:44 [http-nio-10001-exec-8] c.k.i.t.service.impl.AddrServiceImpl -   Baidu
[INFO ] 2020-07-28 18:25:44 [http-nio-10001-exec-7] c.k.i.t.service.impl.AddrServiceImpl -  39.13236744675347,117.228277857447 Baidu
[INFO ] 2020-07-28 18:25:44 [http-nio-10001-exec-9] c.k.i.t.service.impl.AddrServiceImpl -   Baidu
[INFO ] 2020-07-28 18:25:44 [http-nio-10001-exec-10] c.k.i.t.service.impl.AddrServiceImpl -  22.548456637984177,114.06455183658751 Baidu
[INFO ] 2020-07-28 18:25:44 [http-nio-10001-exec-2] c.k.i.t.service.impl.AddrServiceImpl -   Baidu
[INFO ] 2020-07-28 18:25:44 [http-nio-10001-exec-3] c.k.i.t.service.impl.AddrServiceImpl -  22.666735989060406,114.06455183658751 Baidu
[INFO ] 2020-07-28 18:25:44 [http-nio-10001-exec-6] c.k.i.t.service.impl.AddrServiceImpl -  22.666735989060406,114.06455183658751 Baidu
[INFO ] 2020-07-28 18:25:44 [http-nio-10001-exec-5] c.k.i.t.service.impl.AddrServiceImpl -   Baidu
[INFO ] 2020-07-28 18:25:44 [http-nio-10001-exec-4] c.k.i.t.service.impl.AddrServiceImpl -   Baidu
[INFO ] 2020-07-28 18:25:44 [http-nio-10001-exec-8] c.k.i.t.service.impl.AddrServiceImpl -  31.1552417046698,121.12576127359085 Baidu
[INFO ] 2020-07-28 18:25:44 [http-nio-10001-exec-7] c.k.i.t.service.impl.AddrServiceImpl -   Baidu
[INFO ] 2020-07-28 18:25:44 [http-nio-10001-exec-9] c.k.i.t.service.impl.AddrServiceImpl -  39.13236744675347,117.228277857447 Baidu
[INFO ] 2020-07-28 18:25:44 [http-nio-10001-exec-10] c.k.i.t.service.impl.AddrServiceImpl -   Baidu
[INFO ] 2020-07-28 18:25:44 [http-nio-10001-exec-1] c.k.i.t.service.impl.AddrServiceImpl -  40.16789551059271,116.67165731090789 Baidu
